<?xml version="1.0" encoding="UTF-8"?>
<coverage generated="1683371987855" clover="3.2.0">
  <project timestamp="1683371987855" name="All files">
    <metrics statements="1376" coveredstatements="473" conditionals="684" coveredconditionals="138" methods="96" coveredmethods="39" elements="2156" coveredelements="650" complexity="0" loc="1376" ncloc="1376" packages="1" files="1" classes="1"/>
    <file name="medcodelogic.js" path="/home/oli/Documents/uni/Informatik/PSE/gitPSE/mcl-editor/src/Peggy/medcodelogic.js">
      <metrics statements="1376" coveredstatements="473" conditionals="684" coveredconditionals="138" methods="96" coveredmethods="39"/>
      <line num="11" count="1" type="stmt"/>
      <line num="12" count="1" type="stmt"/>
      <line num="18" count="0" type="stmt"/>
      <line num="20" count="0" type="stmt"/>
      <line num="22" count="0" type="cond" truecount="0" falsecount="2"/>
      <line num="24" count="0" type="stmt"/>
      <line num="34" count="0" type="stmt"/>
      <line num="36" count="0" type="stmt"/>
      <line num="38" count="0" type="cond" truecount="0" falsecount="4"/>
      <line num="40" count="0" type="stmt"/>
      <line num="44" count="18" type="stmt"/>
      <line num="46" count="18" type="stmt"/>
      <line num="48" count="1667" type="cond" truecount="4" falsecount="0"/>
      <line num="50" count="9" type="stmt"/>
      <line num="54" count="8" type="stmt"/>
      <line num="56" count="8" type="stmt"/>
      <line num="58" count="1432" type="cond" truecount="3" falsecount="1"/>
      <line num="60" count="8" type="stmt"/>
      <line num="64" count="0" type="stmt"/>
      <line num="66" count="0" type="stmt"/>
      <line num="68" count="0" type="cond" truecount="0" falsecount="4"/>
      <line num="69" count="0" type="stmt"/>
      <line num="72" count="0" type="stmt"/>
      <line num="81" count="1" type="stmt"/>
      <line num="82" count="235" type="stmt"/>
      <line num="83" count="235" type="stmt"/>
      <line num="84" count="447" type="cond" truecount="2" falsecount="0"/>
      <line num="85" count="192" type="stmt"/>
      <line num="87" count="255" type="stmt"/>
      <line num="90" count="235" type="stmt"/>
      <line num="94" count="1" type="stmt"/>
      <line num="95" count="1" type="stmt"/>
      <line num="96" count="1" type="stmt"/>
      <line num="100" count="0" type="stmt"/>
      <line num="105" count="0" type="stmt"/>
      <line num="106" count="0" type="stmt"/>
      <line num="107" count="0" type="stmt"/>
      <line num="108" count="0" type="stmt"/>
      <line num="109" count="0" type="stmt"/>
      <line num="112" count="1" type="stmt"/>
      <line num="115" count="0" type="cond" truecount="0" falsecount="2"/>
      <line num="116" count="0" type="cond" truecount="0" falsecount="2"/>
      <line num="117" count="0" type="stmt"/>
      <line num="118" count="0" type="stmt"/>
      <line num="119" count="0" type="stmt"/>
      <line num="122" count="1" type="stmt"/>
      <line num="123" count="0" type="stmt"/>
      <line num="124" count="0" type="cond" truecount="0" falsecount="2"/>
      <line num="125" count="0" type="stmt"/>
      <line num="127" count="0" type="stmt"/>
      <line num="128" count="0" type="cond" truecount="0" falsecount="2"/>
      <line num="129" count="0" type="stmt"/>
      <line num="130" count="0" type="stmt"/>
      <line num="133" count="0" type="stmt"/>
      <line num="134" count="0" type="cond" truecount="0" falsecount="4"/>
      <line num="137" count="0" type="stmt"/>
      <line num="138" count="0" type="cond" truecount="0" falsecount="2"/>
      <line num="139" count="0" type="stmt"/>
      <line num="140" count="0" type="stmt"/>
      <line num="141" count="0" type="stmt"/>
      <line num="142" count="0" type="cond" truecount="0" falsecount="2"/>
      <line num="143" count="0" type="cond" truecount="0" falsecount="2"/>
      <line num="144" count="0" type="stmt"/>
      <line num="150" count="0" type="stmt"/>
      <line num="153" count="0" type="stmt"/>
      <line num="156" count="1" type="stmt"/>
      <line num="157" count="0" type="stmt"/>
      <line num="159" count="0" type="stmt"/>
      <line num="163" count="0" type="stmt"/>
      <line num="164" count="0" type="cond" truecount="0" falsecount="2"/>
      <line num="169" count="0" type="cond" truecount="0" falsecount="2"/>
      <line num="173" count="0" type="stmt"/>
      <line num="177" count="0" type="stmt"/>
      <line num="181" count="0" type="stmt"/>
      <line num="186" count="0" type="stmt"/>
      <line num="190" count="0" type="stmt"/>
      <line num="197" count="0" type="stmt"/>
      <line num="198" count="0" type="stmt"/>
      <line num="202" count="0" type="stmt"/>
      <line num="211" count="0" type="stmt"/>
      <line num="212" count="0" type="stmt"/>
      <line num="216" count="0" type="stmt"/>
      <line num="220" count="0" type="stmt"/>
      <line num="223" count="0" type="stmt"/>
      <line num="225" count="0" type="cond" truecount="0" falsecount="2"/>
      <line num="226" count="0" type="stmt"/>
      <line num="227" count="0" type="cond" truecount="0" falsecount="2"/>
      <line num="228" count="0" type="stmt"/>
      <line num="229" count="0" type="stmt"/>
      <line num="232" count="0" type="stmt"/>
      <line num="235" count="0" type="cond" truecount="0" falsecount="3"/>
      <line num="237" count="0" type="stmt"/>
      <line num="240" count="0" type="stmt"/>
      <line num="243" count="0" type="stmt"/>
      <line num="250" count="0" type="cond" truecount="0" falsecount="2"/>
      <line num="253" count="0" type="stmt"/>
      <line num="257" count="6" type="cond" truecount="1" falsecount="1"/>
      <line num="259" count="6" type="stmt"/>
      <line num="260" count="6" type="stmt"/>
      <line num="262" count="6" type="stmt"/>
      <line num="263" count="6" type="stmt"/>
      <line num="265" count="6" type="stmt"/>
      <line num="266" count="6" type="stmt"/>
      <line num="267" count="6" type="stmt"/>
      <line num="268" count="6" type="stmt"/>
      <line num="269" count="6" type="stmt"/>
      <line num="270" count="6" type="stmt"/>
      <line num="271" count="6" type="stmt"/>
      <line num="272" count="6" type="stmt"/>
      <line num="273" count="6" type="stmt"/>
      <line num="274" count="6" type="stmt"/>
      <line num="275" count="6" type="stmt"/>
      <line num="276" count="6" type="stmt"/>
      <line num="277" count="6" type="stmt"/>
      <line num="278" count="6" type="stmt"/>
      <line num="279" count="6" type="stmt"/>
      <line num="280" count="6" type="stmt"/>
      <line num="281" count="6" type="stmt"/>
      <line num="282" count="6" type="stmt"/>
      <line num="283" count="6" type="stmt"/>
      <line num="284" count="6" type="stmt"/>
      <line num="285" count="6" type="stmt"/>
      <line num="286" count="6" type="stmt"/>
      <line num="287" count="6" type="stmt"/>
      <line num="288" count="6" type="stmt"/>
      <line num="289" count="6" type="stmt"/>
      <line num="290" count="6" type="stmt"/>
      <line num="291" count="6" type="stmt"/>
      <line num="292" count="6" type="stmt"/>
      <line num="294" count="6" type="stmt"/>
      <line num="295" count="6" type="stmt"/>
      <line num="296" count="6" type="stmt"/>
      <line num="297" count="6" type="stmt"/>
      <line num="298" count="6" type="stmt"/>
      <line num="299" count="6" type="stmt"/>
      <line num="300" count="6" type="stmt"/>
      <line num="301" count="6" type="stmt"/>
      <line num="302" count="6" type="stmt"/>
      <line num="303" count="6" type="stmt"/>
      <line num="304" count="6" type="stmt"/>
      <line num="305" count="6" type="stmt"/>
      <line num="306" count="6" type="stmt"/>
      <line num="308" count="6" type="stmt"/>
      <line num="309" count="6" type="stmt"/>
      <line num="310" count="6" type="stmt"/>
      <line num="311" count="6" type="stmt"/>
      <line num="312" count="6" type="stmt"/>
      <line num="313" count="6" type="stmt"/>
      <line num="314" count="6" type="stmt"/>
      <line num="315" count="6" type="stmt"/>
      <line num="316" count="6" type="stmt"/>
      <line num="317" count="6" type="stmt"/>
      <line num="318" count="6" type="stmt"/>
      <line num="319" count="6" type="stmt"/>
      <line num="320" count="6" type="stmt"/>
      <line num="321" count="6" type="stmt"/>
      <line num="322" count="6" type="stmt"/>
      <line num="323" count="6" type="stmt"/>
      <line num="324" count="6" type="stmt"/>
      <line num="325" count="6" type="stmt"/>
      <line num="326" count="6" type="stmt"/>
      <line num="327" count="6" type="stmt"/>
      <line num="328" count="6" type="stmt"/>
      <line num="329" count="6" type="stmt"/>
      <line num="330" count="6" type="stmt"/>
      <line num="331" count="6" type="stmt"/>
      <line num="332" count="6" type="stmt"/>
      <line num="333" count="6" type="stmt"/>
      <line num="334" count="6" type="stmt"/>
      <line num="335" count="6" type="stmt"/>
      <line num="336" count="6" type="stmt"/>
      <line num="337" count="6" type="stmt"/>
      <line num="338" count="6" type="stmt"/>
      <line num="339" count="6" type="stmt"/>
      <line num="340" count="6" type="stmt"/>
      <line num="341" count="6" type="stmt"/>
      <line num="342" count="6" type="stmt"/>
      <line num="343" count="6" type="stmt"/>
      <line num="344" count="6" type="stmt"/>
      <line num="345" count="6" type="stmt"/>
      <line num="346" count="6" type="stmt"/>
      <line num="347" count="6" type="stmt"/>
      <line num="348" count="6" type="stmt"/>
      <line num="350" count="6" type="stmt"/>
      <line num="351" count="6" type="stmt"/>
      <line num="352" count="6" type="stmt"/>
      <line num="353" count="18" type="stmt"/>
      <line num="354" count="9" type="stmt"/>
      <line num="355" count="8" type="stmt"/>
      <line num="356" count="6" type="stmt"/>
      <line num="357" count="6" type="stmt"/>
      <line num="358" count="6" type="stmt"/>
      <line num="359" count="6" type="stmt"/>
      <line num="360" count="6" type="stmt"/>
      <line num="361" count="6" type="stmt"/>
      <line num="362" count="6" type="stmt"/>
      <line num="363" count="6" type="stmt"/>
      <line num="364" count="6" type="stmt"/>
      <line num="365" count="6" type="stmt"/>
      <line num="366" count="6" type="stmt"/>
      <line num="367" count="6" type="stmt"/>
      <line num="371" count="6" type="cond" truecount="1" falsecount="1"/>
      <line num="372" count="0" type="cond" truecount="0" falsecount="2"/>
      <line num="373" count="0" type="stmt"/>
      <line num="376" count="0" type="stmt"/>
      <line num="380" count="0" type="stmt"/>
      <line num="384" count="0" type="stmt"/>
      <line num="388" count="0" type="stmt"/>
      <line num="396" count="0" type="stmt"/>
      <line num="400" count="0" type="cond" truecount="0" falsecount="2"/>
      <line num="404" count="0" type="stmt"/>
      <line num="412" count="0" type="cond" truecount="0" falsecount="2"/>
      <line num="416" count="0" type="stmt"/>
      <line num="420" count="168" type="stmt"/>
      <line num="424" count="78" type="stmt"/>
      <line num="428" count="0" type="stmt"/>
      <line num="432" count="0" type="stmt"/>
      <line num="436" count="0" type="stmt"/>
      <line num="440" count="0" type="stmt"/>
      <line num="443" count="0" type="cond" truecount="0" falsecount="2"/>
      <line num="444" count="0" type="stmt"/>
      <line num="446" count="0" type="stmt"/>
      <line num="447" count="0" type="stmt"/>
      <line num="448" count="0" type="stmt"/>
      <line num="451" count="0" type="stmt"/>
      <line num="452" count="0" type="stmt"/>
      <line num="457" count="0" type="stmt"/>
      <line num="458" count="0" type="cond" truecount="0" falsecount="2"/>
      <line num="459" count="0" type="stmt"/>
      <line num="460" count="0" type="stmt"/>
      <line num="462" count="0" type="stmt"/>
      <line num="465" count="0" type="stmt"/>
      <line num="468" count="0" type="stmt"/>
      <line num="470" count="0" type="stmt"/>
      <line num="475" count="0" type="stmt"/>
      <line num="476" count="0" type="stmt"/>
      <line num="478" count="0" type="stmt"/>
      <line num="491" count="0" type="cond" truecount="0" falsecount="5"/>
      <line num="492" count="0" type="stmt"/>
      <line num="493" count="0" type="stmt"/>
      <line num="495" count="0" type="stmt"/>
      <line num="499" count="282" type="cond" truecount="2" falsecount="0"/>
      <line num="501" count="275" type="cond" truecount="2" falsecount="0"/>
      <line num="502" count="44" type="stmt"/>
      <line num="503" count="44" type="stmt"/>
      <line num="506" count="275" type="stmt"/>
      <line num="510" count="0" type="stmt"/>
      <line num="514" count="0" type="stmt"/>
      <line num="525" count="6" type="stmt"/>
      <line num="526" count="6" type="stmt"/>
      <line num="527" count="6" type="cond" truecount="1" falsecount="1"/>
      <line num="528" count="6" type="stmt"/>
      <line num="529" count="6" type="stmt"/>
      <line num="531" count="6" type="stmt"/>
      <line num="533" count="6" type="stmt"/>
      <line num="539" count="6" type="stmt"/>
      <line num="540" count="6" type="stmt"/>
      <line num="541" count="6" type="cond" truecount="1" falsecount="1"/>
      <line num="542" count="6" type="stmt"/>
      <line num="543" count="6" type="stmt"/>
      <line num="544" count="6" type="stmt"/>
      <line num="545" count="6" type="stmt"/>
      <line num="546" count="3" type="stmt"/>
      <line num="547" count="3" type="stmt"/>
      <line num="549" count="6" type="stmt"/>
      <line num="550" count="6" type="stmt"/>
      <line num="551" count="6" type="stmt"/>
      <line num="553" count="0" type="stmt"/>
      <line num="554" count="0" type="stmt"/>
      <line num="557" count="6" type="stmt"/>
      <line num="563" count="9" type="stmt"/>
      <line num="564" count="9" type="cond" truecount="2" falsecount="0"/>
      <line num="565" count="1" type="stmt"/>
      <line num="566" count="1" type="stmt"/>
      <line num="568" count="8" type="stmt"/>
      <line num="569" count="8" type="cond" truecount="1" falsecount="1"/>
      <line num="571" count="9" type="cond" truecount="2" falsecount="0"/>
      <line num="572" count="8" type="cond" truecount="2" falsecount="0"/>
      <line num="573" count="2" type="stmt"/>
      <line num="574" count="2" type="stmt"/>
      <line num="576" count="6" type="stmt"/>
      <line num="577" count="6" type="cond" truecount="1" falsecount="1"/>
      <line num="580" count="9" type="cond" truecount="2" falsecount="0"/>
      <line num="581" count="3" type="stmt"/>
      <line num="582" count="3" type="stmt"/>
      <line num="583" count="3" type="cond" truecount="1" falsecount="1"/>
      <line num="584" count="3" type="stmt"/>
      <line num="585" count="3" type="stmt"/>
      <line num="586" count="3" type="stmt"/>
      <line num="588" count="0" type="stmt"/>
      <line num="589" count="0" type="stmt"/>
      <line num="592" count="6" type="stmt"/>
      <line num="593" count="6" type="stmt"/>
      <line num="596" count="9" type="stmt"/>
      <line num="602" count="9" type="stmt"/>
      <line num="603" count="9" type="stmt"/>
      <line num="604" count="9" type="cond" truecount="1" falsecount="1"/>
      <line num="605" count="0" type="stmt"/>
      <line num="606" count="0" type="cond" truecount="0" falsecount="2"/>
      <line num="607" count="0" type="stmt"/>
      <line num="608" count="0" type="cond" truecount="0" falsecount="2"/>
      <line num="609" count="0" type="stmt"/>
      <line num="610" count="0" type="cond" truecount="0" falsecount="2"/>
      <line num="611" count="0" type="stmt"/>
      <line num="612" count="0" type="cond" truecount="0" falsecount="2"/>
      <line num="613" count="0" type="stmt"/>
      <line num="619" count="9" type="cond" truecount="1" falsecount="1"/>
      <line num="620" count="9" type="stmt"/>
      <line num="621" count="9" type="stmt"/>
      <line num="622" count="9" type="stmt"/>
      <line num="624" count="0" type="stmt"/>
      <line num="625" count="0" type="stmt"/>
      <line num="628" count="9" type="stmt"/>
      <line num="634" count="9" type="stmt"/>
      <line num="635" count="9" type="stmt"/>
      <line num="636" count="9" type="stmt"/>
      <line num="637" count="9" type="cond" truecount="1" falsecount="1"/>
      <line num="638" count="9" type="stmt"/>
      <line num="639" count="9" type="cond" truecount="2" falsecount="0"/>
      <line num="640" count="1" type="stmt"/>
      <line num="641" count="1" type="cond" truecount="1" falsecount="1"/>
      <line num="642" count="1" type="stmt"/>
      <line num="646" count="9" type="cond" truecount="2" falsecount="0"/>
      <line num="647" count="8" type="stmt"/>
      <line num="648" count="8" type="stmt"/>
      <line num="649" count="8" type="stmt"/>
      <line num="651" count="1" type="stmt"/>
      <line num="652" count="1" type="stmt"/>
      <line num="654" count="9" type="cond" truecount="2" falsecount="0"/>
      <line num="655" count="1" type="stmt"/>
      <line num="656" count="1" type="stmt"/>
      <line num="657" count="1" type="cond" truecount="1" falsecount="1"/>
      <line num="658" count="1" type="stmt"/>
      <line num="659" count="1" type="cond" truecount="1" falsecount="1"/>
      <line num="660" count="0" type="stmt"/>
      <line num="661" count="0" type="cond" truecount="0" falsecount="2"/>
      <line num="662" count="0" type="stmt"/>
      <line num="665" count="1" type="cond" truecount="1" falsecount="1"/>
      <line num="666" count="1" type="stmt"/>
      <line num="667" count="1" type="cond" truecount="1" falsecount="1"/>
      <line num="668" count="1" type="stmt"/>
      <line num="669" count="1" type="stmt"/>
      <line num="671" count="0" type="stmt"/>
      <line num="672" count="0" type="stmt"/>
      <line num="675" count="0" type="stmt"/>
      <line num="676" count="0" type="stmt"/>
      <line num="679" count="0" type="stmt"/>
      <line num="680" count="0" type="stmt"/>
      <line num="683" count="9" type="cond" truecount="1" falsecount="1"/>
      <line num="684" count="9" type="stmt"/>
      <line num="685" count="9" type="stmt"/>
      <line num="686" count="9" type="stmt"/>
      <line num="688" count="0" type="stmt"/>
      <line num="689" count="0" type="stmt"/>
      <line num="692" count="9" type="stmt"/>
      <line num="698" count="0" type="stmt"/>
      <line num="699" count="0" type="stmt"/>
      <line num="700" count="0" type="cond" truecount="0" falsecount="2"/>
      <line num="701" count="0" type="stmt"/>
      <line num="702" count="0" type="stmt"/>
      <line num="703" count="0" type="stmt"/>
      <line num="704" count="0" type="cond" truecount="0" falsecount="2"/>
      <line num="705" count="0" type="stmt"/>
      <line num="706" count="0" type="stmt"/>
      <line num="708" count="0" type="stmt"/>
      <line num="709" count="0" type="cond" truecount="0" falsecount="2"/>
      <line num="711" count="0" type="cond" truecount="0" falsecount="2"/>
      <line num="712" count="0" type="cond" truecount="0" falsecount="2"/>
      <line num="713" count="0" type="stmt"/>
      <line num="714" count="0" type="stmt"/>
      <line num="716" count="0" type="stmt"/>
      <line num="717" count="0" type="cond" truecount="0" falsecount="2"/>
      <line num="719" count="0" type="cond" truecount="0" falsecount="2"/>
      <line num="720" count="0" type="cond" truecount="0" falsecount="2"/>
      <line num="721" count="0" type="stmt"/>
      <line num="722" count="0" type="stmt"/>
      <line num="724" count="0" type="stmt"/>
      <line num="725" count="0" type="cond" truecount="0" falsecount="2"/>
      <line num="727" count="0" type="cond" truecount="0" falsecount="2"/>
      <line num="728" count="0" type="cond" truecount="0" falsecount="2"/>
      <line num="729" count="0" type="stmt"/>
      <line num="730" count="0" type="stmt"/>
      <line num="732" count="0" type="stmt"/>
      <line num="733" count="0" type="cond" truecount="0" falsecount="2"/>
      <line num="738" count="0" type="cond" truecount="0" falsecount="2"/>
      <line num="739" count="0" type="stmt"/>
      <line num="740" count="0" type="stmt"/>
      <line num="741" count="0" type="cond" truecount="0" falsecount="2"/>
      <line num="742" count="0" type="stmt"/>
      <line num="743" count="0" type="stmt"/>
      <line num="745" count="0" type="stmt"/>
      <line num="746" count="0" type="stmt"/>
      <line num="749" count="0" type="stmt"/>
      <line num="750" count="0" type="stmt"/>
      <line num="752" count="0" type="cond" truecount="0" falsecount="2"/>
      <line num="753" count="0" type="stmt"/>
      <line num="754" count="0" type="stmt"/>
      <line num="755" count="0" type="stmt"/>
      <line num="756" count="0" type="cond" truecount="0" falsecount="2"/>
      <line num="757" count="0" type="stmt"/>
      <line num="758" count="0" type="stmt"/>
      <line num="760" count="0" type="stmt"/>
      <line num="761" count="0" type="cond" truecount="0" falsecount="2"/>
      <line num="763" count="0" type="cond" truecount="0" falsecount="2"/>
      <line num="764" count="0" type="cond" truecount="0" falsecount="2"/>
      <line num="765" count="0" type="stmt"/>
      <line num="766" count="0" type="stmt"/>
      <line num="768" count="0" type="stmt"/>
      <line num="769" count="0" type="cond" truecount="0" falsecount="2"/>
      <line num="771" count="0" type="cond" truecount="0" falsecount="2"/>
      <line num="772" count="0" type="cond" truecount="0" falsecount="2"/>
      <line num="773" count="0" type="stmt"/>
      <line num="774" count="0" type="stmt"/>
      <line num="776" count="0" type="stmt"/>
      <line num="777" count="0" type="cond" truecount="0" falsecount="2"/>
      <line num="779" count="0" type="cond" truecount="0" falsecount="2"/>
      <line num="780" count="0" type="cond" truecount="0" falsecount="2"/>
      <line num="781" count="0" type="stmt"/>
      <line num="782" count="0" type="stmt"/>
      <line num="784" count="0" type="stmt"/>
      <line num="785" count="0" type="cond" truecount="0" falsecount="2"/>
      <line num="790" count="0" type="cond" truecount="0" falsecount="2"/>
      <line num="791" count="0" type="stmt"/>
      <line num="792" count="0" type="stmt"/>
      <line num="793" count="0" type="cond" truecount="0" falsecount="2"/>
      <line num="794" count="0" type="stmt"/>
      <line num="795" count="0" type="stmt"/>
      <line num="797" count="0" type="stmt"/>
      <line num="798" count="0" type="stmt"/>
      <line num="801" count="0" type="stmt"/>
      <line num="802" count="0" type="stmt"/>
      <line num="806" count="0" type="stmt"/>
      <line num="808" count="0" type="cond" truecount="0" falsecount="2"/>
      <line num="809" count="0" type="stmt"/>
      <line num="810" count="0" type="stmt"/>
      <line num="811" count="0" type="stmt"/>
      <line num="813" count="0" type="stmt"/>
      <line num="814" count="0" type="stmt"/>
      <line num="817" count="0" type="stmt"/>
      <line num="818" count="0" type="stmt"/>
      <line num="821" count="0" type="stmt"/>
      <line num="827" count="1" type="stmt"/>
      <line num="828" count="1" type="stmt"/>
      <line num="829" count="1" type="cond" truecount="1" falsecount="1"/>
      <line num="830" count="0" type="stmt"/>
      <line num="831" count="0" type="stmt"/>
      <line num="832" count="0" type="cond" truecount="0" falsecount="2"/>
      <line num="833" count="0" type="stmt"/>
      <line num="834" count="0" type="stmt"/>
      <line num="835" count="0" type="cond" truecount="0" falsecount="2"/>
      <line num="836" count="0" type="stmt"/>
      <line num="837" count="0" type="stmt"/>
      <line num="839" count="0" type="stmt"/>
      <line num="840" count="0" type="stmt"/>
      <line num="843" count="0" type="stmt"/>
      <line num="844" count="0" type="stmt"/>
      <line num="847" count="1" type="stmt"/>
      <line num="848" count="1" type="stmt"/>
      <line num="851" count="1" type="stmt"/>
      <line num="857" count="10" type="stmt"/>
      <line num="858" count="10" type="stmt"/>
      <line num="859" count="10" type="cond" truecount="2" falsecount="0"/>
      <line num="860" count="9" type="stmt"/>
      <line num="861" count="9" type="stmt"/>
      <line num="862" count="9" type="cond" truecount="1" falsecount="1"/>
      <line num="863" count="9" type="stmt"/>
      <line num="864" count="9" type="stmt"/>
      <line num="865" count="9" type="cond" truecount="1" falsecount="1"/>
      <line num="866" count="9" type="stmt"/>
      <line num="867" count="9" type="stmt"/>
      <line num="869" count="0" type="stmt"/>
      <line num="870" count="0" type="stmt"/>
      <line num="873" count="0" type="stmt"/>
      <line num="874" count="0" type="stmt"/>
      <line num="877" count="1" type="stmt"/>
      <line num="878" count="1" type="stmt"/>
      <line num="881" count="10" type="stmt"/>
      <line num="887" count="9" type="stmt"/>
      <line num="888" count="9" type="stmt"/>
      <line num="889" count="9" type="cond" truecount="1" falsecount="1"/>
      <line num="890" count="0" type="stmt"/>
      <line num="891" count="0" type="stmt"/>
      <line num="892" count="0" type="cond" truecount="0" falsecount="2"/>
      <line num="893" count="0" type="stmt"/>
      <line num="894" count="0" type="stmt"/>
      <line num="895" count="0" type="cond" truecount="0" falsecount="2"/>
      <line num="896" count="0" type="stmt"/>
      <line num="897" count="0" type="stmt"/>
      <line num="899" count="0" type="stmt"/>
      <line num="900" count="0" type="stmt"/>
      <line num="903" count="0" type="stmt"/>
      <line num="904" count="0" type="stmt"/>
      <line num="907" count="9" type="stmt"/>
      <line num="908" count="9" type="stmt"/>
      <line num="911" count="9" type="stmt"/>
      <line num="917" count="1" type="stmt"/>
      <line num="918" count="1" type="stmt"/>
      <line num="919" count="1" type="cond" truecount="1" falsecount="1"/>
      <line num="920" count="0" type="stmt"/>
      <line num="921" count="0" type="stmt"/>
      <line num="922" count="0" type="cond" truecount="0" falsecount="2"/>
      <line num="923" count="0" type="stmt"/>
      <line num="924" count="0" type="stmt"/>
      <line num="925" count="0" type="cond" truecount="0" falsecount="2"/>
      <line num="926" count="0" type="stmt"/>
      <line num="927" count="0" type="stmt"/>
      <line num="929" count="0" type="stmt"/>
      <line num="930" count="0" type="stmt"/>
      <line num="933" count="0" type="stmt"/>
      <line num="934" count="0" type="stmt"/>
      <line num="937" count="1" type="stmt"/>
      <line num="938" count="1" type="stmt"/>
      <line num="941" count="1" type="stmt"/>
      <line num="947" count="0" type="stmt"/>
      <line num="948" count="0" type="stmt"/>
      <line num="949" count="0" type="cond" truecount="0" falsecount="2"/>
      <line num="950" count="0" type="stmt"/>
      <line num="951" count="0" type="cond" truecount="0" falsecount="2"/>
      <line num="952" count="0" type="stmt"/>
      <line num="953" count="0" type="stmt"/>
      <line num="955" count="0" type="stmt"/>
      <line num="956" count="0" type="cond" truecount="0" falsecount="2"/>
      <line num="958" count="0" type="cond" truecount="0" falsecount="2"/>
      <line num="959" count="0" type="stmt"/>
      <line num="961" count="0" type="cond" truecount="0" falsecount="2"/>
      <line num="962" count="0" type="stmt"/>
      <line num="963" count="0" type="cond" truecount="0" falsecount="2"/>
      <line num="964" count="0" type="stmt"/>
      <line num="965" count="0" type="stmt"/>
      <line num="967" count="0" type="stmt"/>
      <line num="968" count="0" type="cond" truecount="0" falsecount="2"/>
      <line num="970" count="0" type="cond" truecount="0" falsecount="2"/>
      <line num="971" count="0" type="stmt"/>
      <line num="972" count="0" type="stmt"/>
      <line num="973" count="0" type="cond" truecount="0" falsecount="2"/>
      <line num="974" count="0" type="stmt"/>
      <line num="975" count="0" type="stmt"/>
      <line num="977" count="0" type="stmt"/>
      <line num="978" count="0" type="stmt"/>
      <line num="981" count="0" type="stmt"/>
      <line num="982" count="0" type="stmt"/>
      <line num="985" count="0" type="stmt"/>
      <line num="986" count="0" type="stmt"/>
      <line num="989" count="0" type="stmt"/>
      <line num="990" count="0" type="stmt"/>
      <line num="993" count="0" type="stmt"/>
      <line num="999" count="0" type="stmt"/>
      <line num="1000" count="0" type="stmt"/>
      <line num="1001" count="0" type="cond" truecount="0" falsecount="2"/>
      <line num="1002" count="0" type="stmt"/>
      <line num="1003" count="0" type="cond" truecount="0" falsecount="2"/>
      <line num="1004" count="0" type="stmt"/>
      <line num="1005" count="0" type="stmt"/>
      <line num="1007" count="0" type="stmt"/>
      <line num="1008" count="0" type="cond" truecount="0" falsecount="2"/>
      <line num="1010" count="0" type="cond" truecount="0" falsecount="2"/>
      <line num="1011" count="0" type="stmt"/>
      <line num="1013" count="0" type="cond" truecount="0" falsecount="2"/>
      <line num="1014" count="0" type="stmt"/>
      <line num="1015" count="0" type="cond" truecount="0" falsecount="2"/>
      <line num="1016" count="0" type="stmt"/>
      <line num="1017" count="0" type="stmt"/>
      <line num="1019" count="0" type="stmt"/>
      <line num="1020" count="0" type="cond" truecount="0" falsecount="2"/>
      <line num="1022" count="0" type="cond" truecount="0" falsecount="2"/>
      <line num="1023" count="0" type="stmt"/>
      <line num="1024" count="0" type="stmt"/>
      <line num="1025" count="0" type="cond" truecount="0" falsecount="2"/>
      <line num="1026" count="0" type="stmt"/>
      <line num="1027" count="0" type="stmt"/>
      <line num="1028" count="0" type="stmt"/>
      <line num="1030" count="0" type="stmt"/>
      <line num="1031" count="0" type="stmt"/>
      <line num="1034" count="0" type="stmt"/>
      <line num="1035" count="0" type="stmt"/>
      <line num="1038" count="0" type="stmt"/>
      <line num="1039" count="0" type="stmt"/>
      <line num="1042" count="0" type="stmt"/>
      <line num="1043" count="0" type="stmt"/>
      <line num="1046" count="0" type="stmt"/>
      <line num="1052" count="0" type="stmt"/>
      <line num="1053" count="0" type="stmt"/>
      <line num="1054" count="0" type="cond" truecount="0" falsecount="2"/>
      <line num="1055" count="0" type="stmt"/>
      <line num="1056" count="0" type="cond" truecount="0" falsecount="2"/>
      <line num="1057" count="0" type="stmt"/>
      <line num="1058" count="0" type="cond" truecount="0" falsecount="2"/>
      <line num="1059" count="0" type="stmt"/>
      <line num="1060" count="0" type="cond" truecount="0" falsecount="2"/>
      <line num="1061" count="0" type="stmt"/>
      <line num="1066" count="0" type="cond" truecount="0" falsecount="2"/>
      <line num="1067" count="0" type="stmt"/>
      <line num="1068" count="0" type="stmt"/>
      <line num="1069" count="0" type="stmt"/>
      <line num="1071" count="0" type="stmt"/>
      <line num="1072" count="0" type="stmt"/>
      <line num="1075" count="0" type="stmt"/>
      <line num="1081" count="0" type="stmt"/>
      <line num="1082" count="0" type="cond" truecount="0" falsecount="2"/>
      <line num="1083" count="0" type="stmt"/>
      <line num="1084" count="0" type="stmt"/>
      <line num="1086" count="0" type="stmt"/>
      <line num="1087" count="0" type="cond" truecount="0" falsecount="2"/>
      <line num="1089" count="0" type="cond" truecount="0" falsecount="2"/>
      <line num="1090" count="0" type="cond" truecount="0" falsecount="2"/>
      <line num="1091" count="0" type="stmt"/>
      <line num="1092" count="0" type="stmt"/>
      <line num="1094" count="0" type="stmt"/>
      <line num="1095" count="0" type="cond" truecount="0" falsecount="2"/>
      <line num="1098" count="0" type="cond" truecount="0" falsecount="2"/>
      <line num="1099" count="0" type="stmt"/>
      <line num="1100" count="0" type="stmt"/>
      <line num="1101" count="0" type="cond" truecount="0" falsecount="2"/>
      <line num="1102" count="0" type="stmt"/>
      <line num="1103" count="0" type="stmt"/>
      <line num="1104" count="0" type="cond" truecount="0" falsecount="2"/>
      <line num="1105" count="0" type="stmt"/>
      <line num="1106" count="0" type="stmt"/>
      <line num="1107" count="0" type="cond" truecount="0" falsecount="2"/>
      <line num="1108" count="0" type="stmt"/>
      <line num="1109" count="0" type="stmt"/>
      <line num="1110" count="0" type="stmt"/>
      <line num="1112" count="0" type="stmt"/>
      <line num="1113" count="0" type="stmt"/>
      <line num="1116" count="0" type="stmt"/>
      <line num="1117" count="0" type="stmt"/>
      <line num="1120" count="0" type="stmt"/>
      <line num="1121" count="0" type="stmt"/>
      <line num="1124" count="0" type="stmt"/>
      <line num="1125" count="0" type="stmt"/>
      <line num="1128" count="0" type="stmt"/>
      <line num="1134" count="0" type="stmt"/>
      <line num="1135" count="0" type="stmt"/>
      <line num="1136" count="0" type="cond" truecount="0" falsecount="2"/>
      <line num="1137" count="0" type="stmt"/>
      <line num="1138" count="0" type="cond" truecount="0" falsecount="2"/>
      <line num="1139" count="0" type="stmt"/>
      <line num="1140" count="0" type="stmt"/>
      <line num="1142" count="0" type="stmt"/>
      <line num="1143" count="0" type="cond" truecount="0" falsecount="2"/>
      <line num="1145" count="0" type="cond" truecount="0" falsecount="2"/>
      <line num="1146" count="0" type="stmt"/>
      <line num="1147" count="0" type="stmt"/>
      <line num="1148" count="0" type="cond" truecount="0" falsecount="2"/>
      <line num="1149" count="0" type="stmt"/>
      <line num="1150" count="0" type="stmt"/>
      <line num="1151" count="0" type="stmt"/>
      <line num="1153" count="0" type="stmt"/>
      <line num="1154" count="0" type="stmt"/>
      <line num="1157" count="0" type="stmt"/>
      <line num="1158" count="0" type="stmt"/>
      <line num="1161" count="0" type="stmt"/>
      <line num="1162" count="0" type="stmt"/>
      <line num="1165" count="0" type="stmt"/>
      <line num="1171" count="0" type="stmt"/>
      <line num="1172" count="0" type="cond" truecount="0" falsecount="2"/>
      <line num="1173" count="0" type="stmt"/>
      <line num="1174" count="0" type="stmt"/>
      <line num="1176" count="0" type="stmt"/>
      <line num="1177" count="0" type="cond" truecount="0" falsecount="2"/>
      <line num="1179" count="0" type="cond" truecount="0" falsecount="2"/>
      <line num="1180" count="0" type="stmt"/>
      <line num="1181" count="0" type="stmt"/>
      <line num="1182" count="0" type="cond" truecount="0" falsecount="2"/>
      <line num="1183" count="0" type="stmt"/>
      <line num="1184" count="0" type="stmt"/>
      <line num="1185" count="0" type="cond" truecount="0" falsecount="2"/>
      <line num="1186" count="0" type="stmt"/>
      <line num="1187" count="0" type="cond" truecount="0" falsecount="2"/>
      <line num="1188" count="0" type="stmt"/>
      <line num="1189" count="0" type="stmt"/>
      <line num="1191" count="0" type="stmt"/>
      <line num="1192" count="0" type="cond" truecount="0" falsecount="2"/>
      <line num="1194" count="0" type="cond" truecount="0" falsecount="2"/>
      <line num="1195" count="0" type="stmt"/>
      <line num="1196" count="0" type="cond" truecount="0" falsecount="2"/>
      <line num="1197" count="0" type="stmt"/>
      <line num="1198" count="0" type="stmt"/>
      <line num="1200" count="0" type="stmt"/>
      <line num="1201" count="0" type="cond" truecount="0" falsecount="2"/>
      <line num="1203" count="0" type="cond" truecount="0" falsecount="2"/>
      <line num="1204" count="0" type="cond" truecount="0" falsecount="2"/>
      <line num="1205" count="0" type="stmt"/>
      <line num="1206" count="0" type="stmt"/>
      <line num="1208" count="0" type="stmt"/>
      <line num="1209" count="0" type="cond" truecount="0" falsecount="2"/>
      <line num="1211" count="0" type="cond" truecount="0" falsecount="2"/>
      <line num="1212" count="0" type="cond" truecount="0" falsecount="2"/>
      <line num="1213" count="0" type="stmt"/>
      <line num="1214" count="0" type="stmt"/>
      <line num="1216" count="0" type="stmt"/>
      <line num="1217" count="0" type="cond" truecount="0" falsecount="2"/>
      <line num="1221" count="0" type="cond" truecount="0" falsecount="2"/>
      <line num="1222" count="0" type="stmt"/>
      <line num="1223" count="0" type="stmt"/>
      <line num="1224" count="0" type="cond" truecount="0" falsecount="2"/>
      <line num="1225" count="0" type="stmt"/>
      <line num="1226" count="0" type="stmt"/>
      <line num="1227" count="0" type="stmt"/>
      <line num="1229" count="0" type="stmt"/>
      <line num="1230" count="0" type="stmt"/>
      <line num="1233" count="0" type="stmt"/>
      <line num="1234" count="0" type="stmt"/>
      <line num="1237" count="0" type="stmt"/>
      <line num="1238" count="0" type="stmt"/>
      <line num="1241" count="0" type="stmt"/>
      <line num="1242" count="0" type="stmt"/>
      <line num="1245" count="0" type="stmt"/>
      <line num="1246" count="0" type="stmt"/>
      <line num="1249" count="0" type="stmt"/>
      <line num="1250" count="0" type="stmt"/>
      <line num="1253" count="0" type="stmt"/>
      <line num="1259" count="0" type="stmt"/>
      <line num="1260" count="0" type="stmt"/>
      <line num="1261" count="0" type="cond" truecount="0" falsecount="2"/>
      <line num="1262" count="0" type="stmt"/>
      <line num="1263" count="0" type="stmt"/>
      <line num="1265" count="0" type="stmt"/>
      <line num="1266" count="0" type="cond" truecount="0" falsecount="2"/>
      <line num="1268" count="0" type="cond" truecount="0" falsecount="2"/>
      <line num="1269" count="0" type="stmt"/>
      <line num="1270" count="0" type="stmt"/>
      <line num="1271" count="0" type="cond" truecount="0" falsecount="2"/>
      <line num="1272" count="0" type="stmt"/>
      <line num="1273" count="0" type="stmt"/>
      <line num="1274" count="0" type="stmt"/>
      <line num="1276" count="0" type="stmt"/>
      <line num="1277" count="0" type="stmt"/>
      <line num="1280" count="0" type="stmt"/>
      <line num="1281" count="0" type="stmt"/>
      <line num="1284" count="0" type="stmt"/>
      <line num="1290" count="0" type="stmt"/>
      <line num="1291" count="0" type="cond" truecount="0" falsecount="2"/>
      <line num="1292" count="0" type="stmt"/>
      <line num="1293" count="0" type="stmt"/>
      <line num="1295" count="0" type="stmt"/>
      <line num="1296" count="0" type="cond" truecount="0" falsecount="2"/>
      <line num="1298" count="0" type="cond" truecount="0" falsecount="2"/>
      <line num="1299" count="0" type="stmt"/>
      <line num="1300" count="0" type="stmt"/>
      <line num="1301" count="0" type="stmt"/>
      <line num="1303" count="0" type="stmt"/>
      <line num="1304" count="0" type="stmt"/>
      <line num="1307" count="0" type="stmt"/>
      <line num="1313" count="0" type="stmt"/>
      <line num="1314" count="0" type="stmt"/>
      <line num="1315" count="0" type="cond" truecount="0" falsecount="2"/>
      <line num="1316" count="0" type="stmt"/>
      <line num="1317" count="0" type="stmt"/>
      <line num="1318" count="0" type="cond" truecount="0" falsecount="2"/>
      <line num="1319" count="0" type="stmt"/>
      <line num="1320" count="0" type="cond" truecount="0" falsecount="2"/>
      <line num="1321" count="0" type="stmt"/>
      <line num="1324" count="0" type="cond" truecount="0" falsecount="2"/>
      <line num="1325" count="0" type="stmt"/>
      <line num="1326" count="0" type="stmt"/>
      <line num="1327" count="0" type="stmt"/>
      <line num="1328" count="0" type="cond" truecount="0" falsecount="2"/>
      <line num="1329" count="0" type="stmt"/>
      <line num="1330" count="0" type="stmt"/>
      <line num="1332" count="0" type="stmt"/>
      <line num="1333" count="0" type="cond" truecount="0" falsecount="2"/>
      <line num="1335" count="0" type="cond" truecount="0" falsecount="2"/>
      <line num="1336" count="0" type="stmt"/>
      <line num="1337" count="0" type="stmt"/>
      <line num="1338" count="0" type="cond" truecount="0" falsecount="2"/>
      <line num="1339" count="0" type="stmt"/>
      <line num="1340" count="0" type="stmt"/>
      <line num="1342" count="0" type="stmt"/>
      <line num="1343" count="0" type="stmt"/>
      <line num="1346" count="0" type="stmt"/>
      <line num="1347" count="0" type="stmt"/>
      <line num="1349" count="0" type="cond" truecount="0" falsecount="2"/>
      <line num="1350" count="0" type="stmt"/>
      <line num="1351" count="0" type="cond" truecount="0" falsecount="2"/>
      <line num="1352" count="0" type="stmt"/>
      <line num="1355" count="0" type="stmt"/>
      <line num="1356" count="0" type="stmt"/>
      <line num="1357" count="0" type="stmt"/>
      <line num="1358" count="0" type="stmt"/>
      <line num="1359" count="0" type="cond" truecount="0" falsecount="2"/>
      <line num="1360" count="0" type="stmt"/>
      <line num="1361" count="0" type="stmt"/>
      <line num="1363" count="0" type="stmt"/>
      <line num="1364" count="0" type="cond" truecount="0" falsecount="2"/>
      <line num="1366" count="0" type="cond" truecount="0" falsecount="2"/>
      <line num="1367" count="0" type="stmt"/>
      <line num="1368" count="0" type="stmt"/>
      <line num="1369" count="0" type="cond" truecount="0" falsecount="2"/>
      <line num="1370" count="0" type="stmt"/>
      <line num="1371" count="0" type="stmt"/>
      <line num="1373" count="0" type="stmt"/>
      <line num="1374" count="0" type="stmt"/>
      <line num="1377" count="0" type="stmt"/>
      <line num="1378" count="0" type="stmt"/>
      <line num="1380" count="0" type="cond" truecount="0" falsecount="2"/>
      <line num="1381" count="0" type="stmt"/>
      <line num="1382" count="0" type="cond" truecount="0" falsecount="2"/>
      <line num="1383" count="0" type="stmt"/>
      <line num="1387" count="0" type="stmt"/>
      <line num="1388" count="0" type="stmt"/>
      <line num="1389" count="0" type="cond" truecount="0" falsecount="2"/>
      <line num="1390" count="0" type="stmt"/>
      <line num="1391" count="0" type="stmt"/>
      <line num="1393" count="0" type="stmt"/>
      <line num="1394" count="0" type="stmt"/>
      <line num="1397" count="0" type="stmt"/>
      <line num="1398" count="0" type="stmt"/>
      <line num="1401" count="0" type="stmt"/>
      <line num="1402" count="0" type="stmt"/>
      <line num="1405" count="0" type="stmt"/>
      <line num="1411" count="0" type="stmt"/>
      <line num="1412" count="0" type="stmt"/>
      <line num="1413" count="0" type="cond" truecount="0" falsecount="2"/>
      <line num="1414" count="0" type="stmt"/>
      <line num="1415" count="0" type="stmt"/>
      <line num="1416" count="0" type="cond" truecount="0" falsecount="2"/>
      <line num="1417" count="0" type="stmt"/>
      <line num="1418" count="0" type="stmt"/>
      <line num="1419" count="0" type="stmt"/>
      <line num="1420" count="0" type="cond" truecount="0" falsecount="2"/>
      <line num="1421" count="0" type="stmt"/>
      <line num="1422" count="0" type="stmt"/>
      <line num="1424" count="0" type="stmt"/>
      <line num="1425" count="0" type="cond" truecount="0" falsecount="2"/>
      <line num="1427" count="0" type="cond" truecount="0" falsecount="2"/>
      <line num="1428" count="0" type="stmt"/>
      <line num="1429" count="0" type="stmt"/>
      <line num="1430" count="0" type="cond" truecount="0" falsecount="2"/>
      <line num="1431" count="0" type="stmt"/>
      <line num="1432" count="0" type="stmt"/>
      <line num="1433" count="0" type="stmt"/>
      <line num="1435" count="0" type="stmt"/>
      <line num="1436" count="0" type="stmt"/>
      <line num="1439" count="0" type="stmt"/>
      <line num="1440" count="0" type="stmt"/>
      <line num="1442" count="0" type="stmt"/>
      <line num="1443" count="0" type="stmt"/>
      <line num="1444" count="0" type="stmt"/>
      <line num="1445" count="0" type="stmt"/>
      <line num="1446" count="0" type="cond" truecount="0" falsecount="2"/>
      <line num="1447" count="0" type="stmt"/>
      <line num="1448" count="0" type="stmt"/>
      <line num="1450" count="0" type="stmt"/>
      <line num="1451" count="0" type="cond" truecount="0" falsecount="2"/>
      <line num="1453" count="0" type="cond" truecount="0" falsecount="2"/>
      <line num="1454" count="0" type="stmt"/>
      <line num="1455" count="0" type="stmt"/>
      <line num="1456" count="0" type="cond" truecount="0" falsecount="2"/>
      <line num="1457" count="0" type="stmt"/>
      <line num="1458" count="0" type="stmt"/>
      <line num="1459" count="0" type="stmt"/>
      <line num="1461" count="0" type="stmt"/>
      <line num="1462" count="0" type="stmt"/>
      <line num="1465" count="0" type="stmt"/>
      <line num="1466" count="0" type="stmt"/>
      <line num="1469" count="0" type="stmt"/>
      <line num="1470" count="0" type="stmt"/>
      <line num="1471" count="0" type="cond" truecount="0" falsecount="2"/>
      <line num="1472" count="0" type="stmt"/>
      <line num="1473" count="0" type="stmt"/>
      <line num="1475" count="0" type="stmt"/>
      <line num="1476" count="0" type="stmt"/>
      <line num="1479" count="0" type="stmt"/>
      <line num="1480" count="0" type="stmt"/>
      <line num="1483" count="0" type="stmt"/>
      <line num="1484" count="0" type="stmt"/>
      <line num="1487" count="0" type="stmt"/>
      <line num="1493" count="0" type="stmt"/>
      <line num="1494" count="0" type="stmt"/>
      <line num="1495" count="0" type="cond" truecount="0" falsecount="2"/>
      <line num="1496" count="0" type="stmt"/>
      <line num="1497" count="0" type="cond" truecount="0" falsecount="2"/>
      <line num="1498" count="0" type="stmt"/>
      <line num="1499" count="0" type="cond" truecount="0" falsecount="2"/>
      <line num="1500" count="0" type="stmt"/>
      <line num="1504" count="0" type="cond" truecount="0" falsecount="2"/>
      <line num="1505" count="0" type="stmt"/>
      <line num="1506" count="0" type="stmt"/>
      <line num="1507" count="0" type="stmt"/>
      <line num="1509" count="0" type="stmt"/>
      <line num="1510" count="0" type="stmt"/>
      <line num="1513" count="0" type="stmt"/>
      <line num="1519" count="19" type="stmt"/>
      <line num="1520" count="19" type="stmt"/>
      <line num="1521" count="19" type="cond" truecount="2" falsecount="0"/>
      <line num="1522" count="10" type="stmt"/>
      <line num="1524" count="19" type="cond" truecount="2" falsecount="0"/>
      <line num="1525" count="18" type="stmt"/>
      <line num="1526" count="18" type="stmt"/>
      <line num="1527" count="18" type="stmt"/>
      <line num="1529" count="1" type="stmt"/>
      <line num="1530" count="1" type="stmt"/>
      <line num="1533" count="19" type="stmt"/>
      <line num="1539" count="1" type="stmt"/>
      <line num="1540" count="1" type="stmt"/>
      <line num="1541" count="1" type="cond" truecount="1" falsecount="1"/>
      <line num="1542" count="1" type="stmt"/>
      <line num="1544" count="1" type="cond" truecount="1" falsecount="1"/>
      <line num="1545" count="0" type="stmt"/>
      <line num="1546" count="0" type="stmt"/>
      <line num="1547" count="0" type="stmt"/>
      <line num="1549" count="1" type="stmt"/>
      <line num="1550" count="1" type="stmt"/>
      <line num="1553" count="1" type="stmt"/>
      <line num="1559" count="9" type="stmt"/>
      <line num="1560" count="9" type="stmt"/>
      <line num="1561" count="9" type="cond" truecount="1" falsecount="1"/>
      <line num="1562" count="9" type="stmt"/>
      <line num="1564" count="9" type="cond" truecount="1" falsecount="1"/>
      <line num="1565" count="0" type="stmt"/>
      <line num="1566" count="0" type="stmt"/>
      <line num="1567" count="0" type="stmt"/>
      <line num="1569" count="9" type="stmt"/>
      <line num="1570" count="9" type="stmt"/>
      <line num="1573" count="9" type="stmt"/>
      <line num="1579" count="1" type="stmt"/>
      <line num="1580" count="1" type="stmt"/>
      <line num="1581" count="1" type="cond" truecount="1" falsecount="1"/>
      <line num="1582" count="1" type="stmt"/>
      <line num="1584" count="1" type="cond" truecount="1" falsecount="1"/>
      <line num="1585" count="0" type="stmt"/>
      <line num="1586" count="0" type="stmt"/>
      <line num="1587" count="0" type="stmt"/>
      <line num="1589" count="1" type="stmt"/>
      <line num="1590" count="1" type="stmt"/>
      <line num="1593" count="1" type="stmt"/>
      <line num="1599" count="1" type="stmt"/>
      <line num="1600" count="1" type="stmt"/>
      <line num="1601" count="1" type="cond" truecount="1" falsecount="1"/>
      <line num="1602" count="0" type="stmt"/>
      <line num="1603" count="0" type="stmt"/>
      <line num="1604" count="0" type="cond" truecount="0" falsecount="2"/>
      <line num="1605" count="0" type="stmt"/>
      <line num="1607" count="0" type="stmt"/>
      <line num="1609" count="0" type="cond" truecount="0" falsecount="2"/>
      <line num="1610" count="0" type="stmt"/>
      <line num="1611" count="0" type="stmt"/>
      <line num="1613" count="0" type="stmt"/>
      <line num="1614" count="0" type="stmt"/>
      <line num="1617" count="1" type="stmt"/>
      <line num="1618" count="1" type="stmt"/>
      <line num="1621" count="1" type="stmt"/>
      <line num="1627" count="19" type="stmt"/>
      <line num="1628" count="19" type="stmt"/>
      <line num="1629" count="19" type="cond" truecount="2" falsecount="0"/>
      <line num="1630" count="18" type="stmt"/>
      <line num="1631" count="18" type="stmt"/>
      <line num="1632" count="18" type="cond" truecount="2" falsecount="0"/>
      <line num="1633" count="9" type="stmt"/>
      <line num="1635" count="9" type="stmt"/>
      <line num="1637" count="18" type="cond" truecount="2" falsecount="0"/>
      <line num="1638" count="9" type="stmt"/>
      <line num="1639" count="9" type="stmt"/>
      <line num="1641" count="9" type="stmt"/>
      <line num="1642" count="9" type="stmt"/>
      <line num="1645" count="1" type="stmt"/>
      <line num="1646" count="1" type="stmt"/>
      <line num="1649" count="19" type="stmt"/>
      <line num="1655" count="9" type="stmt"/>
      <line num="1656" count="9" type="stmt"/>
      <line num="1657" count="9" type="cond" truecount="2" falsecount="0"/>
      <line num="1658" count="8" type="stmt"/>
      <line num="1659" count="8" type="stmt"/>
      <line num="1660" count="8" type="cond" truecount="1" falsecount="1"/>
      <line num="1661" count="0" type="stmt"/>
      <line num="1663" count="8" type="stmt"/>
      <line num="1665" count="8" type="cond" truecount="1" falsecount="1"/>
      <line num="1666" count="0" type="stmt"/>
      <line num="1667" count="0" type="stmt"/>
      <line num="1669" count="8" type="stmt"/>
      <line num="1670" count="8" type="stmt"/>
      <line num="1673" count="1" type="stmt"/>
      <line num="1674" count="1" type="stmt"/>
      <line num="1677" count="9" type="stmt"/>
      <line num="1683" count="1" type="stmt"/>
      <line num="1684" count="1" type="stmt"/>
      <line num="1685" count="1" type="cond" truecount="1" falsecount="1"/>
      <line num="1686" count="0" type="stmt"/>
      <line num="1687" count="0" type="stmt"/>
      <line num="1688" count="0" type="cond" truecount="0" falsecount="2"/>
      <line num="1689" count="0" type="stmt"/>
      <line num="1691" count="0" type="stmt"/>
      <line num="1693" count="0" type="cond" truecount="0" falsecount="2"/>
      <line num="1694" count="0" type="stmt"/>
      <line num="1695" count="0" type="stmt"/>
      <line num="1697" count="0" type="stmt"/>
      <line num="1698" count="0" type="stmt"/>
      <line num="1701" count="1" type="stmt"/>
      <line num="1702" count="1" type="stmt"/>
      <line num="1705" count="1" type="stmt"/>
      <line num="1711" count="1" type="stmt"/>
      <line num="1712" count="1" type="cond" truecount="1" falsecount="1"/>
      <line num="1713" count="0" type="stmt"/>
      <line num="1714" count="0" type="stmt"/>
      <line num="1716" count="1" type="stmt"/>
      <line num="1717" count="1" type="cond" truecount="1" falsecount="1"/>
      <line num="1719" count="1" type="cond" truecount="1" falsecount="1"/>
      <line num="1720" count="0" type="stmt"/>
      <line num="1721" count="0" type="cond" truecount="0" falsecount="2"/>
      <line num="1722" count="0" type="stmt"/>
      <line num="1723" count="0" type="stmt"/>
      <line num="1725" count="0" type="stmt"/>
      <line num="1726" count="0" type="cond" truecount="0" falsecount="2"/>
      <line num="1728" count="0" type="stmt"/>
      <line num="1729" count="0" type="stmt"/>
      <line num="1730" count="0" type="cond" truecount="0" falsecount="2"/>
      <line num="1731" count="0" type="stmt"/>
      <line num="1732" count="0" type="stmt"/>
      <line num="1734" count="0" type="stmt"/>
      <line num="1735" count="0" type="cond" truecount="0" falsecount="2"/>
      <line num="1738" count="0" type="cond" truecount="0" falsecount="2"/>
      <line num="1739" count="0" type="stmt"/>
      <line num="1740" count="0" type="stmt"/>
      <line num="1742" count="0" type="stmt"/>
      <line num="1743" count="0" type="cond" truecount="0" falsecount="2"/>
      <line num="1745" count="0" type="cond" truecount="0" falsecount="2"/>
      <line num="1746" count="0" type="stmt"/>
      <line num="1747" count="0" type="stmt"/>
      <line num="1748" count="0" type="stmt"/>
      <line num="1750" count="0" type="stmt"/>
      <line num="1751" count="0" type="stmt"/>
      <line num="1754" count="1" type="stmt"/>
      <line num="1755" count="1" type="stmt"/>
      <line num="1758" count="1" type="stmt"/>
      <line num="1764" count="10" type="stmt"/>
      <line num="1765" count="10" type="stmt"/>
      <line num="1766" count="10" type="cond" truecount="2" falsecount="0"/>
      <line num="1767" count="9" type="stmt"/>
      <line num="1768" count="9" type="stmt"/>
      <line num="1770" count="1" type="stmt"/>
      <line num="1771" count="1" type="cond" truecount="1" falsecount="1"/>
      <line num="1773" count="10" type="cond" truecount="2" falsecount="0"/>
      <line num="1774" count="9" type="stmt"/>
      <line num="1775" count="23" type="stmt"/>
      <line num="1776" count="23" type="cond" truecount="2" falsecount="0"/>
      <line num="1777" count="14" type="stmt"/>
      <line num="1778" count="14" type="stmt"/>
      <line num="1780" count="9" type="stmt"/>
      <line num="1781" count="9" type="cond" truecount="1" falsecount="1"/>
      <line num="1785" count="1" type="stmt"/>
      <line num="1787" count="10" type="cond" truecount="2" falsecount="0"/>
      <line num="1788" count="9" type="stmt"/>
      <line num="1789" count="9" type="stmt"/>
      <line num="1790" count="9" type="stmt"/>
      <line num="1792" count="1" type="stmt"/>
      <line num="1793" count="1" type="stmt"/>
      <line num="1796" count="10" type="stmt"/>
      <line num="1802" count="9" type="stmt"/>
      <line num="1803" count="9" type="stmt"/>
      <line num="1804" count="9" type="cond" truecount="2" falsecount="0"/>
      <line num="1805" count="1" type="stmt"/>
      <line num="1806" count="1" type="stmt"/>
      <line num="1808" count="8" type="stmt"/>
      <line num="1809" count="8" type="cond" truecount="1" falsecount="1"/>
      <line num="1811" count="9" type="cond" truecount="2" falsecount="0"/>
      <line num="1812" count="1" type="stmt"/>
      <line num="1813" count="1" type="stmt"/>
      <line num="1814" count="1" type="cond" truecount="1" falsecount="1"/>
      <line num="1815" count="1" type="stmt"/>
      <line num="1816" count="1" type="stmt"/>
      <line num="1818" count="0" type="stmt"/>
      <line num="1819" count="0" type="cond" truecount="0" falsecount="2"/>
      <line num="1821" count="1" type="stmt"/>
      <line num="1822" count="1" type="stmt"/>
      <line num="1823" count="1" type="cond" truecount="1" falsecount="1"/>
      <line num="1824" count="0" type="stmt"/>
      <line num="1826" count="1" type="cond" truecount="1" falsecount="1"/>
      <line num="1827" count="0" type="stmt"/>
      <line num="1828" count="0" type="stmt"/>
      <line num="1830" count="1" type="stmt"/>
      <line num="1831" count="1" type="cond" truecount="1" falsecount="1"/>
      <line num="1835" count="1" type="cond" truecount="1" falsecount="1"/>
      <line num="1836" count="1" type="stmt"/>
      <line num="1837" count="1" type="stmt"/>
      <line num="1839" count="0" type="stmt"/>
      <line num="1841" count="1" type="cond" truecount="1" falsecount="1"/>
      <line num="1842" count="0" type="stmt"/>
      <line num="1843" count="0" type="cond" truecount="0" falsecount="2"/>
      <line num="1844" count="0" type="stmt"/>
      <line num="1845" count="0" type="stmt"/>
      <line num="1847" count="0" type="stmt"/>
      <line num="1848" count="0" type="cond" truecount="0" falsecount="2"/>
      <line num="1850" count="0" type="cond" truecount="0" falsecount="2"/>
      <line num="1851" count="0" type="cond" truecount="0" falsecount="2"/>
      <line num="1852" count="0" type="stmt"/>
      <line num="1853" count="0" type="stmt"/>
      <line num="1855" count="0" type="stmt"/>
      <line num="1856" count="0" type="cond" truecount="0" falsecount="2"/>
      <line num="1858" count="0" type="cond" truecount="0" falsecount="2"/>
      <line num="1859" count="0" type="stmt"/>
      <line num="1860" count="0" type="stmt"/>
      <line num="1862" count="0" type="stmt"/>
      <line num="1863" count="0" type="stmt"/>
      <line num="1866" count="0" type="stmt"/>
      <line num="1867" count="0" type="stmt"/>
      <line num="1869" count="0" type="cond" truecount="0" falsecount="2"/>
      <line num="1870" count="0" type="stmt"/>
      <line num="1871" count="0" type="cond" truecount="0" falsecount="2"/>
      <line num="1872" count="0" type="stmt"/>
      <line num="1873" count="0" type="stmt"/>
      <line num="1875" count="0" type="stmt"/>
      <line num="1876" count="0" type="cond" truecount="0" falsecount="2"/>
      <line num="1878" count="0" type="cond" truecount="0" falsecount="2"/>
      <line num="1879" count="0" type="cond" truecount="0" falsecount="2"/>
      <line num="1880" count="0" type="stmt"/>
      <line num="1881" count="0" type="stmt"/>
      <line num="1883" count="0" type="stmt"/>
      <line num="1884" count="0" type="cond" truecount="0" falsecount="2"/>
      <line num="1886" count="0" type="cond" truecount="0" falsecount="2"/>
      <line num="1887" count="0" type="stmt"/>
      <line num="1888" count="0" type="stmt"/>
      <line num="1890" count="0" type="stmt"/>
      <line num="1891" count="0" type="stmt"/>
      <line num="1894" count="0" type="stmt"/>
      <line num="1895" count="0" type="stmt"/>
      <line num="1898" count="0" type="cond" truecount="0" falsecount="2"/>
      <line num="1899" count="0" type="stmt"/>
      <line num="1900" count="0" type="cond" truecount="0" falsecount="2"/>
      <line num="1901" count="0" type="stmt"/>
      <line num="1902" count="0" type="stmt"/>
      <line num="1904" count="0" type="stmt"/>
      <line num="1905" count="0" type="cond" truecount="0" falsecount="2"/>
      <line num="1907" count="0" type="cond" truecount="0" falsecount="2"/>
      <line num="1908" count="0" type="cond" truecount="0" falsecount="2"/>
      <line num="1909" count="0" type="stmt"/>
      <line num="1910" count="0" type="stmt"/>
      <line num="1912" count="0" type="stmt"/>
      <line num="1913" count="0" type="cond" truecount="0" falsecount="2"/>
      <line num="1915" count="0" type="cond" truecount="0" falsecount="2"/>
      <line num="1916" count="0" type="stmt"/>
      <line num="1917" count="0" type="stmt"/>
      <line num="1919" count="0" type="stmt"/>
      <line num="1920" count="0" type="stmt"/>
      <line num="1923" count="0" type="stmt"/>
      <line num="1924" count="0" type="stmt"/>
      <line num="1926" count="0" type="cond" truecount="0" falsecount="2"/>
      <line num="1927" count="0" type="stmt"/>
      <line num="1928" count="0" type="cond" truecount="0" falsecount="2"/>
      <line num="1929" count="0" type="stmt"/>
      <line num="1930" count="0" type="stmt"/>
      <line num="1932" count="0" type="stmt"/>
      <line num="1933" count="0" type="cond" truecount="0" falsecount="2"/>
      <line num="1935" count="0" type="cond" truecount="0" falsecount="2"/>
      <line num="1936" count="0" type="cond" truecount="0" falsecount="2"/>
      <line num="1937" count="0" type="stmt"/>
      <line num="1938" count="0" type="stmt"/>
      <line num="1940" count="0" type="stmt"/>
      <line num="1941" count="0" type="cond" truecount="0" falsecount="2"/>
      <line num="1943" count="0" type="cond" truecount="0" falsecount="2"/>
      <line num="1944" count="0" type="stmt"/>
      <line num="1945" count="0" type="stmt"/>
      <line num="1947" count="0" type="stmt"/>
      <line num="1948" count="0" type="stmt"/>
      <line num="1951" count="0" type="stmt"/>
      <line num="1952" count="0" type="stmt"/>
      <line num="1954" count="0" type="cond" truecount="0" falsecount="2"/>
      <line num="1955" count="0" type="stmt"/>
      <line num="1956" count="0" type="cond" truecount="0" falsecount="2"/>
      <line num="1957" count="0" type="stmt"/>
      <line num="1958" count="0" type="stmt"/>
      <line num="1960" count="0" type="stmt"/>
      <line num="1961" count="0" type="cond" truecount="0" falsecount="2"/>
      <line num="1963" count="0" type="cond" truecount="0" falsecount="2"/>
      <line num="1964" count="0" type="cond" truecount="0" falsecount="2"/>
      <line num="1965" count="0" type="stmt"/>
      <line num="1966" count="0" type="stmt"/>
      <line num="1968" count="0" type="stmt"/>
      <line num="1969" count="0" type="cond" truecount="0" falsecount="2"/>
      <line num="1971" count="0" type="cond" truecount="0" falsecount="2"/>
      <line num="1972" count="0" type="stmt"/>
      <line num="1973" count="0" type="stmt"/>
      <line num="1975" count="0" type="stmt"/>
      <line num="1976" count="0" type="stmt"/>
      <line num="1979" count="0" type="stmt"/>
      <line num="1980" count="0" type="stmt"/>
      <line num="1984" count="0" type="cond" truecount="0" falsecount="2"/>
      <line num="1985" count="0" type="stmt"/>
      <line num="1986" count="0" type="stmt"/>
      <line num="1988" count="0" type="stmt"/>
      <line num="1989" count="0" type="stmt"/>
      <line num="1992" count="0" type="stmt"/>
      <line num="1993" count="0" type="stmt"/>
      <line num="1996" count="1" type="stmt"/>
      <line num="1997" count="1" type="stmt"/>
      <line num="2000" count="8" type="stmt"/>
      <line num="2001" count="8" type="stmt"/>
      <line num="2003" count="9" type="cond" truecount="1" falsecount="1"/>
      <line num="2004" count="0" type="stmt"/>
      <line num="2005" count="0" type="stmt"/>
      <line num="2006" count="0" type="stmt"/>
      <line num="2008" count="9" type="stmt"/>
      <line num="2009" count="9" type="stmt"/>
      <line num="2012" count="9" type="stmt"/>
      <line num="2018" count="1" type="stmt"/>
      <line num="2019" count="1" type="cond" truecount="1" falsecount="1"/>
      <line num="2020" count="0" type="stmt"/>
      <line num="2021" count="0" type="stmt"/>
      <line num="2023" count="1" type="stmt"/>
      <line num="2024" count="1" type="cond" truecount="1" falsecount="1"/>
      <line num="2026" count="1" type="cond" truecount="1" falsecount="1"/>
      <line num="2027" count="0" type="stmt"/>
      <line num="2028" count="0" type="cond" truecount="0" falsecount="2"/>
      <line num="2029" count="0" type="stmt"/>
      <line num="2030" count="0" type="stmt"/>
      <line num="2032" count="0" type="stmt"/>
      <line num="2033" count="0" type="cond" truecount="0" falsecount="2"/>
      <line num="2035" count="0" type="cond" truecount="0" falsecount="2"/>
      <line num="2036" count="0" type="stmt"/>
      <line num="2037" count="0" type="cond" truecount="0" falsecount="2"/>
      <line num="2038" count="0" type="stmt"/>
      <line num="2039" count="0" type="stmt"/>
      <line num="2041" count="0" type="stmt"/>
      <line num="2042" count="0" type="cond" truecount="0" falsecount="2"/>
      <line num="2044" count="0" type="stmt"/>
      <line num="2045" count="0" type="stmt"/>
      <line num="2046" count="0" type="cond" truecount="0" falsecount="2"/>
      <line num="2047" count="0" type="stmt"/>
      <line num="2048" count="0" type="stmt"/>
      <line num="2050" count="0" type="stmt"/>
      <line num="2051" count="0" type="cond" truecount="0" falsecount="2"/>
      <line num="2054" count="0" type="stmt"/>
      <line num="2055" count="0" type="stmt"/>
      <line num="2057" count="0" type="stmt"/>
      <line num="2058" count="0" type="stmt"/>
      <line num="2060" count="0" type="cond" truecount="0" falsecount="2"/>
      <line num="2061" count="0" type="cond" truecount="0" falsecount="2"/>
      <line num="2062" count="0" type="stmt"/>
      <line num="2063" count="0" type="stmt"/>
      <line num="2065" count="0" type="stmt"/>
      <line num="2066" count="0" type="cond" truecount="0" falsecount="2"/>
      <line num="2068" count="0" type="cond" truecount="0" falsecount="2"/>
      <line num="2069" count="0" type="stmt"/>
      <line num="2070" count="0" type="stmt"/>
      <line num="2071" count="0" type="stmt"/>
      <line num="2073" count="0" type="stmt"/>
      <line num="2074" count="0" type="stmt"/>
      <line num="2077" count="0" type="stmt"/>
      <line num="2078" count="0" type="stmt"/>
      <line num="2081" count="1" type="stmt"/>
      <line num="2082" count="1" type="stmt"/>
      <line num="2085" count="1" type="stmt"/>
      <line num="2091" count="9" type="stmt"/>
      <line num="2092" count="9" type="cond" truecount="1" falsecount="1"/>
      <line num="2093" count="0" type="stmt"/>
      <line num="2094" count="0" type="stmt"/>
      <line num="2096" count="9" type="stmt"/>
      <line num="2097" count="9" type="cond" truecount="1" falsecount="1"/>
      <line num="2099" count="9" type="cond" truecount="1" falsecount="1"/>
      <line num="2100" count="9" type="cond" truecount="2" falsecount="0"/>
      <line num="2101" count="1" type="stmt"/>
      <line num="2102" count="1" type="stmt"/>
      <line num="2104" count="8" type="stmt"/>
      <line num="2105" count="8" type="cond" truecount="1" falsecount="1"/>
      <line num="2107" count="9" type="cond" truecount="2" falsecount="0"/>
      <line num="2108" count="8" type="cond" truecount="1" falsecount="1"/>
      <line num="2109" count="8" type="stmt"/>
      <line num="2110" count="8" type="stmt"/>
      <line num="2112" count="0" type="stmt"/>
      <line num="2113" count="0" type="cond" truecount="0" falsecount="2"/>
      <line num="2115" count="8" type="cond" truecount="1" falsecount="1"/>
      <line num="2116" count="0" type="cond" truecount="0" falsecount="2"/>
      <line num="2117" count="0" type="stmt"/>
      <line num="2118" count="0" type="stmt"/>
      <line num="2120" count="0" type="stmt"/>
      <line num="2121" count="0" type="cond" truecount="0" falsecount="2"/>
      <line num="2123" count="0" type="cond" truecount="0" falsecount="2"/>
      <line num="2124" count="0" type="cond" truecount="0" falsecount="2"/>
      <line num="2125" count="0" type="stmt"/>
      <line num="2126" count="0" type="stmt"/>
      <line num="2128" count="0" type="stmt"/>
      <line num="2129" count="0" type="cond" truecount="0" falsecount="2"/>
      <line num="2131" count="0" type="cond" truecount="0" falsecount="2"/>
      <line num="2132" count="0" type="cond" truecount="0" falsecount="2"/>
      <line num="2133" count="0" type="stmt"/>
      <line num="2134" count="0" type="stmt"/>
      <line num="2136" count="0" type="stmt"/>
      <line num="2137" count="0" type="cond" truecount="0" falsecount="2"/>
      <line num="2144" count="9" type="cond" truecount="1" falsecount="1"/>
      <line num="2145" count="9" type="stmt"/>
      <line num="2146" count="9" type="stmt"/>
      <line num="2147" count="9" type="stmt"/>
      <line num="2149" count="0" type="stmt"/>
      <line num="2150" count="0" type="stmt"/>
      <line num="2153" count="9" type="stmt"/>
      <line num="2159" count="0" type="stmt"/>
      <line num="2160" count="0" type="stmt"/>
      <line num="2161" count="0" type="cond" truecount="0" falsecount="2"/>
      <line num="2162" count="0" type="stmt"/>
      <line num="2163" count="0" type="stmt"/>
      <line num="2164" count="0" type="cond" truecount="0" falsecount="2"/>
      <line num="2165" count="0" type="stmt"/>
      <line num="2167" count="0" type="stmt"/>
      <line num="2169" count="0" type="cond" truecount="0" falsecount="2"/>
      <line num="2170" count="0" type="stmt"/>
      <line num="2171" count="0" type="stmt"/>
      <line num="2173" count="0" type="stmt"/>
      <line num="2174" count="0" type="stmt"/>
      <line num="2177" count="0" type="stmt"/>
      <line num="2178" count="0" type="stmt"/>
      <line num="2181" count="0" type="stmt"/>
      <line num="2187" count="1" type="stmt"/>
      <line num="2188" count="1" type="cond" truecount="1" falsecount="1"/>
      <line num="2189" count="1" type="stmt"/>
      <line num="2190" count="1" type="stmt"/>
      <line num="2192" count="0" type="stmt"/>
      <line num="2193" count="0" type="cond" truecount="0" falsecount="2"/>
      <line num="2195" count="1" type="cond" truecount="1" falsecount="1"/>
      <line num="2196" count="1" type="stmt"/>
      <line num="2197" count="1" type="stmt"/>
      <line num="2198" count="1" type="stmt"/>
      <line num="2200" count="0" type="stmt"/>
      <line num="2201" count="0" type="stmt"/>
      <line num="2204" count="1" type="stmt"/>
      <line num="2210" count="1" type="stmt"/>
      <line num="2211" count="1" type="cond" truecount="1" falsecount="1"/>
      <line num="2212" count="1" type="stmt"/>
      <line num="2213" count="1" type="stmt"/>
      <line num="2215" count="0" type="stmt"/>
      <line num="2216" count="0" type="cond" truecount="0" falsecount="2"/>
      <line num="2218" count="1" type="cond" truecount="1" falsecount="1"/>
      <line num="2219" count="1" type="stmt"/>
      <line num="2220" count="1" type="stmt"/>
      <line num="2221" count="1" type="stmt"/>
      <line num="2223" count="0" type="stmt"/>
      <line num="2224" count="0" type="stmt"/>
      <line num="2227" count="1" type="stmt"/>
      <line num="2233" count="100" type="stmt"/>
      <line num="2234" count="100" type="cond" truecount="2" falsecount="0"/>
      <line num="2235" count="24" type="stmt"/>
      <line num="2236" count="24" type="stmt"/>
      <line num="2238" count="76" type="stmt"/>
      <line num="2239" count="76" type="cond" truecount="1" falsecount="1"/>
      <line num="2241" count="100" type="cond" truecount="2" falsecount="0"/>
      <line num="2242" count="76" type="cond" truecount="1" falsecount="1"/>
      <line num="2243" count="0" type="stmt"/>
      <line num="2244" count="0" type="stmt"/>
      <line num="2246" count="76" type="stmt"/>
      <line num="2247" count="76" type="cond" truecount="1" falsecount="1"/>
      <line num="2250" count="100" type="stmt"/>
      <line num="2251" count="24" type="stmt"/>
      <line num="2252" count="24" type="cond" truecount="1" falsecount="1"/>
      <line num="2253" count="0" type="stmt"/>
      <line num="2254" count="0" type="stmt"/>
      <line num="2256" count="24" type="stmt"/>
      <line num="2257" count="24" type="cond" truecount="1" falsecount="1"/>
      <line num="2259" count="24" type="cond" truecount="1" falsecount="1"/>
      <line num="2260" count="24" type="cond" truecount="1" falsecount="1"/>
      <line num="2261" count="0" type="stmt"/>
      <line num="2262" count="0" type="stmt"/>
      <line num="2264" count="24" type="stmt"/>
      <line num="2265" count="24" type="cond" truecount="1" falsecount="1"/>
      <line num="2270" count="100" type="stmt"/>
      <line num="2276" count="30" type="stmt"/>
      <line num="2277" count="30" type="cond" truecount="2" falsecount="0"/>
      <line num="2278" count="26" type="stmt"/>
      <line num="2279" count="26" type="stmt"/>
      <line num="2281" count="4" type="stmt"/>
      <line num="2282" count="4" type="cond" truecount="1" falsecount="1"/>
      <line num="2284" count="30" type="cond" truecount="2" falsecount="0"/>
      <line num="2285" count="26" type="stmt"/>
      <line num="2286" count="122" type="stmt"/>
      <line num="2287" count="122" type="cond" truecount="2" falsecount="0"/>
      <line num="2288" count="96" type="stmt"/>
      <line num="2289" count="96" type="stmt"/>
      <line num="2291" count="26" type="stmt"/>
      <line num="2292" count="26" type="cond" truecount="1" falsecount="1"/>
      <line num="2296" count="4" type="stmt"/>
      <line num="2299" count="30" type="stmt"/>
      <line num="2302" count="6" type="stmt"/>
      <line num="2304" count="6" type="cond" truecount="3" falsecount="1"/>
      <line num="2305" count="6" type="stmt"/>
      <line num="2307" count="0" type="cond" truecount="0" falsecount="4"/>
      <line num="2308" count="0" type="stmt"/>
      <line num="2311" count="0" type="stmt"/>
      <line num="2321" count="1" type="stmt"/>
    </file>
  </project>
</coverage>
