{"/home/oli/Documents/uni/Informatik/PSE/gitPSE/mcl-editor/src/Peggy/medcodelogic.js": {"path":"/home/oli/Documents/uni/Informatik/PSE/gitPSE/mcl-editor/src/Peggy/medcodelogic.js","statementMap":{"0":{"start":{"line":11,"column":22},"end":{"line":11,"column":53}},"1":{"start":{"line":12,"column":19},"end":{"line":12,"column":47}},"2":{"start":{"line":18,"column":24},"end":{"line":18,"column":44}},"3":{"start":{"line":20,"column":7},"end":{"line":23,"column":5}},"4":{"start":{"line":22,"column":8},"end":{"line":22,"column":46}},"5":{"start":{"line":22,"column":34},"end":{"line":22,"column":45}},"6":{"start":{"line":24,"column":9},"end":{"line":24,"column":21}},"7":{"start":{"line":34,"column":24},"end":{"line":34,"column":44}},"8":{"start":{"line":36,"column":4},"end":{"line":39,"column":5}},"9":{"start":{"line":38,"column":8},"end":{"line":38,"column":93}},"10":{"start":{"line":38,"column":81},"end":{"line":38,"column":92}},"11":{"start":{"line":40,"column":9},"end":{"line":40,"column":21}},"12":{"start":{"line":44,"column":24},"end":{"line":44,"column":44}},"13":{"start":{"line":46,"column":4},"end":{"line":49,"column":5}},"14":{"start":{"line":48,"column":8},"end":{"line":48,"column":93}},"15":{"start":{"line":48,"column":81},"end":{"line":48,"column":92}},"16":{"start":{"line":50,"column":9},"end":{"line":50,"column":21}},"17":{"start":{"line":54,"column":24},"end":{"line":54,"column":44}},"18":{"start":{"line":56,"column":4},"end":{"line":59,"column":5}},"19":{"start":{"line":58,"column":8},"end":{"line":58,"column":91}},"20":{"start":{"line":58,"column":79},"end":{"line":58,"column":90}},"21":{"start":{"line":60,"column":9},"end":{"line":60,"column":21}},"22":{"start":{"line":64,"column":24},"end":{"line":64,"column":44}},"23":{"start":{"line":66,"column":4},"end":{"line":71,"column":5}},"24":{"start":{"line":68,"column":8},"end":{"line":70,"column":9}},"25":{"start":{"line":69,"column":12},"end":{"line":69,"column":23}},"26":{"start":{"line":72,"column":9},"end":{"line":72,"column":21}},"27":{"start":{"line":81,"column":22},"end":{"line":91,"column":2}},"28":{"start":{"line":82,"column":14},"end":{"line":82,"column":16}},"29":{"start":{"line":83,"column":4},"end":{"line":89,"column":5}},"30":{"start":{"line":83,"column":16},"end":{"line":83,"column":17}},"31":{"start":{"line":84,"column":7},"end":{"line":88,"column":8}},"32":{"start":{"line":85,"column":10},"end":{"line":85,"column":44}},"33":{"start":{"line":87,"column":10},"end":{"line":87,"column":29}},"34":{"start":{"line":90,"column":4},"end":{"line":90,"column":15}},"35":{"start":{"line":94,"column":17},"end":{"line":94,"column":42}},"36":{"start":{"line":95,"column":2},"end":{"line":95,"column":33}},"37":{"start":{"line":96,"column":2},"end":{"line":96,"column":28}},"38":{"start":{"line":100,"column":13},"end":{"line":100,"column":38}},"39":{"start":{"line":105,"column":2},"end":{"line":105,"column":27}},"40":{"start":{"line":106,"column":2},"end":{"line":106,"column":21}},"41":{"start":{"line":107,"column":2},"end":{"line":107,"column":27}},"42":{"start":{"line":108,"column":2},"end":{"line":108,"column":28}},"43":{"start":{"line":109,"column":2},"end":{"line":109,"column":14}},"44":{"start":{"line":112,"column":0},"end":{"line":112,"column":37}},"45":{"start":{"line":115,"column":2},"end":{"line":115,"column":31}},"46":{"start":{"line":116,"column":2},"end":{"line":116,"column":48}},"47":{"start":{"line":116,"column":35},"end":{"line":116,"column":46}},"48":{"start":{"line":117,"column":2},"end":{"line":117,"column":29}},"49":{"start":{"line":118,"column":2},"end":{"line":118,"column":46}},"50":{"start":{"line":119,"column":2},"end":{"line":119,"column":48}},"51":{"start":{"line":122,"column":0},"end":{"line":154,"column":2}},"52":{"start":{"line":123,"column":12},"end":{"line":123,"column":36}},"53":{"start":{"line":124,"column":2},"end":{"line":152,"column":3}},"54":{"start":{"line":125,"column":14},"end":{"line":125,"column":18}},"55":{"start":{"line":127,"column":4},"end":{"line":132,"column":5}},"56":{"start":{"line":128,"column":6},"end":{"line":131,"column":7}},"57":{"start":{"line":129,"column":8},"end":{"line":129,"column":51}},"58":{"start":{"line":130,"column":8},"end":{"line":130,"column":14}},"59":{"start":{"line":133,"column":12},"end":{"line":133,"column":31}},"60":{"start":{"line":134,"column":19},"end":{"line":136,"column":9}},"61":{"start":{"line":137,"column":14},"end":{"line":137,"column":80}},"62":{"start":{"line":138,"column":4},"end":{"line":151,"column":5}},"63":{"start":{"line":139,"column":14},"end":{"line":139,"column":31}},"64":{"start":{"line":140,"column":19},"end":{"line":140,"column":71}},"65":{"start":{"line":141,"column":17},"end":{"line":141,"column":32}},"66":{"start":{"line":142,"column":17},"end":{"line":142,"column":63}},"67":{"start":{"line":143,"column":19},"end":{"line":143,"column":41}},"68":{"start":{"line":144,"column":6},"end":{"line":148,"column":40}},"69":{"start":{"line":150,"column":6},"end":{"line":150,"column":28}},"70":{"start":{"line":153,"column":2},"end":{"line":153,"column":13}},"71":{"start":{"line":156,"column":0},"end":{"line":254,"column":2}},"72":{"start":{"line":157,"column":33},"end":{"line":183,"column":3}},"73":{"start":{"line":159,"column":6},"end":{"line":159,"column":59}},"74":{"start":{"line":163,"column":25},"end":{"line":167,"column":8}},"75":{"start":{"line":164,"column":8},"end":{"line":166,"column":30}},"76":{"start":{"line":169,"column":6},"end":{"line":169,"column":83}},"77":{"start":{"line":173,"column":6},"end":{"line":173,"column":29}},"78":{"start":{"line":177,"column":6},"end":{"line":177,"column":28}},"79":{"start":{"line":181,"column":6},"end":{"line":181,"column":37}},"80":{"start":{"line":186,"column":4},"end":{"line":186,"column":55}},"81":{"start":{"line":190,"column":4},"end":{"line":198,"column":83}},"82":{"start":{"line":197,"column":55},"end":{"line":197,"column":79}},"83":{"start":{"line":198,"column":55},"end":{"line":198,"column":79}},"84":{"start":{"line":202,"column":4},"end":{"line":212,"column":83}},"85":{"start":{"line":211,"column":55},"end":{"line":211,"column":79}},"86":{"start":{"line":212,"column":55},"end":{"line":212,"column":79}},"87":{"start":{"line":216,"column":4},"end":{"line":216,"column":67}},"88":{"start":{"line":220,"column":23},"end":{"line":220,"column":56}},"89":{"start":{"line":223,"column":4},"end":{"line":223,"column":24}},"90":{"start":{"line":225,"column":4},"end":{"line":233,"column":5}},"91":{"start":{"line":226,"column":6},"end":{"line":231,"column":7}},"92":{"start":{"line":227,"column":8},"end":{"line":230,"column":9}},"93":{"start":{"line":228,"column":10},"end":{"line":228,"column":44}},"94":{"start":{"line":229,"column":10},"end":{"line":229,"column":14}},"95":{"start":{"line":232,"column":6},"end":{"line":232,"column":30}},"96":{"start":{"line":235,"column":4},"end":{"line":246,"column":5}},"97":{"start":{"line":237,"column":8},"end":{"line":237,"column":31}},"98":{"start":{"line":240,"column":8},"end":{"line":240,"column":58}},"99":{"start":{"line":243,"column":8},"end":{"line":245,"column":50}},"100":{"start":{"line":250,"column":4},"end":{"line":250,"column":71}},"101":{"start":{"line":253,"column":2},"end":{"line":253,"column":95}},"102":{"start":{"line":257,"column":2},"end":{"line":257,"column":49}},"103":{"start":{"line":259,"column":19},"end":{"line":259,"column":21}},"104":{"start":{"line":260,"column":19},"end":{"line":260,"column":40}},"105":{"start":{"line":262,"column":31},"end":{"line":262,"column":56}},"106":{"start":{"line":263,"column":30},"end":{"line":263,"column":44}},"107":{"start":{"line":265,"column":15},"end":{"line":265,"column":20}},"108":{"start":{"line":266,"column":15},"end":{"line":266,"column":19}},"109":{"start":{"line":267,"column":15},"end":{"line":267,"column":18}},"110":{"start":{"line":268,"column":15},"end":{"line":268,"column":18}},"111":{"start":{"line":269,"column":15},"end":{"line":269,"column":18}},"112":{"start":{"line":270,"column":15},"end":{"line":270,"column":18}},"113":{"start":{"line":271,"column":15},"end":{"line":271,"column":20}},"114":{"start":{"line":272,"column":15},"end":{"line":272,"column":24}},"115":{"start":{"line":273,"column":15},"end":{"line":273,"column":25}},"116":{"start":{"line":274,"column":15},"end":{"line":274,"column":20}},"117":{"start":{"line":275,"column":16},"end":{"line":275,"column":21}},"118":{"start":{"line":276,"column":16},"end":{"line":276,"column":23}},"119":{"start":{"line":277,"column":16},"end":{"line":277,"column":23}},"120":{"start":{"line":278,"column":16},"end":{"line":278,"column":19}},"121":{"start":{"line":279,"column":16},"end":{"line":279,"column":19}},"122":{"start":{"line":280,"column":16},"end":{"line":280,"column":19}},"123":{"start":{"line":281,"column":16},"end":{"line":281,"column":19}},"124":{"start":{"line":282,"column":16},"end":{"line":282,"column":22}},"125":{"start":{"line":283,"column":16},"end":{"line":283,"column":19}},"126":{"start":{"line":284,"column":16},"end":{"line":284,"column":20}},"127":{"start":{"line":285,"column":16},"end":{"line":285,"column":20}},"128":{"start":{"line":286,"column":16},"end":{"line":286,"column":19}},"129":{"start":{"line":287,"column":16},"end":{"line":287,"column":19}},"130":{"start":{"line":288,"column":16},"end":{"line":288,"column":19}},"131":{"start":{"line":289,"column":16},"end":{"line":289,"column":20}},"132":{"start":{"line":290,"column":16},"end":{"line":290,"column":19}},"133":{"start":{"line":291,"column":16},"end":{"line":291,"column":19}},"134":{"start":{"line":292,"column":16},"end":{"line":292,"column":19}},"135":{"start":{"line":294,"column":15},"end":{"line":294,"column":27}},"136":{"start":{"line":295,"column":15},"end":{"line":295,"column":23}},"137":{"start":{"line":296,"column":15},"end":{"line":296,"column":22}},"138":{"start":{"line":297,"column":15},"end":{"line":297,"column":21}},"139":{"start":{"line":298,"column":15},"end":{"line":298,"column":23}},"140":{"start":{"line":299,"column":15},"end":{"line":299,"column":21}},"141":{"start":{"line":300,"column":15},"end":{"line":300,"column":23}},"142":{"start":{"line":301,"column":15},"end":{"line":301,"column":21}},"143":{"start":{"line":302,"column":15},"end":{"line":302,"column":22}},"144":{"start":{"line":303,"column":15},"end":{"line":303,"column":30}},"145":{"start":{"line":304,"column":16},"end":{"line":304,"column":32}},"146":{"start":{"line":305,"column":16},"end":{"line":305,"column":27}},"147":{"start":{"line":306,"column":16},"end":{"line":306,"column":31}},"148":{"start":{"line":308,"column":15},"end":{"line":308,"column":50}},"149":{"start":{"line":309,"column":15},"end":{"line":309,"column":49}},"150":{"start":{"line":310,"column":15},"end":{"line":310,"column":49}},"151":{"start":{"line":311,"column":15},"end":{"line":311,"column":49}},"152":{"start":{"line":312,"column":15},"end":{"line":312,"column":49}},"153":{"start":{"line":313,"column":15},"end":{"line":313,"column":49}},"154":{"start":{"line":314,"column":15},"end":{"line":314,"column":51}},"155":{"start":{"line":315,"column":15},"end":{"line":315,"column":55}},"156":{"start":{"line":316,"column":15},"end":{"line":316,"column":56}},"157":{"start":{"line":317,"column":15},"end":{"line":317,"column":51}},"158":{"start":{"line":318,"column":16},"end":{"line":318,"column":52}},"159":{"start":{"line":319,"column":16},"end":{"line":319,"column":54}},"160":{"start":{"line":320,"column":16},"end":{"line":320,"column":54}},"161":{"start":{"line":321,"column":16},"end":{"line":321,"column":50}},"162":{"start":{"line":322,"column":16},"end":{"line":322,"column":50}},"163":{"start":{"line":323,"column":16},"end":{"line":323,"column":50}},"164":{"start":{"line":324,"column":16},"end":{"line":324,"column":50}},"165":{"start":{"line":325,"column":16},"end":{"line":325,"column":53}},"166":{"start":{"line":326,"column":16},"end":{"line":326,"column":50}},"167":{"start":{"line":327,"column":16},"end":{"line":327,"column":81}},"168":{"start":{"line":328,"column":16},"end":{"line":328,"column":64}},"169":{"start":{"line":329,"column":16},"end":{"line":329,"column":62}},"170":{"start":{"line":330,"column":16},"end":{"line":330,"column":57}},"171":{"start":{"line":331,"column":16},"end":{"line":331,"column":64}},"172":{"start":{"line":332,"column":16},"end":{"line":332,"column":57}},"173":{"start":{"line":333,"column":16},"end":{"line":333,"column":64}},"174":{"start":{"line":334,"column":16},"end":{"line":334,"column":57}},"175":{"start":{"line":335,"column":16},"end":{"line":335,"column":62}},"176":{"start":{"line":336,"column":16},"end":{"line":336,"column":93}},"177":{"start":{"line":337,"column":16},"end":{"line":337,"column":98}},"178":{"start":{"line":338,"column":16},"end":{"line":338,"column":51}},"179":{"start":{"line":339,"column":16},"end":{"line":339,"column":51}},"180":{"start":{"line":340,"column":16},"end":{"line":340,"column":50}},"181":{"start":{"line":341,"column":16},"end":{"line":341,"column":50}},"182":{"start":{"line":342,"column":16},"end":{"line":342,"column":50}},"183":{"start":{"line":343,"column":16},"end":{"line":343,"column":51}},"184":{"start":{"line":344,"column":16},"end":{"line":344,"column":50}},"185":{"start":{"line":345,"column":16},"end":{"line":345,"column":50}},"186":{"start":{"line":346,"column":16},"end":{"line":346,"column":50}},"187":{"start":{"line":347,"column":16},"end":{"line":347,"column":70}},"188":{"start":{"line":348,"column":16},"end":{"line":348,"column":93}},"189":{"start":{"line":350,"column":15},"end":{"line":350,"column":70}},"190":{"start":{"line":350,"column":37},"end":{"line":350,"column":69}},"191":{"start":{"line":351,"column":15},"end":{"line":351,"column":78}},"192":{"start":{"line":351,"column":39},"end":{"line":351,"column":76}},"193":{"start":{"line":352,"column":15},"end":{"line":352,"column":74}},"194":{"start":{"line":352,"column":39},"end":{"line":352,"column":73}},"195":{"start":{"line":353,"column":15},"end":{"line":353,"column":78}},"196":{"start":{"line":353,"column":39},"end":{"line":353,"column":76}},"197":{"start":{"line":354,"column":15},"end":{"line":354,"column":74}},"198":{"start":{"line":354,"column":39},"end":{"line":354,"column":73}},"199":{"start":{"line":355,"column":15},"end":{"line":355,"column":76}},"200":{"start":{"line":355,"column":39},"end":{"line":355,"column":74}},"201":{"start":{"line":356,"column":15},"end":{"line":356,"column":74}},"202":{"start":{"line":356,"column":39},"end":{"line":356,"column":73}},"203":{"start":{"line":357,"column":15},"end":{"line":357,"column":76}},"204":{"start":{"line":357,"column":39},"end":{"line":357,"column":74}},"205":{"start":{"line":358,"column":15},"end":{"line":358,"column":74}},"206":{"start":{"line":358,"column":39},"end":{"line":358,"column":73}},"207":{"start":{"line":359,"column":15},"end":{"line":359,"column":62}},"208":{"start":{"line":359,"column":33},"end":{"line":359,"column":61}},"209":{"start":{"line":360,"column":16},"end":{"line":360,"column":65}},"210":{"start":{"line":360,"column":37},"end":{"line":360,"column":64}},"211":{"start":{"line":361,"column":16},"end":{"line":361,"column":54}},"212":{"start":{"line":361,"column":37},"end":{"line":361,"column":53}},"213":{"start":{"line":362,"column":20},"end":{"line":362,"column":21}},"214":{"start":{"line":363,"column":21},"end":{"line":363,"column":22}},"215":{"start":{"line":364,"column":28},"end":{"line":364,"column":52}},"216":{"start":{"line":365,"column":23},"end":{"line":365,"column":24}},"217":{"start":{"line":366,"column":28},"end":{"line":366,"column":30}},"218":{"start":{"line":367,"column":24},"end":{"line":367,"column":25}},"219":{"start":{"line":371,"column":2},"end":{"line":377,"column":3}},"220":{"start":{"line":372,"column":4},"end":{"line":374,"column":5}},"221":{"start":{"line":373,"column":6},"end":{"line":373,"column":86}},"222":{"start":{"line":376,"column":4},"end":{"line":376,"column":70}},"223":{"start":{"line":380,"column":4},"end":{"line":380,"column":54}},"224":{"start":{"line":384,"column":4},"end":{"line":384,"column":24}},"225":{"start":{"line":388,"column":4},"end":{"line":392,"column":6}},"226":{"start":{"line":396,"column":4},"end":{"line":396,"column":58}},"227":{"start":{"line":400,"column":4},"end":{"line":402,"column":55}},"228":{"start":{"line":404,"column":4},"end":{"line":408,"column":6}},"229":{"start":{"line":412,"column":4},"end":{"line":414,"column":55}},"230":{"start":{"line":416,"column":4},"end":{"line":416,"column":50}},"231":{"start":{"line":420,"column":4},"end":{"line":420,"column":67}},"232":{"start":{"line":424,"column":4},"end":{"line":424,"column":87}},"233":{"start":{"line":428,"column":4},"end":{"line":428,"column":27}},"234":{"start":{"line":432,"column":4},"end":{"line":432,"column":27}},"235":{"start":{"line":436,"column":4},"end":{"line":436,"column":55}},"236":{"start":{"line":440,"column":18},"end":{"line":440,"column":42}},"237":{"start":{"line":443,"column":4},"end":{"line":471,"column":5}},"238":{"start":{"line":444,"column":6},"end":{"line":444,"column":21}},"239":{"start":{"line":446,"column":6},"end":{"line":446,"column":18}},"240":{"start":{"line":447,"column":6},"end":{"line":449,"column":7}},"241":{"start":{"line":448,"column":8},"end":{"line":448,"column":12}},"242":{"start":{"line":451,"column":6},"end":{"line":451,"column":39}},"243":{"start":{"line":452,"column":6},"end":{"line":455,"column":8}},"244":{"start":{"line":457,"column":6},"end":{"line":466,"column":7}},"245":{"start":{"line":458,"column":8},"end":{"line":463,"column":9}},"246":{"start":{"line":459,"column":10},"end":{"line":459,"column":25}},"247":{"start":{"line":460,"column":10},"end":{"line":460,"column":29}},"248":{"start":{"line":462,"column":10},"end":{"line":462,"column":27}},"249":{"start":{"line":465,"column":8},"end":{"line":465,"column":12}},"250":{"start":{"line":468,"column":6},"end":{"line":468,"column":41}},"251":{"start":{"line":470,"column":6},"end":{"line":470,"column":21}},"252":{"start":{"line":475,"column":26},"end":{"line":475,"column":57}},"253":{"start":{"line":476,"column":24},"end":{"line":476,"column":53}},"254":{"start":{"line":478,"column":14},"end":{"line":490,"column":5}},"255":{"start":{"line":491,"column":4},"end":{"line":494,"column":5}},"256":{"start":{"line":492,"column":6},"end":{"line":492,"column":47}},"257":{"start":{"line":493,"column":6},"end":{"line":493,"column":43}},"258":{"start":{"line":495,"column":4},"end":{"line":495,"column":15}},"259":{"start":{"line":499,"column":4},"end":{"line":499,"column":49}},"260":{"start":{"line":499,"column":40},"end":{"line":499,"column":47}},"261":{"start":{"line":501,"column":4},"end":{"line":504,"column":5}},"262":{"start":{"line":502,"column":6},"end":{"line":502,"column":35}},"263":{"start":{"line":503,"column":6},"end":{"line":503,"column":31}},"264":{"start":{"line":506,"column":4},"end":{"line":506,"column":39}},"265":{"start":{"line":510,"column":4},"end":{"line":510,"column":62}},"266":{"start":{"line":514,"column":4},"end":{"line":519,"column":6}},"267":{"start":{"line":525,"column":4},"end":{"line":525,"column":21}},"268":{"start":{"line":526,"column":4},"end":{"line":526,"column":31}},"269":{"start":{"line":527,"column":4},"end":{"line":530,"column":5}},"270":{"start":{"line":528,"column":6},"end":{"line":528,"column":24}},"271":{"start":{"line":529,"column":6},"end":{"line":529,"column":22}},"272":{"start":{"line":531,"column":4},"end":{"line":531,"column":12}},"273":{"start":{"line":533,"column":4},"end":{"line":533,"column":14}},"274":{"start":{"line":539,"column":4},"end":{"line":539,"column":21}},"275":{"start":{"line":540,"column":4},"end":{"line":540,"column":37}},"276":{"start":{"line":541,"column":4},"end":{"line":555,"column":5}},"277":{"start":{"line":542,"column":6},"end":{"line":542,"column":24}},"278":{"start":{"line":543,"column":6},"end":{"line":543,"column":14}},"279":{"start":{"line":544,"column":6},"end":{"line":544,"column":29}},"280":{"start":{"line":545,"column":6},"end":{"line":548,"column":7}},"281":{"start":{"line":546,"column":8},"end":{"line":546,"column":20}},"282":{"start":{"line":547,"column":8},"end":{"line":547,"column":31}},"283":{"start":{"line":549,"column":6},"end":{"line":549,"column":24}},"284":{"start":{"line":550,"column":6},"end":{"line":550,"column":28}},"285":{"start":{"line":551,"column":6},"end":{"line":551,"column":14}},"286":{"start":{"line":553,"column":6},"end":{"line":553,"column":23}},"287":{"start":{"line":554,"column":6},"end":{"line":554,"column":22}},"288":{"start":{"line":557,"column":4},"end":{"line":557,"column":14}},"289":{"start":{"line":563,"column":4},"end":{"line":563,"column":21}},"290":{"start":{"line":564,"column":4},"end":{"line":570,"column":5}},"291":{"start":{"line":565,"column":6},"end":{"line":565,"column":40}},"292":{"start":{"line":566,"column":6},"end":{"line":566,"column":23}},"293":{"start":{"line":568,"column":6},"end":{"line":568,"column":22}},"294":{"start":{"line":569,"column":6},"end":{"line":569,"column":54}},"295":{"start":{"line":569,"column":35},"end":{"line":569,"column":52}},"296":{"start":{"line":571,"column":4},"end":{"line":579,"column":5}},"297":{"start":{"line":572,"column":6},"end":{"line":578,"column":7}},"298":{"start":{"line":573,"column":8},"end":{"line":573,"column":42}},"299":{"start":{"line":574,"column":8},"end":{"line":574,"column":25}},"300":{"start":{"line":576,"column":8},"end":{"line":576,"column":24}},"301":{"start":{"line":577,"column":8},"end":{"line":577,"column":56}},"302":{"start":{"line":577,"column":37},"end":{"line":577,"column":54}},"303":{"start":{"line":580,"column":4},"end":{"line":594,"column":5}},"304":{"start":{"line":581,"column":6},"end":{"line":581,"column":24}},"305":{"start":{"line":582,"column":6},"end":{"line":582,"column":39}},"306":{"start":{"line":583,"column":6},"end":{"line":590,"column":7}},"307":{"start":{"line":584,"column":8},"end":{"line":584,"column":26}},"308":{"start":{"line":585,"column":8},"end":{"line":585,"column":30}},"309":{"start":{"line":586,"column":8},"end":{"line":586,"column":16}},"310":{"start":{"line":588,"column":8},"end":{"line":588,"column":25}},"311":{"start":{"line":589,"column":8},"end":{"line":589,"column":24}},"312":{"start":{"line":592,"column":6},"end":{"line":592,"column":23}},"313":{"start":{"line":593,"column":6},"end":{"line":593,"column":22}},"314":{"start":{"line":596,"column":4},"end":{"line":596,"column":14}},"315":{"start":{"line":602,"column":4},"end":{"line":602,"column":21}},"316":{"start":{"line":603,"column":4},"end":{"line":603,"column":31}},"317":{"start":{"line":604,"column":4},"end":{"line":618,"column":5}},"318":{"start":{"line":605,"column":6},"end":{"line":605,"column":34}},"319":{"start":{"line":606,"column":6},"end":{"line":617,"column":7}},"320":{"start":{"line":607,"column":8},"end":{"line":607,"column":31}},"321":{"start":{"line":608,"column":8},"end":{"line":616,"column":9}},"322":{"start":{"line":609,"column":10},"end":{"line":609,"column":34}},"323":{"start":{"line":610,"column":10},"end":{"line":615,"column":11}},"324":{"start":{"line":611,"column":12},"end":{"line":611,"column":37}},"325":{"start":{"line":612,"column":12},"end":{"line":614,"column":13}},"326":{"start":{"line":613,"column":14},"end":{"line":613,"column":39}},"327":{"start":{"line":619,"column":4},"end":{"line":626,"column":5}},"328":{"start":{"line":620,"column":6},"end":{"line":620,"column":24}},"329":{"start":{"line":621,"column":6},"end":{"line":621,"column":20}},"330":{"start":{"line":622,"column":6},"end":{"line":622,"column":14}},"331":{"start":{"line":624,"column":6},"end":{"line":624,"column":23}},"332":{"start":{"line":625,"column":6},"end":{"line":625,"column":22}},"333":{"start":{"line":628,"column":4},"end":{"line":628,"column":14}},"334":{"start":{"line":634,"column":4},"end":{"line":634,"column":21}},"335":{"start":{"line":635,"column":4},"end":{"line":635,"column":21}},"336":{"start":{"line":636,"column":4},"end":{"line":636,"column":32}},"337":{"start":{"line":637,"column":4},"end":{"line":645,"column":5}},"338":{"start":{"line":638,"column":6},"end":{"line":638,"column":36}},"339":{"start":{"line":639,"column":6},"end":{"line":644,"column":7}},"340":{"start":{"line":640,"column":8},"end":{"line":640,"column":38}},"341":{"start":{"line":641,"column":8},"end":{"line":643,"column":9}},"342":{"start":{"line":642,"column":10},"end":{"line":642,"column":38}},"343":{"start":{"line":646,"column":4},"end":{"line":653,"column":5}},"344":{"start":{"line":647,"column":6},"end":{"line":647,"column":24}},"345":{"start":{"line":648,"column":6},"end":{"line":648,"column":20}},"346":{"start":{"line":649,"column":6},"end":{"line":649,"column":14}},"347":{"start":{"line":651,"column":6},"end":{"line":651,"column":23}},"348":{"start":{"line":652,"column":6},"end":{"line":652,"column":22}},"349":{"start":{"line":654,"column":4},"end":{"line":682,"column":5}},"350":{"start":{"line":655,"column":6},"end":{"line":655,"column":23}},"351":{"start":{"line":656,"column":6},"end":{"line":656,"column":29}},"352":{"start":{"line":657,"column":6},"end":{"line":681,"column":7}},"353":{"start":{"line":658,"column":8},"end":{"line":658,"column":38}},"354":{"start":{"line":659,"column":8},"end":{"line":664,"column":9}},"355":{"start":{"line":660,"column":10},"end":{"line":660,"column":40}},"356":{"start":{"line":661,"column":10},"end":{"line":663,"column":11}},"357":{"start":{"line":662,"column":12},"end":{"line":662,"column":40}},"358":{"start":{"line":665,"column":8},"end":{"line":677,"column":9}},"359":{"start":{"line":666,"column":10},"end":{"line":666,"column":33}},"360":{"start":{"line":667,"column":10},"end":{"line":673,"column":11}},"361":{"start":{"line":668,"column":12},"end":{"line":668,"column":30}},"362":{"start":{"line":669,"column":12},"end":{"line":669,"column":20}},"363":{"start":{"line":671,"column":12},"end":{"line":671,"column":29}},"364":{"start":{"line":672,"column":12},"end":{"line":672,"column":28}},"365":{"start":{"line":675,"column":10},"end":{"line":675,"column":27}},"366":{"start":{"line":676,"column":10},"end":{"line":676,"column":26}},"367":{"start":{"line":679,"column":8},"end":{"line":679,"column":25}},"368":{"start":{"line":680,"column":8},"end":{"line":680,"column":24}},"369":{"start":{"line":683,"column":4},"end":{"line":690,"column":5}},"370":{"start":{"line":684,"column":6},"end":{"line":684,"column":24}},"371":{"start":{"line":685,"column":6},"end":{"line":685,"column":20}},"372":{"start":{"line":686,"column":6},"end":{"line":686,"column":14}},"373":{"start":{"line":688,"column":6},"end":{"line":688,"column":23}},"374":{"start":{"line":689,"column":6},"end":{"line":689,"column":22}},"375":{"start":{"line":692,"column":4},"end":{"line":692,"column":14}},"376":{"start":{"line":698,"column":4},"end":{"line":698,"column":21}},"377":{"start":{"line":699,"column":4},"end":{"line":699,"column":43}},"378":{"start":{"line":700,"column":4},"end":{"line":819,"column":5}},"379":{"start":{"line":701,"column":6},"end":{"line":701,"column":24}},"380":{"start":{"line":702,"column":6},"end":{"line":702,"column":14}},"381":{"start":{"line":703,"column":6},"end":{"line":703,"column":23}},"382":{"start":{"line":704,"column":6},"end":{"line":710,"column":7}},"383":{"start":{"line":705,"column":8},"end":{"line":705,"column":20}},"384":{"start":{"line":706,"column":8},"end":{"line":706,"column":22}},"385":{"start":{"line":708,"column":8},"end":{"line":708,"column":24}},"386":{"start":{"line":709,"column":8},"end":{"line":709,"column":56}},"387":{"start":{"line":709,"column":37},"end":{"line":709,"column":54}},"388":{"start":{"line":711,"column":6},"end":{"line":737,"column":7}},"389":{"start":{"line":712,"column":8},"end":{"line":718,"column":9}},"390":{"start":{"line":713,"column":10},"end":{"line":713,"column":22}},"391":{"start":{"line":714,"column":10},"end":{"line":714,"column":24}},"392":{"start":{"line":716,"column":10},"end":{"line":716,"column":26}},"393":{"start":{"line":717,"column":10},"end":{"line":717,"column":58}},"394":{"start":{"line":717,"column":39},"end":{"line":717,"column":56}},"395":{"start":{"line":719,"column":8},"end":{"line":736,"column":9}},"396":{"start":{"line":720,"column":10},"end":{"line":726,"column":11}},"397":{"start":{"line":721,"column":12},"end":{"line":721,"column":24}},"398":{"start":{"line":722,"column":12},"end":{"line":722,"column":26}},"399":{"start":{"line":724,"column":12},"end":{"line":724,"column":28}},"400":{"start":{"line":725,"column":12},"end":{"line":725,"column":60}},"401":{"start":{"line":725,"column":41},"end":{"line":725,"column":58}},"402":{"start":{"line":727,"column":10},"end":{"line":735,"column":11}},"403":{"start":{"line":728,"column":12},"end":{"line":734,"column":13}},"404":{"start":{"line":729,"column":14},"end":{"line":729,"column":26}},"405":{"start":{"line":730,"column":14},"end":{"line":730,"column":28}},"406":{"start":{"line":732,"column":14},"end":{"line":732,"column":30}},"407":{"start":{"line":733,"column":14},"end":{"line":733,"column":62}},"408":{"start":{"line":733,"column":43},"end":{"line":733,"column":60}},"409":{"start":{"line":738,"column":6},"end":{"line":751,"column":7}},"410":{"start":{"line":739,"column":8},"end":{"line":739,"column":26}},"411":{"start":{"line":740,"column":8},"end":{"line":740,"column":47}},"412":{"start":{"line":741,"column":8},"end":{"line":747,"column":9}},"413":{"start":{"line":742,"column":10},"end":{"line":742,"column":28}},"414":{"start":{"line":743,"column":10},"end":{"line":743,"column":18}},"415":{"start":{"line":745,"column":10},"end":{"line":745,"column":27}},"416":{"start":{"line":746,"column":10},"end":{"line":746,"column":26}},"417":{"start":{"line":749,"column":8},"end":{"line":749,"column":25}},"418":{"start":{"line":750,"column":8},"end":{"line":750,"column":24}},"419":{"start":{"line":752,"column":6},"end":{"line":807,"column":7}},"420":{"start":{"line":753,"column":8},"end":{"line":804,"column":9}},"421":{"start":{"line":754,"column":10},"end":{"line":754,"column":22}},"422":{"start":{"line":755,"column":10},"end":{"line":755,"column":27}},"423":{"start":{"line":756,"column":10},"end":{"line":762,"column":11}},"424":{"start":{"line":757,"column":12},"end":{"line":757,"column":24}},"425":{"start":{"line":758,"column":12},"end":{"line":758,"column":26}},"426":{"start":{"line":760,"column":12},"end":{"line":760,"column":28}},"427":{"start":{"line":761,"column":12},"end":{"line":761,"column":60}},"428":{"start":{"line":761,"column":41},"end":{"line":761,"column":58}},"429":{"start":{"line":763,"column":10},"end":{"line":789,"column":11}},"430":{"start":{"line":764,"column":12},"end":{"line":770,"column":13}},"431":{"start":{"line":765,"column":14},"end":{"line":765,"column":26}},"432":{"start":{"line":766,"column":14},"end":{"line":766,"column":28}},"433":{"start":{"line":768,"column":14},"end":{"line":768,"column":30}},"434":{"start":{"line":769,"column":14},"end":{"line":769,"column":62}},"435":{"start":{"line":769,"column":43},"end":{"line":769,"column":60}},"436":{"start":{"line":771,"column":12},"end":{"line":788,"column":13}},"437":{"start":{"line":772,"column":14},"end":{"line":778,"column":15}},"438":{"start":{"line":773,"column":16},"end":{"line":773,"column":28}},"439":{"start":{"line":774,"column":16},"end":{"line":774,"column":30}},"440":{"start":{"line":776,"column":16},"end":{"line":776,"column":32}},"441":{"start":{"line":777,"column":16},"end":{"line":777,"column":64}},"442":{"start":{"line":777,"column":45},"end":{"line":777,"column":62}},"443":{"start":{"line":779,"column":14},"end":{"line":787,"column":15}},"444":{"start":{"line":780,"column":16},"end":{"line":786,"column":17}},"445":{"start":{"line":781,"column":18},"end":{"line":781,"column":30}},"446":{"start":{"line":782,"column":18},"end":{"line":782,"column":32}},"447":{"start":{"line":784,"column":18},"end":{"line":784,"column":34}},"448":{"start":{"line":785,"column":18},"end":{"line":785,"column":66}},"449":{"start":{"line":785,"column":47},"end":{"line":785,"column":64}},"450":{"start":{"line":790,"column":10},"end":{"line":803,"column":11}},"451":{"start":{"line":791,"column":12},"end":{"line":791,"column":30}},"452":{"start":{"line":792,"column":12},"end":{"line":792,"column":51}},"453":{"start":{"line":793,"column":12},"end":{"line":799,"column":13}},"454":{"start":{"line":794,"column":14},"end":{"line":794,"column":32}},"455":{"start":{"line":795,"column":14},"end":{"line":795,"column":22}},"456":{"start":{"line":797,"column":14},"end":{"line":797,"column":31}},"457":{"start":{"line":798,"column":14},"end":{"line":798,"column":30}},"458":{"start":{"line":801,"column":12},"end":{"line":801,"column":29}},"459":{"start":{"line":802,"column":12},"end":{"line":802,"column":28}},"460":{"start":{"line":806,"column":8},"end":{"line":806,"column":24}},"461":{"start":{"line":808,"column":6},"end":{"line":815,"column":7}},"462":{"start":{"line":809,"column":8},"end":{"line":809,"column":26}},"463":{"start":{"line":810,"column":8},"end":{"line":810,"column":30}},"464":{"start":{"line":811,"column":8},"end":{"line":811,"column":16}},"465":{"start":{"line":813,"column":8},"end":{"line":813,"column":25}},"466":{"start":{"line":814,"column":8},"end":{"line":814,"column":24}},"467":{"start":{"line":817,"column":6},"end":{"line":817,"column":23}},"468":{"start":{"line":818,"column":6},"end":{"line":818,"column":22}},"469":{"start":{"line":821,"column":4},"end":{"line":821,"column":14}},"470":{"start":{"line":827,"column":4},"end":{"line":827,"column":21}},"471":{"start":{"line":828,"column":4},"end":{"line":828,"column":43}},"472":{"start":{"line":829,"column":4},"end":{"line":849,"column":5}},"473":{"start":{"line":830,"column":6},"end":{"line":830,"column":24}},"474":{"start":{"line":831,"column":6},"end":{"line":831,"column":31}},"475":{"start":{"line":832,"column":6},"end":{"line":845,"column":7}},"476":{"start":{"line":833,"column":8},"end":{"line":833,"column":26}},"477":{"start":{"line":834,"column":8},"end":{"line":834,"column":47}},"478":{"start":{"line":835,"column":8},"end":{"line":841,"column":9}},"479":{"start":{"line":836,"column":10},"end":{"line":836,"column":36}},"480":{"start":{"line":837,"column":10},"end":{"line":837,"column":18}},"481":{"start":{"line":839,"column":10},"end":{"line":839,"column":27}},"482":{"start":{"line":840,"column":10},"end":{"line":840,"column":26}},"483":{"start":{"line":843,"column":8},"end":{"line":843,"column":25}},"484":{"start":{"line":844,"column":8},"end":{"line":844,"column":24}},"485":{"start":{"line":847,"column":6},"end":{"line":847,"column":23}},"486":{"start":{"line":848,"column":6},"end":{"line":848,"column":22}},"487":{"start":{"line":851,"column":4},"end":{"line":851,"column":14}},"488":{"start":{"line":857,"column":4},"end":{"line":857,"column":21}},"489":{"start":{"line":858,"column":4},"end":{"line":858,"column":43}},"490":{"start":{"line":859,"column":4},"end":{"line":879,"column":5}},"491":{"start":{"line":860,"column":6},"end":{"line":860,"column":24}},"492":{"start":{"line":861,"column":6},"end":{"line":861,"column":31}},"493":{"start":{"line":862,"column":6},"end":{"line":875,"column":7}},"494":{"start":{"line":863,"column":8},"end":{"line":863,"column":26}},"495":{"start":{"line":864,"column":8},"end":{"line":864,"column":47}},"496":{"start":{"line":865,"column":8},"end":{"line":871,"column":9}},"497":{"start":{"line":866,"column":10},"end":{"line":866,"column":36}},"498":{"start":{"line":867,"column":10},"end":{"line":867,"column":18}},"499":{"start":{"line":869,"column":10},"end":{"line":869,"column":27}},"500":{"start":{"line":870,"column":10},"end":{"line":870,"column":26}},"501":{"start":{"line":873,"column":8},"end":{"line":873,"column":25}},"502":{"start":{"line":874,"column":8},"end":{"line":874,"column":24}},"503":{"start":{"line":877,"column":6},"end":{"line":877,"column":23}},"504":{"start":{"line":878,"column":6},"end":{"line":878,"column":22}},"505":{"start":{"line":881,"column":4},"end":{"line":881,"column":14}},"506":{"start":{"line":887,"column":4},"end":{"line":887,"column":21}},"507":{"start":{"line":888,"column":4},"end":{"line":888,"column":39}},"508":{"start":{"line":889,"column":4},"end":{"line":909,"column":5}},"509":{"start":{"line":890,"column":6},"end":{"line":890,"column":24}},"510":{"start":{"line":891,"column":6},"end":{"line":891,"column":31}},"511":{"start":{"line":892,"column":6},"end":{"line":905,"column":7}},"512":{"start":{"line":893,"column":8},"end":{"line":893,"column":26}},"513":{"start":{"line":894,"column":8},"end":{"line":894,"column":43}},"514":{"start":{"line":895,"column":8},"end":{"line":901,"column":9}},"515":{"start":{"line":896,"column":10},"end":{"line":896,"column":36}},"516":{"start":{"line":897,"column":10},"end":{"line":897,"column":18}},"517":{"start":{"line":899,"column":10},"end":{"line":899,"column":27}},"518":{"start":{"line":900,"column":10},"end":{"line":900,"column":26}},"519":{"start":{"line":903,"column":8},"end":{"line":903,"column":25}},"520":{"start":{"line":904,"column":8},"end":{"line":904,"column":24}},"521":{"start":{"line":907,"column":6},"end":{"line":907,"column":23}},"522":{"start":{"line":908,"column":6},"end":{"line":908,"column":22}},"523":{"start":{"line":911,"column":4},"end":{"line":911,"column":14}},"524":{"start":{"line":917,"column":4},"end":{"line":917,"column":21}},"525":{"start":{"line":918,"column":4},"end":{"line":918,"column":39}},"526":{"start":{"line":919,"column":4},"end":{"line":939,"column":5}},"527":{"start":{"line":920,"column":6},"end":{"line":920,"column":24}},"528":{"start":{"line":921,"column":6},"end":{"line":921,"column":31}},"529":{"start":{"line":922,"column":6},"end":{"line":935,"column":7}},"530":{"start":{"line":923,"column":8},"end":{"line":923,"column":26}},"531":{"start":{"line":924,"column":8},"end":{"line":924,"column":43}},"532":{"start":{"line":925,"column":8},"end":{"line":931,"column":9}},"533":{"start":{"line":926,"column":10},"end":{"line":926,"column":36}},"534":{"start":{"line":927,"column":10},"end":{"line":927,"column":18}},"535":{"start":{"line":929,"column":10},"end":{"line":929,"column":27}},"536":{"start":{"line":930,"column":10},"end":{"line":930,"column":26}},"537":{"start":{"line":933,"column":8},"end":{"line":933,"column":25}},"538":{"start":{"line":934,"column":8},"end":{"line":934,"column":24}},"539":{"start":{"line":937,"column":6},"end":{"line":937,"column":23}},"540":{"start":{"line":938,"column":6},"end":{"line":938,"column":22}},"541":{"start":{"line":941,"column":4},"end":{"line":941,"column":14}},"542":{"start":{"line":947,"column":4},"end":{"line":947,"column":21}},"543":{"start":{"line":948,"column":4},"end":{"line":948,"column":29}},"544":{"start":{"line":949,"column":4},"end":{"line":991,"column":5}},"545":{"start":{"line":950,"column":6},"end":{"line":950,"column":24}},"546":{"start":{"line":951,"column":6},"end":{"line":957,"column":7}},"547":{"start":{"line":952,"column":8},"end":{"line":952,"column":20}},"548":{"start":{"line":953,"column":8},"end":{"line":953,"column":25}},"549":{"start":{"line":955,"column":8},"end":{"line":955,"column":24}},"550":{"start":{"line":956,"column":8},"end":{"line":956,"column":56}},"551":{"start":{"line":956,"column":37},"end":{"line":956,"column":54}},"552":{"start":{"line":958,"column":6},"end":{"line":960,"column":7}},"553":{"start":{"line":959,"column":8},"end":{"line":959,"column":16}},"554":{"start":{"line":961,"column":6},"end":{"line":987,"column":7}},"555":{"start":{"line":962,"column":8},"end":{"line":962,"column":26}},"556":{"start":{"line":963,"column":8},"end":{"line":969,"column":9}},"557":{"start":{"line":964,"column":10},"end":{"line":964,"column":22}},"558":{"start":{"line":965,"column":10},"end":{"line":965,"column":27}},"559":{"start":{"line":967,"column":10},"end":{"line":967,"column":26}},"560":{"start":{"line":968,"column":10},"end":{"line":968,"column":58}},"561":{"start":{"line":968,"column":39},"end":{"line":968,"column":56}},"562":{"start":{"line":970,"column":8},"end":{"line":983,"column":9}},"563":{"start":{"line":971,"column":10},"end":{"line":971,"column":28}},"564":{"start":{"line":972,"column":10},"end":{"line":972,"column":35}},"565":{"start":{"line":973,"column":10},"end":{"line":979,"column":11}},"566":{"start":{"line":974,"column":12},"end":{"line":974,"column":46}},"567":{"start":{"line":975,"column":12},"end":{"line":975,"column":20}},"568":{"start":{"line":977,"column":12},"end":{"line":977,"column":29}},"569":{"start":{"line":978,"column":12},"end":{"line":978,"column":28}},"570":{"start":{"line":981,"column":10},"end":{"line":981,"column":27}},"571":{"start":{"line":982,"column":10},"end":{"line":982,"column":26}},"572":{"start":{"line":985,"column":8},"end":{"line":985,"column":25}},"573":{"start":{"line":986,"column":8},"end":{"line":986,"column":24}},"574":{"start":{"line":989,"column":6},"end":{"line":989,"column":23}},"575":{"start":{"line":990,"column":6},"end":{"line":990,"column":22}},"576":{"start":{"line":993,"column":4},"end":{"line":993,"column":14}},"577":{"start":{"line":999,"column":4},"end":{"line":999,"column":21}},"578":{"start":{"line":1000,"column":4},"end":{"line":1000,"column":29}},"579":{"start":{"line":1001,"column":4},"end":{"line":1044,"column":5}},"580":{"start":{"line":1002,"column":6},"end":{"line":1002,"column":24}},"581":{"start":{"line":1003,"column":6},"end":{"line":1009,"column":7}},"582":{"start":{"line":1004,"column":8},"end":{"line":1004,"column":20}},"583":{"start":{"line":1005,"column":8},"end":{"line":1005,"column":25}},"584":{"start":{"line":1007,"column":8},"end":{"line":1007,"column":24}},"585":{"start":{"line":1008,"column":8},"end":{"line":1008,"column":56}},"586":{"start":{"line":1008,"column":37},"end":{"line":1008,"column":54}},"587":{"start":{"line":1010,"column":6},"end":{"line":1012,"column":7}},"588":{"start":{"line":1011,"column":8},"end":{"line":1011,"column":16}},"589":{"start":{"line":1013,"column":6},"end":{"line":1040,"column":7}},"590":{"start":{"line":1014,"column":8},"end":{"line":1014,"column":26}},"591":{"start":{"line":1015,"column":8},"end":{"line":1021,"column":9}},"592":{"start":{"line":1016,"column":10},"end":{"line":1016,"column":22}},"593":{"start":{"line":1017,"column":10},"end":{"line":1017,"column":27}},"594":{"start":{"line":1019,"column":10},"end":{"line":1019,"column":26}},"595":{"start":{"line":1020,"column":10},"end":{"line":1020,"column":58}},"596":{"start":{"line":1020,"column":39},"end":{"line":1020,"column":56}},"597":{"start":{"line":1022,"column":8},"end":{"line":1036,"column":9}},"598":{"start":{"line":1023,"column":10},"end":{"line":1023,"column":28}},"599":{"start":{"line":1024,"column":10},"end":{"line":1024,"column":36}},"600":{"start":{"line":1025,"column":10},"end":{"line":1032,"column":11}},"601":{"start":{"line":1026,"column":12},"end":{"line":1026,"column":30}},"602":{"start":{"line":1027,"column":12},"end":{"line":1027,"column":50}},"603":{"start":{"line":1028,"column":12},"end":{"line":1028,"column":20}},"604":{"start":{"line":1030,"column":12},"end":{"line":1030,"column":29}},"605":{"start":{"line":1031,"column":12},"end":{"line":1031,"column":28}},"606":{"start":{"line":1034,"column":10},"end":{"line":1034,"column":27}},"607":{"start":{"line":1035,"column":10},"end":{"line":1035,"column":26}},"608":{"start":{"line":1038,"column":8},"end":{"line":1038,"column":25}},"609":{"start":{"line":1039,"column":8},"end":{"line":1039,"column":24}},"610":{"start":{"line":1042,"column":6},"end":{"line":1042,"column":23}},"611":{"start":{"line":1043,"column":6},"end":{"line":1043,"column":22}},"612":{"start":{"line":1046,"column":4},"end":{"line":1046,"column":14}},"613":{"start":{"line":1052,"column":4},"end":{"line":1052,"column":21}},"614":{"start":{"line":1053,"column":4},"end":{"line":1053,"column":25}},"615":{"start":{"line":1054,"column":4},"end":{"line":1065,"column":5}},"616":{"start":{"line":1055,"column":6},"end":{"line":1055,"column":30}},"617":{"start":{"line":1056,"column":6},"end":{"line":1064,"column":7}},"618":{"start":{"line":1057,"column":8},"end":{"line":1057,"column":30}},"619":{"start":{"line":1058,"column":8},"end":{"line":1063,"column":9}},"620":{"start":{"line":1059,"column":10},"end":{"line":1059,"column":32}},"621":{"start":{"line":1060,"column":10},"end":{"line":1062,"column":11}},"622":{"start":{"line":1061,"column":12},"end":{"line":1061,"column":32}},"623":{"start":{"line":1066,"column":4},"end":{"line":1073,"column":5}},"624":{"start":{"line":1067,"column":6},"end":{"line":1067,"column":24}},"625":{"start":{"line":1068,"column":6},"end":{"line":1068,"column":20}},"626":{"start":{"line":1069,"column":6},"end":{"line":1069,"column":14}},"627":{"start":{"line":1071,"column":6},"end":{"line":1071,"column":23}},"628":{"start":{"line":1072,"column":6},"end":{"line":1072,"column":22}},"629":{"start":{"line":1075,"column":4},"end":{"line":1075,"column":14}},"630":{"start":{"line":1081,"column":4},"end":{"line":1081,"column":21}},"631":{"start":{"line":1082,"column":4},"end":{"line":1088,"column":5}},"632":{"start":{"line":1083,"column":6},"end":{"line":1083,"column":18}},"633":{"start":{"line":1084,"column":6},"end":{"line":1084,"column":23}},"634":{"start":{"line":1086,"column":6},"end":{"line":1086,"column":22}},"635":{"start":{"line":1087,"column":6},"end":{"line":1087,"column":54}},"636":{"start":{"line":1087,"column":35},"end":{"line":1087,"column":52}},"637":{"start":{"line":1089,"column":4},"end":{"line":1097,"column":5}},"638":{"start":{"line":1090,"column":6},"end":{"line":1096,"column":7}},"639":{"start":{"line":1091,"column":8},"end":{"line":1091,"column":21}},"640":{"start":{"line":1092,"column":8},"end":{"line":1092,"column":25}},"641":{"start":{"line":1094,"column":8},"end":{"line":1094,"column":24}},"642":{"start":{"line":1095,"column":8},"end":{"line":1095,"column":57}},"643":{"start":{"line":1095,"column":37},"end":{"line":1095,"column":55}},"644":{"start":{"line":1098,"column":4},"end":{"line":1126,"column":5}},"645":{"start":{"line":1099,"column":6},"end":{"line":1099,"column":24}},"646":{"start":{"line":1100,"column":6},"end":{"line":1100,"column":29}},"647":{"start":{"line":1101,"column":6},"end":{"line":1122,"column":7}},"648":{"start":{"line":1102,"column":8},"end":{"line":1102,"column":26}},"649":{"start":{"line":1103,"column":8},"end":{"line":1103,"column":29}},"650":{"start":{"line":1104,"column":8},"end":{"line":1118,"column":9}},"651":{"start":{"line":1105,"column":10},"end":{"line":1105,"column":28}},"652":{"start":{"line":1106,"column":10},"end":{"line":1106,"column":33}},"653":{"start":{"line":1107,"column":10},"end":{"line":1114,"column":11}},"654":{"start":{"line":1108,"column":12},"end":{"line":1108,"column":30}},"655":{"start":{"line":1109,"column":12},"end":{"line":1109,"column":50}},"656":{"start":{"line":1110,"column":12},"end":{"line":1110,"column":20}},"657":{"start":{"line":1112,"column":12},"end":{"line":1112,"column":29}},"658":{"start":{"line":1113,"column":12},"end":{"line":1113,"column":28}},"659":{"start":{"line":1116,"column":10},"end":{"line":1116,"column":27}},"660":{"start":{"line":1117,"column":10},"end":{"line":1117,"column":26}},"661":{"start":{"line":1120,"column":8},"end":{"line":1120,"column":25}},"662":{"start":{"line":1121,"column":8},"end":{"line":1121,"column":24}},"663":{"start":{"line":1124,"column":6},"end":{"line":1124,"column":23}},"664":{"start":{"line":1125,"column":6},"end":{"line":1125,"column":22}},"665":{"start":{"line":1128,"column":4},"end":{"line":1128,"column":14}},"666":{"start":{"line":1134,"column":4},"end":{"line":1134,"column":21}},"667":{"start":{"line":1135,"column":4},"end":{"line":1135,"column":29}},"668":{"start":{"line":1136,"column":4},"end":{"line":1163,"column":5}},"669":{"start":{"line":1137,"column":6},"end":{"line":1137,"column":24}},"670":{"start":{"line":1138,"column":6},"end":{"line":1144,"column":7}},"671":{"start":{"line":1139,"column":8},"end":{"line":1139,"column":21}},"672":{"start":{"line":1140,"column":8},"end":{"line":1140,"column":25}},"673":{"start":{"line":1142,"column":8},"end":{"line":1142,"column":24}},"674":{"start":{"line":1143,"column":8},"end":{"line":1143,"column":57}},"675":{"start":{"line":1143,"column":37},"end":{"line":1143,"column":55}},"676":{"start":{"line":1145,"column":6},"end":{"line":1159,"column":7}},"677":{"start":{"line":1146,"column":8},"end":{"line":1146,"column":26}},"678":{"start":{"line":1147,"column":8},"end":{"line":1147,"column":35}},"679":{"start":{"line":1148,"column":8},"end":{"line":1155,"column":9}},"680":{"start":{"line":1149,"column":10},"end":{"line":1149,"column":28}},"681":{"start":{"line":1150,"column":10},"end":{"line":1150,"column":40}},"682":{"start":{"line":1151,"column":10},"end":{"line":1151,"column":18}},"683":{"start":{"line":1153,"column":10},"end":{"line":1153,"column":27}},"684":{"start":{"line":1154,"column":10},"end":{"line":1154,"column":26}},"685":{"start":{"line":1157,"column":8},"end":{"line":1157,"column":25}},"686":{"start":{"line":1158,"column":8},"end":{"line":1158,"column":24}},"687":{"start":{"line":1161,"column":6},"end":{"line":1161,"column":23}},"688":{"start":{"line":1162,"column":6},"end":{"line":1162,"column":22}},"689":{"start":{"line":1165,"column":4},"end":{"line":1165,"column":14}},"690":{"start":{"line":1171,"column":4},"end":{"line":1171,"column":21}},"691":{"start":{"line":1172,"column":4},"end":{"line":1178,"column":5}},"692":{"start":{"line":1173,"column":6},"end":{"line":1173,"column":19}},"693":{"start":{"line":1174,"column":6},"end":{"line":1174,"column":23}},"694":{"start":{"line":1176,"column":6},"end":{"line":1176,"column":22}},"695":{"start":{"line":1177,"column":6},"end":{"line":1177,"column":55}},"696":{"start":{"line":1177,"column":35},"end":{"line":1177,"column":53}},"697":{"start":{"line":1179,"column":4},"end":{"line":1251,"column":5}},"698":{"start":{"line":1180,"column":6},"end":{"line":1180,"column":24}},"699":{"start":{"line":1181,"column":6},"end":{"line":1181,"column":29}},"700":{"start":{"line":1182,"column":6},"end":{"line":1247,"column":7}},"701":{"start":{"line":1183,"column":8},"end":{"line":1183,"column":26}},"702":{"start":{"line":1184,"column":8},"end":{"line":1184,"column":29}},"703":{"start":{"line":1185,"column":8},"end":{"line":1243,"column":9}},"704":{"start":{"line":1186,"column":10},"end":{"line":1186,"column":28}},"705":{"start":{"line":1187,"column":10},"end":{"line":1193,"column":11}},"706":{"start":{"line":1188,"column":12},"end":{"line":1188,"column":25}},"707":{"start":{"line":1189,"column":12},"end":{"line":1189,"column":26}},"708":{"start":{"line":1191,"column":12},"end":{"line":1191,"column":28}},"709":{"start":{"line":1192,"column":12},"end":{"line":1192,"column":61}},"710":{"start":{"line":1192,"column":41},"end":{"line":1192,"column":59}},"711":{"start":{"line":1194,"column":10},"end":{"line":1239,"column":11}},"712":{"start":{"line":1195,"column":12},"end":{"line":1195,"column":30}},"713":{"start":{"line":1196,"column":12},"end":{"line":1202,"column":13}},"714":{"start":{"line":1197,"column":14},"end":{"line":1197,"column":27}},"715":{"start":{"line":1198,"column":14},"end":{"line":1198,"column":28}},"716":{"start":{"line":1200,"column":14},"end":{"line":1200,"column":30}},"717":{"start":{"line":1201,"column":14},"end":{"line":1201,"column":63}},"718":{"start":{"line":1201,"column":43},"end":{"line":1201,"column":61}},"719":{"start":{"line":1203,"column":12},"end":{"line":1220,"column":13}},"720":{"start":{"line":1204,"column":14},"end":{"line":1210,"column":15}},"721":{"start":{"line":1205,"column":16},"end":{"line":1205,"column":29}},"722":{"start":{"line":1206,"column":16},"end":{"line":1206,"column":30}},"723":{"start":{"line":1208,"column":16},"end":{"line":1208,"column":32}},"724":{"start":{"line":1209,"column":16},"end":{"line":1209,"column":65}},"725":{"start":{"line":1209,"column":45},"end":{"line":1209,"column":63}},"726":{"start":{"line":1211,"column":14},"end":{"line":1219,"column":15}},"727":{"start":{"line":1212,"column":16},"end":{"line":1218,"column":17}},"728":{"start":{"line":1213,"column":18},"end":{"line":1213,"column":31}},"729":{"start":{"line":1214,"column":18},"end":{"line":1214,"column":32}},"730":{"start":{"line":1216,"column":18},"end":{"line":1216,"column":34}},"731":{"start":{"line":1217,"column":18},"end":{"line":1217,"column":67}},"732":{"start":{"line":1217,"column":47},"end":{"line":1217,"column":65}},"733":{"start":{"line":1221,"column":12},"end":{"line":1235,"column":13}},"734":{"start":{"line":1222,"column":14},"end":{"line":1222,"column":33}},"735":{"start":{"line":1223,"column":14},"end":{"line":1223,"column":38}},"736":{"start":{"line":1224,"column":14},"end":{"line":1231,"column":15}},"737":{"start":{"line":1225,"column":16},"end":{"line":1225,"column":35}},"738":{"start":{"line":1226,"column":16},"end":{"line":1226,"column":73}},"739":{"start":{"line":1227,"column":16},"end":{"line":1227,"column":24}},"740":{"start":{"line":1229,"column":16},"end":{"line":1229,"column":33}},"741":{"start":{"line":1230,"column":16},"end":{"line":1230,"column":32}},"742":{"start":{"line":1233,"column":14},"end":{"line":1233,"column":31}},"743":{"start":{"line":1234,"column":14},"end":{"line":1234,"column":30}},"744":{"start":{"line":1237,"column":12},"end":{"line":1237,"column":29}},"745":{"start":{"line":1238,"column":12},"end":{"line":1238,"column":28}},"746":{"start":{"line":1241,"column":10},"end":{"line":1241,"column":27}},"747":{"start":{"line":1242,"column":10},"end":{"line":1242,"column":26}},"748":{"start":{"line":1245,"column":8},"end":{"line":1245,"column":25}},"749":{"start":{"line":1246,"column":8},"end":{"line":1246,"column":24}},"750":{"start":{"line":1249,"column":6},"end":{"line":1249,"column":23}},"751":{"start":{"line":1250,"column":6},"end":{"line":1250,"column":22}},"752":{"start":{"line":1253,"column":4},"end":{"line":1253,"column":14}},"753":{"start":{"line":1259,"column":4},"end":{"line":1259,"column":21}},"754":{"start":{"line":1260,"column":4},"end":{"line":1260,"column":22}},"755":{"start":{"line":1261,"column":4},"end":{"line":1267,"column":5}},"756":{"start":{"line":1262,"column":6},"end":{"line":1262,"column":18}},"757":{"start":{"line":1263,"column":6},"end":{"line":1263,"column":23}},"758":{"start":{"line":1265,"column":6},"end":{"line":1265,"column":22}},"759":{"start":{"line":1266,"column":6},"end":{"line":1266,"column":54}},"760":{"start":{"line":1266,"column":35},"end":{"line":1266,"column":52}},"761":{"start":{"line":1268,"column":4},"end":{"line":1282,"column":5}},"762":{"start":{"line":1269,"column":6},"end":{"line":1269,"column":24}},"763":{"start":{"line":1270,"column":6},"end":{"line":1270,"column":33}},"764":{"start":{"line":1271,"column":6},"end":{"line":1278,"column":7}},"765":{"start":{"line":1272,"column":8},"end":{"line":1272,"column":26}},"766":{"start":{"line":1273,"column":8},"end":{"line":1273,"column":34}},"767":{"start":{"line":1274,"column":8},"end":{"line":1274,"column":16}},"768":{"start":{"line":1276,"column":8},"end":{"line":1276,"column":25}},"769":{"start":{"line":1277,"column":8},"end":{"line":1277,"column":24}},"770":{"start":{"line":1280,"column":6},"end":{"line":1280,"column":23}},"771":{"start":{"line":1281,"column":6},"end":{"line":1281,"column":22}},"772":{"start":{"line":1284,"column":4},"end":{"line":1284,"column":14}},"773":{"start":{"line":1290,"column":4},"end":{"line":1290,"column":21}},"774":{"start":{"line":1291,"column":4},"end":{"line":1297,"column":5}},"775":{"start":{"line":1292,"column":6},"end":{"line":1292,"column":19}},"776":{"start":{"line":1293,"column":6},"end":{"line":1293,"column":23}},"777":{"start":{"line":1295,"column":6},"end":{"line":1295,"column":22}},"778":{"start":{"line":1296,"column":6},"end":{"line":1296,"column":55}},"779":{"start":{"line":1296,"column":35},"end":{"line":1296,"column":53}},"780":{"start":{"line":1298,"column":4},"end":{"line":1305,"column":5}},"781":{"start":{"line":1299,"column":6},"end":{"line":1299,"column":24}},"782":{"start":{"line":1300,"column":6},"end":{"line":1300,"column":20}},"783":{"start":{"line":1301,"column":6},"end":{"line":1301,"column":14}},"784":{"start":{"line":1303,"column":6},"end":{"line":1303,"column":23}},"785":{"start":{"line":1304,"column":6},"end":{"line":1304,"column":22}},"786":{"start":{"line":1307,"column":4},"end":{"line":1307,"column":14}},"787":{"start":{"line":1313,"column":4},"end":{"line":1313,"column":21}},"788":{"start":{"line":1314,"column":4},"end":{"line":1314,"column":27}},"789":{"start":{"line":1315,"column":4},"end":{"line":1403,"column":5}},"790":{"start":{"line":1316,"column":6},"end":{"line":1316,"column":24}},"791":{"start":{"line":1317,"column":6},"end":{"line":1317,"column":29}},"792":{"start":{"line":1318,"column":6},"end":{"line":1323,"column":7}},"793":{"start":{"line":1319,"column":8},"end":{"line":1319,"column":31}},"794":{"start":{"line":1320,"column":8},"end":{"line":1322,"column":9}},"795":{"start":{"line":1321,"column":10},"end":{"line":1321,"column":31}},"796":{"start":{"line":1324,"column":6},"end":{"line":1399,"column":7}},"797":{"start":{"line":1325,"column":8},"end":{"line":1325,"column":16}},"798":{"start":{"line":1326,"column":8},"end":{"line":1326,"column":25}},"799":{"start":{"line":1327,"column":8},"end":{"line":1327,"column":26}},"800":{"start":{"line":1328,"column":8},"end":{"line":1334,"column":9}},"801":{"start":{"line":1329,"column":10},"end":{"line":1329,"column":23}},"802":{"start":{"line":1330,"column":10},"end":{"line":1330,"column":24}},"803":{"start":{"line":1332,"column":10},"end":{"line":1332,"column":26}},"804":{"start":{"line":1333,"column":10},"end":{"line":1333,"column":59}},"805":{"start":{"line":1333,"column":39},"end":{"line":1333,"column":57}},"806":{"start":{"line":1335,"column":8},"end":{"line":1348,"column":9}},"807":{"start":{"line":1336,"column":10},"end":{"line":1336,"column":28}},"808":{"start":{"line":1337,"column":10},"end":{"line":1337,"column":33}},"809":{"start":{"line":1338,"column":10},"end":{"line":1344,"column":11}},"810":{"start":{"line":1339,"column":12},"end":{"line":1339,"column":34}},"811":{"start":{"line":1340,"column":12},"end":{"line":1340,"column":20}},"812":{"start":{"line":1342,"column":12},"end":{"line":1342,"column":29}},"813":{"start":{"line":1343,"column":12},"end":{"line":1343,"column":28}},"814":{"start":{"line":1346,"column":10},"end":{"line":1346,"column":27}},"815":{"start":{"line":1347,"column":10},"end":{"line":1347,"column":26}},"816":{"start":{"line":1349,"column":8},"end":{"line":1354,"column":9}},"817":{"start":{"line":1350,"column":10},"end":{"line":1350,"column":33}},"818":{"start":{"line":1351,"column":10},"end":{"line":1353,"column":11}},"819":{"start":{"line":1352,"column":12},"end":{"line":1352,"column":33}},"820":{"start":{"line":1355,"column":8},"end":{"line":1386,"column":9}},"821":{"start":{"line":1356,"column":10},"end":{"line":1356,"column":22}},"822":{"start":{"line":1357,"column":10},"end":{"line":1357,"column":27}},"823":{"start":{"line":1358,"column":10},"end":{"line":1358,"column":28}},"824":{"start":{"line":1359,"column":10},"end":{"line":1365,"column":11}},"825":{"start":{"line":1360,"column":12},"end":{"line":1360,"column":25}},"826":{"start":{"line":1361,"column":12},"end":{"line":1361,"column":26}},"827":{"start":{"line":1363,"column":12},"end":{"line":1363,"column":28}},"828":{"start":{"line":1364,"column":12},"end":{"line":1364,"column":61}},"829":{"start":{"line":1364,"column":41},"end":{"line":1364,"column":59}},"830":{"start":{"line":1366,"column":10},"end":{"line":1379,"column":11}},"831":{"start":{"line":1367,"column":12},"end":{"line":1367,"column":30}},"832":{"start":{"line":1368,"column":12},"end":{"line":1368,"column":35}},"833":{"start":{"line":1369,"column":12},"end":{"line":1375,"column":13}},"834":{"start":{"line":1370,"column":14},"end":{"line":1370,"column":36}},"835":{"start":{"line":1371,"column":14},"end":{"line":1371,"column":22}},"836":{"start":{"line":1373,"column":14},"end":{"line":1373,"column":31}},"837":{"start":{"line":1374,"column":14},"end":{"line":1374,"column":30}},"838":{"start":{"line":1377,"column":12},"end":{"line":1377,"column":29}},"839":{"start":{"line":1378,"column":12},"end":{"line":1378,"column":28}},"840":{"start":{"line":1380,"column":10},"end":{"line":1385,"column":11}},"841":{"start":{"line":1381,"column":12},"end":{"line":1381,"column":35}},"842":{"start":{"line":1382,"column":12},"end":{"line":1384,"column":13}},"843":{"start":{"line":1383,"column":14},"end":{"line":1383,"column":35}},"844":{"start":{"line":1387,"column":8},"end":{"line":1387,"column":26}},"845":{"start":{"line":1388,"column":8},"end":{"line":1388,"column":31}},"846":{"start":{"line":1389,"column":8},"end":{"line":1395,"column":9}},"847":{"start":{"line":1390,"column":10},"end":{"line":1390,"column":40}},"848":{"start":{"line":1391,"column":10},"end":{"line":1391,"column":18}},"849":{"start":{"line":1393,"column":10},"end":{"line":1393,"column":27}},"850":{"start":{"line":1394,"column":10},"end":{"line":1394,"column":26}},"851":{"start":{"line":1397,"column":8},"end":{"line":1397,"column":25}},"852":{"start":{"line":1398,"column":8},"end":{"line":1398,"column":24}},"853":{"start":{"line":1401,"column":6},"end":{"line":1401,"column":23}},"854":{"start":{"line":1402,"column":6},"end":{"line":1402,"column":22}},"855":{"start":{"line":1405,"column":4},"end":{"line":1405,"column":14}},"856":{"start":{"line":1411,"column":4},"end":{"line":1411,"column":21}},"857":{"start":{"line":1412,"column":4},"end":{"line":1412,"column":27}},"858":{"start":{"line":1413,"column":4},"end":{"line":1485,"column":5}},"859":{"start":{"line":1414,"column":6},"end":{"line":1414,"column":24}},"860":{"start":{"line":1415,"column":6},"end":{"line":1415,"column":28}},"861":{"start":{"line":1416,"column":6},"end":{"line":1481,"column":7}},"862":{"start":{"line":1417,"column":8},"end":{"line":1417,"column":16}},"863":{"start":{"line":1418,"column":8},"end":{"line":1418,"column":25}},"864":{"start":{"line":1419,"column":8},"end":{"line":1419,"column":26}},"865":{"start":{"line":1420,"column":8},"end":{"line":1426,"column":9}},"866":{"start":{"line":1421,"column":10},"end":{"line":1421,"column":23}},"867":{"start":{"line":1422,"column":10},"end":{"line":1422,"column":24}},"868":{"start":{"line":1424,"column":10},"end":{"line":1424,"column":26}},"869":{"start":{"line":1425,"column":10},"end":{"line":1425,"column":59}},"870":{"start":{"line":1425,"column":39},"end":{"line":1425,"column":57}},"871":{"start":{"line":1427,"column":8},"end":{"line":1441,"column":9}},"872":{"start":{"line":1428,"column":10},"end":{"line":1428,"column":28}},"873":{"start":{"line":1429,"column":10},"end":{"line":1429,"column":32}},"874":{"start":{"line":1430,"column":10},"end":{"line":1437,"column":11}},"875":{"start":{"line":1431,"column":12},"end":{"line":1431,"column":31}},"876":{"start":{"line":1432,"column":12},"end":{"line":1432,"column":39}},"877":{"start":{"line":1433,"column":12},"end":{"line":1433,"column":20}},"878":{"start":{"line":1435,"column":12},"end":{"line":1435,"column":29}},"879":{"start":{"line":1436,"column":12},"end":{"line":1436,"column":28}},"880":{"start":{"line":1439,"column":10},"end":{"line":1439,"column":27}},"881":{"start":{"line":1440,"column":10},"end":{"line":1440,"column":26}},"882":{"start":{"line":1442,"column":8},"end":{"line":1468,"column":9}},"883":{"start":{"line":1443,"column":10},"end":{"line":1443,"column":22}},"884":{"start":{"line":1444,"column":10},"end":{"line":1444,"column":27}},"885":{"start":{"line":1445,"column":10},"end":{"line":1445,"column":28}},"886":{"start":{"line":1446,"column":10},"end":{"line":1452,"column":11}},"887":{"start":{"line":1447,"column":12},"end":{"line":1447,"column":25}},"888":{"start":{"line":1448,"column":12},"end":{"line":1448,"column":26}},"889":{"start":{"line":1450,"column":12},"end":{"line":1450,"column":28}},"890":{"start":{"line":1451,"column":12},"end":{"line":1451,"column":61}},"891":{"start":{"line":1451,"column":41},"end":{"line":1451,"column":59}},"892":{"start":{"line":1453,"column":10},"end":{"line":1467,"column":11}},"893":{"start":{"line":1454,"column":12},"end":{"line":1454,"column":30}},"894":{"start":{"line":1455,"column":12},"end":{"line":1455,"column":34}},"895":{"start":{"line":1456,"column":12},"end":{"line":1463,"column":13}},"896":{"start":{"line":1457,"column":14},"end":{"line":1457,"column":33}},"897":{"start":{"line":1458,"column":14},"end":{"line":1458,"column":41}},"898":{"start":{"line":1459,"column":14},"end":{"line":1459,"column":22}},"899":{"start":{"line":1461,"column":14},"end":{"line":1461,"column":31}},"900":{"start":{"line":1462,"column":14},"end":{"line":1462,"column":30}},"901":{"start":{"line":1465,"column":12},"end":{"line":1465,"column":29}},"902":{"start":{"line":1466,"column":12},"end":{"line":1466,"column":28}},"903":{"start":{"line":1469,"column":8},"end":{"line":1469,"column":26}},"904":{"start":{"line":1470,"column":8},"end":{"line":1470,"column":31}},"905":{"start":{"line":1471,"column":8},"end":{"line":1477,"column":9}},"906":{"start":{"line":1472,"column":10},"end":{"line":1472,"column":40}},"907":{"start":{"line":1473,"column":10},"end":{"line":1473,"column":18}},"908":{"start":{"line":1475,"column":10},"end":{"line":1475,"column":27}},"909":{"start":{"line":1476,"column":10},"end":{"line":1476,"column":26}},"910":{"start":{"line":1479,"column":8},"end":{"line":1479,"column":25}},"911":{"start":{"line":1480,"column":8},"end":{"line":1480,"column":24}},"912":{"start":{"line":1483,"column":6},"end":{"line":1483,"column":23}},"913":{"start":{"line":1484,"column":6},"end":{"line":1484,"column":22}},"914":{"start":{"line":1487,"column":4},"end":{"line":1487,"column":14}},"915":{"start":{"line":1493,"column":4},"end":{"line":1493,"column":21}},"916":{"start":{"line":1494,"column":4},"end":{"line":1494,"column":33}},"917":{"start":{"line":1495,"column":4},"end":{"line":1503,"column":5}},"918":{"start":{"line":1496,"column":6},"end":{"line":1496,"column":37}},"919":{"start":{"line":1497,"column":6},"end":{"line":1502,"column":7}},"920":{"start":{"line":1498,"column":8},"end":{"line":1498,"column":39}},"921":{"start":{"line":1499,"column":8},"end":{"line":1501,"column":9}},"922":{"start":{"line":1500,"column":10},"end":{"line":1500,"column":39}},"923":{"start":{"line":1504,"column":4},"end":{"line":1511,"column":5}},"924":{"start":{"line":1505,"column":6},"end":{"line":1505,"column":24}},"925":{"start":{"line":1506,"column":6},"end":{"line":1506,"column":20}},"926":{"start":{"line":1507,"column":6},"end":{"line":1507,"column":14}},"927":{"start":{"line":1509,"column":6},"end":{"line":1509,"column":23}},"928":{"start":{"line":1510,"column":6},"end":{"line":1510,"column":22}},"929":{"start":{"line":1513,"column":4},"end":{"line":1513,"column":14}},"930":{"start":{"line":1519,"column":4},"end":{"line":1519,"column":21}},"931":{"start":{"line":1520,"column":4},"end":{"line":1520,"column":35}},"932":{"start":{"line":1521,"column":4},"end":{"line":1523,"column":5}},"933":{"start":{"line":1522,"column":6},"end":{"line":1522,"column":29}},"934":{"start":{"line":1524,"column":4},"end":{"line":1531,"column":5}},"935":{"start":{"line":1525,"column":6},"end":{"line":1525,"column":24}},"936":{"start":{"line":1526,"column":6},"end":{"line":1526,"column":20}},"937":{"start":{"line":1527,"column":6},"end":{"line":1527,"column":14}},"938":{"start":{"line":1529,"column":6},"end":{"line":1529,"column":23}},"939":{"start":{"line":1530,"column":6},"end":{"line":1530,"column":22}},"940":{"start":{"line":1533,"column":4},"end":{"line":1533,"column":14}},"941":{"start":{"line":1539,"column":4},"end":{"line":1539,"column":21}},"942":{"start":{"line":1540,"column":4},"end":{"line":1540,"column":35}},"943":{"start":{"line":1541,"column":4},"end":{"line":1543,"column":5}},"944":{"start":{"line":1542,"column":6},"end":{"line":1542,"column":29}},"945":{"start":{"line":1544,"column":4},"end":{"line":1551,"column":5}},"946":{"start":{"line":1545,"column":6},"end":{"line":1545,"column":24}},"947":{"start":{"line":1546,"column":6},"end":{"line":1546,"column":20}},"948":{"start":{"line":1547,"column":6},"end":{"line":1547,"column":14}},"949":{"start":{"line":1549,"column":6},"end":{"line":1549,"column":23}},"950":{"start":{"line":1550,"column":6},"end":{"line":1550,"column":22}},"951":{"start":{"line":1553,"column":4},"end":{"line":1553,"column":14}},"952":{"start":{"line":1559,"column":4},"end":{"line":1559,"column":21}},"953":{"start":{"line":1560,"column":4},"end":{"line":1560,"column":33}},"954":{"start":{"line":1561,"column":4},"end":{"line":1563,"column":5}},"955":{"start":{"line":1562,"column":6},"end":{"line":1562,"column":27}},"956":{"start":{"line":1564,"column":4},"end":{"line":1571,"column":5}},"957":{"start":{"line":1565,"column":6},"end":{"line":1565,"column":24}},"958":{"start":{"line":1566,"column":6},"end":{"line":1566,"column":20}},"959":{"start":{"line":1567,"column":6},"end":{"line":1567,"column":14}},"960":{"start":{"line":1569,"column":6},"end":{"line":1569,"column":23}},"961":{"start":{"line":1570,"column":6},"end":{"line":1570,"column":22}},"962":{"start":{"line":1573,"column":4},"end":{"line":1573,"column":14}},"963":{"start":{"line":1579,"column":4},"end":{"line":1579,"column":21}},"964":{"start":{"line":1580,"column":4},"end":{"line":1580,"column":33}},"965":{"start":{"line":1581,"column":4},"end":{"line":1583,"column":5}},"966":{"start":{"line":1582,"column":6},"end":{"line":1582,"column":27}},"967":{"start":{"line":1584,"column":4},"end":{"line":1591,"column":5}},"968":{"start":{"line":1585,"column":6},"end":{"line":1585,"column":24}},"969":{"start":{"line":1586,"column":6},"end":{"line":1586,"column":20}},"970":{"start":{"line":1587,"column":6},"end":{"line":1587,"column":14}},"971":{"start":{"line":1589,"column":6},"end":{"line":1589,"column":23}},"972":{"start":{"line":1590,"column":6},"end":{"line":1590,"column":22}},"973":{"start":{"line":1593,"column":4},"end":{"line":1593,"column":14}},"974":{"start":{"line":1599,"column":4},"end":{"line":1599,"column":21}},"975":{"start":{"line":1600,"column":4},"end":{"line":1600,"column":32}},"976":{"start":{"line":1601,"column":4},"end":{"line":1619,"column":5}},"977":{"start":{"line":1602,"column":6},"end":{"line":1602,"column":33}},"978":{"start":{"line":1603,"column":6},"end":{"line":1603,"column":22}},"979":{"start":{"line":1604,"column":6},"end":{"line":1608,"column":7}},"980":{"start":{"line":1605,"column":8},"end":{"line":1605,"column":23}},"981":{"start":{"line":1607,"column":8},"end":{"line":1607,"column":24}},"982":{"start":{"line":1609,"column":6},"end":{"line":1615,"column":7}},"983":{"start":{"line":1610,"column":8},"end":{"line":1610,"column":26}},"984":{"start":{"line":1611,"column":8},"end":{"line":1611,"column":24}},"985":{"start":{"line":1613,"column":8},"end":{"line":1613,"column":25}},"986":{"start":{"line":1614,"column":8},"end":{"line":1614,"column":24}},"987":{"start":{"line":1617,"column":6},"end":{"line":1617,"column":23}},"988":{"start":{"line":1618,"column":6},"end":{"line":1618,"column":22}},"989":{"start":{"line":1621,"column":4},"end":{"line":1621,"column":14}},"990":{"start":{"line":1627,"column":4},"end":{"line":1627,"column":21}},"991":{"start":{"line":1628,"column":4},"end":{"line":1628,"column":32}},"992":{"start":{"line":1629,"column":4},"end":{"line":1647,"column":5}},"993":{"start":{"line":1630,"column":6},"end":{"line":1630,"column":33}},"994":{"start":{"line":1631,"column":6},"end":{"line":1631,"column":22}},"995":{"start":{"line":1632,"column":6},"end":{"line":1636,"column":7}},"996":{"start":{"line":1633,"column":8},"end":{"line":1633,"column":23}},"997":{"start":{"line":1635,"column":8},"end":{"line":1635,"column":24}},"998":{"start":{"line":1637,"column":6},"end":{"line":1643,"column":7}},"999":{"start":{"line":1638,"column":8},"end":{"line":1638,"column":26}},"1000":{"start":{"line":1639,"column":8},"end":{"line":1639,"column":24}},"1001":{"start":{"line":1641,"column":8},"end":{"line":1641,"column":25}},"1002":{"start":{"line":1642,"column":8},"end":{"line":1642,"column":24}},"1003":{"start":{"line":1645,"column":6},"end":{"line":1645,"column":23}},"1004":{"start":{"line":1646,"column":6},"end":{"line":1646,"column":22}},"1005":{"start":{"line":1649,"column":4},"end":{"line":1649,"column":14}},"1006":{"start":{"line":1655,"column":4},"end":{"line":1655,"column":21}},"1007":{"start":{"line":1656,"column":4},"end":{"line":1656,"column":32}},"1008":{"start":{"line":1657,"column":4},"end":{"line":1675,"column":5}},"1009":{"start":{"line":1658,"column":6},"end":{"line":1658,"column":33}},"1010":{"start":{"line":1659,"column":6},"end":{"line":1659,"column":22}},"1011":{"start":{"line":1660,"column":6},"end":{"line":1664,"column":7}},"1012":{"start":{"line":1661,"column":8},"end":{"line":1661,"column":23}},"1013":{"start":{"line":1663,"column":8},"end":{"line":1663,"column":24}},"1014":{"start":{"line":1665,"column":6},"end":{"line":1671,"column":7}},"1015":{"start":{"line":1666,"column":8},"end":{"line":1666,"column":26}},"1016":{"start":{"line":1667,"column":8},"end":{"line":1667,"column":24}},"1017":{"start":{"line":1669,"column":8},"end":{"line":1669,"column":25}},"1018":{"start":{"line":1670,"column":8},"end":{"line":1670,"column":24}},"1019":{"start":{"line":1673,"column":6},"end":{"line":1673,"column":23}},"1020":{"start":{"line":1674,"column":6},"end":{"line":1674,"column":22}},"1021":{"start":{"line":1677,"column":4},"end":{"line":1677,"column":14}},"1022":{"start":{"line":1683,"column":4},"end":{"line":1683,"column":21}},"1023":{"start":{"line":1684,"column":4},"end":{"line":1684,"column":32}},"1024":{"start":{"line":1685,"column":4},"end":{"line":1703,"column":5}},"1025":{"start":{"line":1686,"column":6},"end":{"line":1686,"column":33}},"1026":{"start":{"line":1687,"column":6},"end":{"line":1687,"column":22}},"1027":{"start":{"line":1688,"column":6},"end":{"line":1692,"column":7}},"1028":{"start":{"line":1689,"column":8},"end":{"line":1689,"column":23}},"1029":{"start":{"line":1691,"column":8},"end":{"line":1691,"column":24}},"1030":{"start":{"line":1693,"column":6},"end":{"line":1699,"column":7}},"1031":{"start":{"line":1694,"column":8},"end":{"line":1694,"column":26}},"1032":{"start":{"line":1695,"column":8},"end":{"line":1695,"column":24}},"1033":{"start":{"line":1697,"column":8},"end":{"line":1697,"column":25}},"1034":{"start":{"line":1698,"column":8},"end":{"line":1698,"column":24}},"1035":{"start":{"line":1701,"column":6},"end":{"line":1701,"column":23}},"1036":{"start":{"line":1702,"column":6},"end":{"line":1702,"column":22}},"1037":{"start":{"line":1705,"column":4},"end":{"line":1705,"column":14}},"1038":{"start":{"line":1711,"column":4},"end":{"line":1711,"column":21}},"1039":{"start":{"line":1712,"column":4},"end":{"line":1718,"column":5}},"1040":{"start":{"line":1713,"column":6},"end":{"line":1713,"column":19}},"1041":{"start":{"line":1714,"column":6},"end":{"line":1714,"column":20}},"1042":{"start":{"line":1716,"column":6},"end":{"line":1716,"column":22}},"1043":{"start":{"line":1717,"column":6},"end":{"line":1717,"column":55}},"1044":{"start":{"line":1717,"column":35},"end":{"line":1717,"column":53}},"1045":{"start":{"line":1719,"column":4},"end":{"line":1756,"column":5}},"1046":{"start":{"line":1720,"column":6},"end":{"line":1720,"column":14}},"1047":{"start":{"line":1721,"column":6},"end":{"line":1727,"column":7}},"1048":{"start":{"line":1722,"column":8},"end":{"line":1722,"column":39}},"1049":{"start":{"line":1723,"column":8},"end":{"line":1723,"column":22}},"1050":{"start":{"line":1725,"column":8},"end":{"line":1725,"column":24}},"1051":{"start":{"line":1726,"column":8},"end":{"line":1726,"column":57}},"1052":{"start":{"line":1726,"column":37},"end":{"line":1726,"column":55}},"1053":{"start":{"line":1728,"column":6},"end":{"line":1737,"column":7}},"1054":{"start":{"line":1729,"column":8},"end":{"line":1729,"column":20}},"1055":{"start":{"line":1730,"column":8},"end":{"line":1736,"column":9}},"1056":{"start":{"line":1731,"column":10},"end":{"line":1731,"column":41}},"1057":{"start":{"line":1732,"column":10},"end":{"line":1732,"column":24}},"1058":{"start":{"line":1734,"column":10},"end":{"line":1734,"column":26}},"1059":{"start":{"line":1735,"column":10},"end":{"line":1735,"column":59}},"1060":{"start":{"line":1735,"column":39},"end":{"line":1735,"column":57}},"1061":{"start":{"line":1738,"column":6},"end":{"line":1744,"column":7}},"1062":{"start":{"line":1739,"column":8},"end":{"line":1739,"column":21}},"1063":{"start":{"line":1740,"column":8},"end":{"line":1740,"column":22}},"1064":{"start":{"line":1742,"column":8},"end":{"line":1742,"column":24}},"1065":{"start":{"line":1743,"column":8},"end":{"line":1743,"column":57}},"1066":{"start":{"line":1743,"column":37},"end":{"line":1743,"column":55}},"1067":{"start":{"line":1745,"column":6},"end":{"line":1752,"column":7}},"1068":{"start":{"line":1746,"column":8},"end":{"line":1746,"column":26}},"1069":{"start":{"line":1747,"column":8},"end":{"line":1747,"column":30}},"1070":{"start":{"line":1748,"column":8},"end":{"line":1748,"column":16}},"1071":{"start":{"line":1750,"column":8},"end":{"line":1750,"column":25}},"1072":{"start":{"line":1751,"column":8},"end":{"line":1751,"column":24}},"1073":{"start":{"line":1754,"column":6},"end":{"line":1754,"column":23}},"1074":{"start":{"line":1755,"column":6},"end":{"line":1755,"column":22}},"1075":{"start":{"line":1758,"column":4},"end":{"line":1758,"column":14}},"1076":{"start":{"line":1764,"column":4},"end":{"line":1764,"column":21}},"1077":{"start":{"line":1765,"column":4},"end":{"line":1765,"column":12}},"1078":{"start":{"line":1766,"column":4},"end":{"line":1772,"column":5}},"1079":{"start":{"line":1767,"column":6},"end":{"line":1767,"column":37}},"1080":{"start":{"line":1768,"column":6},"end":{"line":1768,"column":20}},"1081":{"start":{"line":1770,"column":6},"end":{"line":1770,"column":22}},"1082":{"start":{"line":1771,"column":6},"end":{"line":1771,"column":55}},"1083":{"start":{"line":1771,"column":35},"end":{"line":1771,"column":53}},"1084":{"start":{"line":1773,"column":4},"end":{"line":1786,"column":5}},"1085":{"start":{"line":1774,"column":6},"end":{"line":1783,"column":7}},"1086":{"start":{"line":1775,"column":8},"end":{"line":1775,"column":20}},"1087":{"start":{"line":1776,"column":8},"end":{"line":1782,"column":9}},"1088":{"start":{"line":1777,"column":10},"end":{"line":1777,"column":41}},"1089":{"start":{"line":1778,"column":10},"end":{"line":1778,"column":24}},"1090":{"start":{"line":1780,"column":10},"end":{"line":1780,"column":26}},"1091":{"start":{"line":1781,"column":10},"end":{"line":1781,"column":59}},"1092":{"start":{"line":1781,"column":39},"end":{"line":1781,"column":57}},"1093":{"start":{"line":1785,"column":6},"end":{"line":1785,"column":22}},"1094":{"start":{"line":1787,"column":4},"end":{"line":1794,"column":5}},"1095":{"start":{"line":1788,"column":6},"end":{"line":1788,"column":24}},"1096":{"start":{"line":1789,"column":6},"end":{"line":1789,"column":20}},"1097":{"start":{"line":1790,"column":6},"end":{"line":1790,"column":14}},"1098":{"start":{"line":1792,"column":6},"end":{"line":1792,"column":23}},"1099":{"start":{"line":1793,"column":6},"end":{"line":1793,"column":22}},"1100":{"start":{"line":1796,"column":4},"end":{"line":1796,"column":14}},"1101":{"start":{"line":1802,"column":4},"end":{"line":1802,"column":21}},"1102":{"start":{"line":1803,"column":4},"end":{"line":1803,"column":21}},"1103":{"start":{"line":1804,"column":4},"end":{"line":1810,"column":5}},"1104":{"start":{"line":1805,"column":6},"end":{"line":1805,"column":37}},"1105":{"start":{"line":1806,"column":6},"end":{"line":1806,"column":20}},"1106":{"
[...]
ne":2266,"column":9}},{"start":{"line":2263,"column":15},"end":{"line":2266,"column":9}}],"line":2260},"329":{"loc":{"start":{"line":2265,"column":10},"end":{"line":2265,"column":59}},"type":"if","locations":[{"start":{"line":2265,"column":10},"end":{"line":2265,"column":59}},{"start":{},"end":{}}],"line":2265},"330":{"loc":{"start":{"line":2277,"column":4},"end":{"line":2283,"column":5}},"type":"if","locations":[{"start":{"line":2277,"column":4},"end":{"line":2283,"column":5}},{"start":{"line":2280,"column":11},"end":{"line":2283,"column":5}}],"line":2277},"331":{"loc":{"start":{"line":2282,"column":6},"end":{"line":2282,"column":55}},"type":"if","locations":[{"start":{"line":2282,"column":6},"end":{"line":2282,"column":55}},{"start":{},"end":{}}],"line":2282},"332":{"loc":{"start":{"line":2284,"column":4},"end":{"line":2297,"column":5}},"type":"if","locations":[{"start":{"line":2284,"column":4},"end":{"line":2297,"column":5}},{"start":{"line":2295,"column":11},"end":{"line":2297,"column":5}}],"line":2284},"333":{"loc":{"start":{"line":2287,"column":8},"end":{"line":2293,"column":9}},"type":"if","locations":[{"start":{"line":2287,"column":8},"end":{"line":2293,"column":9}},{"start":{"line":2290,"column":15},"end":{"line":2293,"column":9}}],"line":2287},"334":{"loc":{"start":{"line":2292,"column":10},"end":{"line":2292,"column":59}},"type":"if","locations":[{"start":{"line":2292,"column":10},"end":{"line":2292,"column":59}},{"start":{},"end":{}}],"line":2292},"335":{"loc":{"start":{"line":2304,"column":2},"end":{"line":2318,"column":3}},"type":"if","locations":[{"start":{"line":2304,"column":2},"end":{"line":2318,"column":3}},{"start":{"line":2306,"column":9},"end":{"line":2318,"column":3}}],"line":2304},"336":{"loc":{"start":{"line":2304,"column":6},"end":{"line":2304,"column":63}},"type":"binary-expr","locations":[{"start":{"line":2304,"column":6},"end":{"line":2304,"column":31}},{"start":{"line":2304,"column":35},"end":{"line":2304,"column":63}}],"line":2304},"337":{"loc":{"start":{"line":2307,"column":4},"end":{"line":2309,"column":5}},"type":"if","locations":[{"start":{"line":2307,"column":4},"end":{"line":2309,"column":5}},{"start":{},"end":{}}],"line":2307},"338":{"loc":{"start":{"line":2307,"column":8},"end":{"line":2307,"column":63}},"type":"binary-expr","locations":[{"start":{"line":2307,"column":8},"end":{"line":2307,"column":33}},{"start":{"line":2307,"column":37},"end":{"line":2307,"column":63}}],"line":2307},"339":{"loc":{"start":{"line":2313,"column":6},"end":{"line":2313,"column":73}},"type":"cond-expr","locations":[{"start":{"line":2313,"column":38},"end":{"line":2313,"column":66}},{"start":{"line":2313,"column":69},"end":{"line":2313,"column":73}}],"line":2313},"340":{"loc":{"start":{"line":2314,"column":6},"end":{"line":2316,"column":61}},"type":"cond-expr","locations":[{"start":{"line":2315,"column":10},"end":{"line":2315,"column":65}},{"start":{"line":2316,"column":10},"end":{"line":2316,"column":61}}],"line":2314}},"s":{"0":1,"1":1,"2":0,"3":0,"4":0,"5":0,"6":0,"7":0,"8":0,"9":0,"10":0,"11":0,"12":18,"13":18,"14":1667,"15":9,"16":9,"17":8,"18":8,"19":1432,"20":0,"21":8,"22":0,"23":0,"24":0,"25":0,"26":0,"27":1,"28":235,"29":235,"30":235,"31":447,"32":192,"33":255,"34":235,"35":1,"36":1,"37":1,"38":0,"39":0,"40":0,"41":0,"42":0,"43":0,"44":1,"45":0,"46":0,"47":0,"48":0,"49":0,"50":0,"51":1,"52":0,"53":0,"54":0,"55":0,"56":0,"57":0,"58":0,"59":0,"60":0,"61":0,"62":0,"63":0,"64":0,"65":0,"66":0,"67":0,"68":0,"69":0,"70":0,"71":1,"72":0,"73":0,"74":0,"75":0,"76":0,"77":0,"78":0,"79":0,"80":0,"81":0,"82":0,"83":0,"84":0,"85":0,"86":0,"87":0,"88":0,"89":0,"90":0,"91":0,"92":0,"93":0,"94":0,"95":0,"96":0,"97":0,"98":0,"99":0,"100":0,"101":0,"102":6,"103":6,"104":6,"105":6,"106":6,"107":6,"108":6,"109":6,"110":6,"111":6,"112":6,"113":6,"114":6,"115":6,"116":6,"117":6,"118":6,"119":6,"120":6,"121":6,"122":6,"123":6,"124":6,"125":6,"126":6,"127":6,"128":6,"129":6,"130":6,"131":6,"132":6,"133":6,"134":6,"135":6,"136":6,"137":6,"138":6,"139":6,"140":6,"141":6,"142":6,"143":6,"144":6,"145":6,"146":6,"147":6,"148":6,"149":6,"150":6,"151":6,"152":6,"153":6,"154":6,"155":6,"156":6,"157":6,"158":6,"159":6,"160":6,"161":6,"162":6,"163":6,"164":6,"165":6,"166":6,"167":6,"168":6,"169":6,"170":6,"171":6,"172":6,"173":6,"174":6,"175":6,"176":6,"177":6,"178":6,"179":6,"180":6,"181":6,"182":6,"183":6,"184":6,"185":6,"186":6,"187":6,"188":6,"189":6,"190":6,"191":6,"192":0,"193":6,"194":0,"195":6,"196":18,"197":6,"198":9,"199":6,"200":8,"201":6,"202":0,"203":6,"204":0,"205":6,"206":0,"207":6,"208":0,"209":6,"210":0,"211":6,"212":0,"213":6,"214":6,"215":6,"216":6,"217":6,"218":6,"219":6,"220":0,"221":0,"222":0,"223":0,"224":0,"225":0,"226":0,"227":0,"228":0,"229":0,"230":0,"231":168,"232":78,"233":0,"234":0,"235":0,"236":0,"237":0,"238":0,"239":0,"240":0,"241":0,"242":0,"243":0,"244":0,"245":0,"246":0,"247":0,"248":0,"249":0,"250":0,"251":0,"252":0,"253":0,"254":0,"255":0,"256":0,"257":0,"258":0,"259":282,"260":7,"261":275,"262":44,"263":44,"264":275,"265":0,"266":0,"267":6,"268":6,"269":6,"270":6,"271":6,"272":6,"273":6,"274":6,"275":6,"276":6,"277":6,"278":6,"279":6,"280":6,"281":3,"282":3,"283":6,"284":6,"285":6,"286":0,"287":0,"288":6,"289":9,"290":9,"291":1,"292":1,"293":8,"294":8,"295":8,"296":9,"297":8,"298":2,"299":2,"300":6,"301":6,"302":6,"303":9,"304":3,"305":3,"306":3,"307":3,"308":3,"309":3,"310":0,"311":0,"312":6,"313":6,"314":9,"315":9,"316":9,"317":9,"318":0,"319":0,"320":0,"321":0,"322":0,"323":0,"324":0,"325":0,"326":0,"327":9,"328":9,"329":9,"330":9,"331":0,"332":0,"333":9,"334":9,"335":9,"336":9,"337":9,"338":9,"339":9,"340":1,"341":1,"342":1,"343":9,"344":8,"345":8,"346":8,"347":1,"348":1,"349":9,"350":1,"351":1,"352":1,"353":1,"354":1,"355":0,"356":0,"357":0,"358":1,"359":1,"360":1,"361":1,"362":1,"363":0,"364":0,"365":0,"366":0,"367":0,"368":0,"369":9,"370":9,"371":9,"372":9,"373":0,"374":0,"375":9,"376":0,"377":0,"378":0,"379":0,"380":0,"381":0,"382":0,"383":0,"384":0,"385":0,"386":0,"387":0,"388":0,"389":0,"390":0,"391":0,"392":0,"393":0,"394":0,"395":0,"396":0,"397":0,"398":0,"399":0,"400":0,"401":0,"402":0,"403":0,"404":0,"405":0,"406":0,"407":0,"408":0,"409":0,"410":0,"411":0,"412":0,"413":0,"414":0,"415":0,"416":0,"417":0,"418":0,"419":0,"420":0,"421":0,"422":0,"423":0,"424":0,"425":0,"426":0,"427":0,"428":0,"429":0,"430":0,"431":0,"432":0,"433":0,"434":0,"435":0,"436":0,"437":0,"438":0,"439":0,"440":0,"441":0,"442":0,"443":0,"444":0,"445":0,"446":0,"447":0,"448":0,"449":0,"450":0,"451":0,"452":0,"453":0,"454":0,"455":0,"456":0,"457":0,"458":0,"459":0,"460":0,"461":0,"462":0,"463":0,"464":0,"465":0,"466":0,"467":0,"468":0,"469":0,"470":1,"471":1,"472":1,"473":0,"474":0,"475":0,"476":0,"477":0,"478":0,"479":0,"480":0,"481":0,"482":0,"483":0,"484":0,"485":1,"486":1,"487":1,"488":10,"489":10,"490":10,"491":9,"492":9,"493":9,"494":9,"495":9,"496":9,"497":9,"498":9,"499":0,"500":0,"501":0,"502":0,"503":1,"504":1,"505":10,"506":9,"507":9,"508":9,"509":0,"510":0,"511":0,"512":0,"513":0,"514":0,"515":0,"516":0,"517":0,"518":0,"519":0,"520":0,"521":9,"522":9,"523":9,"524":1,"525":1,"526":1,"527":0,"528":0,"529":0,"530":0,"531":0,"532":0,"533":0,"534":0,"535":0,"536":0,"537":0,"538":0,"539":1,"540":1,"541":1,"542":0,"543":0,"544":0,"545":0,"546":0,"547":0,"548":0,"549":0,"550":0,"551":0,"552":0,"553":0,"554":0,"555":0,"556":0,"557":0,"558":0,"559":0,"560":0,"561":0,"562":0,"563":0,"564":0,"565":0,"566":0,"567":0,"568":0,"569":0,"570":0,"571":0,"572":0,"573":0,"574":0,"575":0,"576":0,"577":0,"578":0,"579":0,"580":0,"581":0,"582":0,"583":0,"584":0,"585":0,"586":0,"587":0,"588":0,"589":0,"590":0,"591":0,"592":0,"593":0,"594":0,"595":0,"596":0,"597":0,"598":0,"599":0,"600":0,"601":0,"602":0,"603":0,"604":0,"605":0,"606":0,"607":0,"608":0,"609":0,"610":0,"611":0,"612":0,"613":0,"614":0,"615":0,"616":0,"617":0,"618":0,"619":0,"620":0,"621":0,"622":0,"623":0,"624":0,"625":0,"626":0,"627":0,"628":0,"629":0,"630":0,"631":0,"632":0,"633":0,"634":0,"635":0,"636":0,"637":0,"638":0,"639":0,"640":0,"641":0,"642":0,"643":0,"644":0,"645":0,"646":0,"647":0,"648":0,"649":0,"650":0,"651":0,"652":0,"653":0,"654":0,"655":0,"656":0,"657":0,"658":0,"659":0,"660":0,"661":0,"662":0,"663":0,"664":0,"665":0,"666":0,"667":0,"668":0,"669":0,"670":0,"671":0,"672":0,"673":0,"674":0,"675":0,"676":0,"677":0,"678":0,"679":0,"680":0,"681":0,"682":0,"683":0,"684":0,"685":0,"686":0,"687":0,"688":0,"689":0,"690":0,"691":0,"692":0,"693":0,"694":0,"695":0,"696":0,"697":0,"698":0,"699":0,"700":0,"701":0,"702":0,"703":0,"704":0,"705":0,"706":0,"707":0,"708":0,"709":0,"710":0,"711":0,"712":0,"713":0,"714":0,"715":0,"716":0,"717":0,"718":0,"719":0,"720":0,"721":0,"722":0,"723":0,"724":0,"725":0,"726":0,"727":0,"728":0,"729":0,"730":0,"731":0,"732":0,"733":0,"734":0,"735":0,"736":0,"737":0,"738":0,"739":0,"740":0,"741":0,"742":0,"743":0,"744":0,"745":0,"746":0,"747":0,"748":0,"749":0,"750":0,"751":0,"752":0,"753":0,"754":0,"755":0,"756":0,"757":0,"758":0,"759":0,"760":0,"761":0,"762":0,"763":0,"764":0,"765":0,"766":0,"767":0,"768":0,"769":0,"770":0,"771":0,"772":0,"773":0,"774":0,"775":0,"776":0,"777":0,"778":0,"779":0,"780":0,"781":0,"782":0,"783":0,"784":0,"785":0,"786":0,"787":0,"788":0,"789":0,"790":0,"791":0,"792":0,"793":0,"794":0,"795":0,"796":0,"797":0,"798":0,"799":0,"800":0,"801":0,"802":0,"803":0,"804":0,"805":0,"806":0,"807":0,"808":0,"809":0,"810":0,"811":0,"812":0,"813":0,"814":0,"815":0,"816":0,"817":0,"818":0,"819":0,"820":0,"821":0,"822":0,"823":0,"824":0,"825":0,"826":0,"827":0,"828":0,"829":0,"830":0,"831":0,"832":0,"833":0,"834":0,"835":0,"836":0,"837":0,"838":0,"839":0,"840":0,"841":0,"842":0,"843":0,"844":0,"845":0,"846":0,"847":0,"848":0,"849":0,"850":0,"851":0,"852":0,"853":0,"854":0,"855":0,"856":0,"857":0,"858":0,"859":0,"860":0,"861":0,"862":0,"863":0,"864":0,"865":0,"866":0,"867":0,"868":0,"869":0,"870":0,"871":0,"872":0,"873":0,"874":0,"875":0,"876":0,"877":0,"878":0,"879":0,"880":0,"881":0,"882":0,"883":0,"884":0,"885":0,"886":0,"887":0,"888":0,"889":0,"890":0,"891":0,"892":0,"893":0,"894":0,"895":0,"896":0,"897":0,"898":0,"899":0,"900":0,"901":0,"902":0,"903":0,"904":0,"905":0,"906":0,"907":0,"908":0,"909":0,"910":0,"911":0,"912":0,"913":0,"914":0,"915":0,"916":0,"917":0,"918":0,"919":0,"920":0,"921":0,"922":0,"923":0,"924":0,"925":0,"926":0,"927":0,"928":0,"929":0,"930":19,"931":19,"932":19,"933":10,"934":19,"935":18,"936":18,"937":18,"938":1,"939":1,"940":19,"941":1,"942":1,"943":1,"944":1,"945":1,"946":0,"947":0,"948":0,"949":1,"950":1,"951":1,"952":9,"953":9,"954":9,"955":9,"956":9,"957":0,"958":0,"959":0,"960":9,"961":9,"962":9,"963":1,"964":1,"965":1,"966":1,"967":1,"968":0,"969":0,"970":0,"971":1,"972":1,"973":1,"974":1,"975":1,"976":1,"977":0,"978":0,"979":0,"980":0,"981":0,"982":0,"983":0,"984":0,"985":0,"986":0,"987":1,"988":1,"989":1,"990":19,"991":19,"992":19,"993":18,"994":18,"995":18,"996":9,"997":9,"998":18,"999":9,"1000":9,"1001":9,"1002":9,"1003":1,"1004":1,"1005":19,"1006":9,"1007":9,"1008":9,"1009":8,"1010":8,"1011":8,"1012":0,"1013":8,"1014":8,"1015":0,"1016":0,"1017":8,"1018":8,"1019":1,"1020":1,"1021":9,"1022":1,"1023":1,"1024":1,"1025":0,"1026":0,"1027":0,"1028":0,"1029":0,"1030":0,"1031":0,"1032":0,"1033":0,"1034":0,"1035":1,"1036":1,"1037":1,"1038":1,"1039":1,"1040":0,"1041":0,"1042":1,"1043":1,"1044":1,"1045":1,"1046":0,"1047":0,"1048":0,"1049":0,"1050":0,"1051":0,"1052":0,"1053":0,"1054":0,"1055":0,"1056":0,"1057":0,"1058":0,"1059":0,"1060":0,"1061":0,"1062":0,"1063":0,"1064":0,"1065":0,"1066":0,"1067":0,"1068":0,"1069":0,"1070":0,"1071":0,"1072":0,"1073":1,"1074":1,"1075":1,"1076":10,"1077":10,"1078":10,"1079":9,"1080":9,"1081":1,"1082":1,"1083":1,"1084":10,"1085":9,"1086":23,"1087":23,"1088":14,"1089":14,"1090":9,"1091":9,"1092":9,"1093":1,"1094":10,"1095":9,"1096":9,"1097":9,"1098":1,"1099":1,"1100":10,"1101":9,"1102":9,"1103":9,"1104":1,"1105":1,"1106":8,"1107":8,"1108":8,"1109":9,"1110":1,"1111":1,"1112":1,"1113":1,"1114":1,"1115":0,"1116":0,"1117":0,"1118":1,"1119":1,"1120":1,"1121":0,"1122":1,"1123":0,"1124":0,"1125":1,"1126":1,"1127":1,"1128":1,"1129":1,"1130":1,"1131":0,"1132":1,"1133":0,"1134":0,"1135":0,"1136":0,"1137":0,"1138":0,"1139":0,"1140":0,"1141":0,"1142":0,"1143":0,"1144":0,"1145":0,"1146":0,"1147":0,"1148":0,"1149":0,"1150":0,"1151":0,"1152":0,"1153":0,"1154":0,"1155":0,"1156":0,"1157":0,"1158":0,"1159":0,"1160":0,"1161":0,"1162":0,"1163":0,"1164":0,"1165":0,"1166":0,"1167":0,"1168":0,"1169":0,"1170":0,"1171":0,"1172":0,"1173":0,"1174":0,"1175":0,"1176":0,"1177":0,"1178":0,"1179":0,"1180":0,"1181":0,"1182":0,"1183":0,"1184":0,"1185":0,"1186":0,"1187":0,"1188":0,"1189":0,"1190":0,"1191":0,"1192":0,"1193":0,"1194":0,"1195":0,"1196":0,"1197":0,"1198":0,"1199":0,"1200":0,"1201":0,"1202":0,"1203":0,"1204":0,"1205":0,"1206":0,"1207":0,"1208":0,"1209":0,"1210":0,"1211":0,"1212":0,"1213":0,"1214":0,"1215":0,"1216":0,"1217":0,"1218":0,"1219":0,"1220":0,"1221":0,"1222":0,"1223":0,"1224":0,"1225":0,"1226":0,"1227":0,"1228":0,"1229":0,"1230":0,"1231":0,"1232":0,"1233":0,"1234":0,"1235":0,"1236":0,"1237":0,"1238":0,"1239":0,"1240":0,"1241":0,"1242":0,"1243":0,"1244":0,"1245":0,"1246":0,"1247":0,"1248":0,"1249":1,"1250":1,"1251":8,"1252":8,"1253":9,"1254":0,"1255":0,"1256":0,"1257":9,"1258":9,"1259":9,"1260":1,"1261":1,"1262":0,"1263":0,"1264":1,"1265":1,"1266":1,"1267":1,"1268":0,"1269":0,"1270":0,"1271":0,"1272":0,"1273":0,"1274":0,"1275":0,"1276":0,"1277":0,"1278":0,"1279":0,"1280":0,"1281":0,"1282":0,"1283":0,"1284":0,"1285":0,"1286":0,"1287":0,"1288":0,"1289":0,"1290":0,"1291":0,"1292":0,"1293":0,"1294":0,"1295":0,"1296":0,"1297":0,"1298":0,"1299":0,"1300":0,"1301":0,"1302":0,"1303":0,"1304":0,"1305":0,"1306":0,"1307":0,"1308":0,"1309":0,"1310":1,"1311":1,"1312":1,"1313":9,"1314":9,"1315":0,"1316":0,"1317":9,"1318":9,"1319":9,"1320":9,"1321":9,"1322":1,"1323":1,"1324":8,"1325":8,"1326":8,"1327":9,"1328":8,"1329":8,"1330":8,"1331":0,"1332":0,"1333":0,"1334":8,"1335":0,"1336":0,"1337":0,"1338":0,"1339":0,"1340":0,"1341":0,"1342":0,"1343":0,"1344":0,"1345":0,"1346":0,"1347":0,"1348":0,"1349":0,"1350":0,"1351":0,"1352":0,"1353":0,"1354":0,"1355":9,"1356":9,"1357":9,"1358":9,"1359":0,"1360":0,"1361":9,"1362":0,"1363":0,"1364":0,"1365":0,"1366":0,"1367":0,"1368":0,"1369":0,"1370":0,"1371":0,"1372":0,"1373":0,"1374":0,"1375":0,"1376":0,"1377":0,"1378":1,"1379":1,"1380":1,"1381":1,"1382":0,"1383":0,"1384":0,"1385":1,"1386":1,"1387":1,"1388":1,"1389":0,"1390":0,"1391":1,"1392":1,"1393":1,"1394":1,"1395":1,"1396":0,"1397":0,"1398":0,"1399":1,"1400":1,"1401":1,"1402":1,"1403":0,"1404":0,"1405":1,"1406":100,"1407":100,"1408":24,"1409":24,"1410":76,"1411":76,"1412":76,"1413":100,"1414":76,"1415":0,"1416":0,"1417":76,"1418":76,"1419":76,"1420":100,"1421":24,"1422":24,"1423":0,"1424":0,"1425":24,"1426":24,"1427":24,"1428":24,"1429":24,"1430":0,"1431":0,"1432":24,"1433":24,"1434":24,"1435":100,"1436":30,"1437":30,"1438":26,"1439":26,"1440":4,"1441":4,"1442":4,"1443":30,"1444":26,"1445":122,"1446":122,"1447":96,"1448":96,"1449":26,"1450":26,"1451":26,"1452":4,"1453":30,"1454":6,"1455":6,"1456":6,"1457":0,"1458":0,"1459":0,"1460":1},"f":{"0":0,"1":0,"2":18,"3":8,"4":0,"5":235,"6":1,"7":1,"8":0,"9":0,"10":0,"11":0,"12":0,"13":0,"14":0,"15":0,"16":0,"17":0,"18":0,"19":0,"20":0,"21":0,"22":0,"23":0,"24":0,"25":0,"26":0,"27":0,"28":6,"29":6,"30":0,"31":0,"32":18,"33":9,"34":8,"35":0,"36":0,"37":0,"38":0,"39":0,"40":0,"41":0,"42":0,"43":0,"44":0,"45":0,"46":0,"47":168,"48":78,"49":0,"50":0,"51":0,"52":0,"53":0,"54":282,"55":0,"56":0,"57":6,"58":6,"59":9,"60":9,"61":9,"62":0,"63":1,"64":10,"65":9,"66":1,"67":0,"68":0,"69":0,"70":0,"71":0,"72":0,"73":0,"74":0,"75":0,"76":0,"77":0,"78":19,"79":1,"80":9,"81":1,"82":1,"83":19,"84":9,"85":1,"86":1,"87":10,"88":9,"89":1,"90":9,"91":0,"92":1,"93":1,"94":100,"95":30},"b":{"0":[0,0],"1":[0,0],"2":[0,0],"3":[9,1658],"4":[1667,9],"5":[0,1432],"6":[1432,7],"7":[0,0],"8":[0,0],"9":[192,255],"10":[0,0],"11":[0,0],"12":[0,0],"13":[0,0],"14":[0,0],"15":[0,0],"16":[0,0],"17":[0,0],"18":[0,0],"19":[0,0],"20":[0,0],"21":[0,0],"22":[0,0],"23":[0,0,0],"24":[0,0],"25":[0,6],"26":[0,6],"27":[0,0],"28":[0,0],"29":[0,0],"30":[0,0],"31":[0,0],"32":[0,0],"33":[0,0,0],"34":[7,275],"35":[44,231],"36":[6,0],"37":[6,0],"38":[1,8],"39":[8,0],"40":[8,1],"41":[2,6],"42":[6,0],"43":[3,6],"44":[3,0],"45":[0,9],"46":[0,0],"47":[0,0],"48":[0,0],"49":[0,0],"50":[9,0],"51":[9,0],"52":[1,8],"53":[1,0],"54":[8,1],"55":[1,8],"56":[1,0],"57":[0,1],"58":[0,0],"59":[1,0],"60":[1,0],"61":[9,0],"62":[0,0],"63":[0,0],"64":[0,0],"65":[0,0],"66":[0,0],"67":[0,0],"68":[0,0],"69":[0,0],"70":[0,0],"71":[0,0],"72":[0,0],"73":[0,0],"74":[0,0],"75":[0,0],"76":[0,0],"77":[0,0],"78":[0,0],"79":[0,0],"80":[0,0],"81":[0,0],"82":[0,0],"83":[0,0],"84":[0,0],"85":[0,0],"86":[0,0],"87":[0,0],"88":[0,0],"89":[0,0],"90":[0,0],"91":[0,1],"92":[0,0],"93":[0,0],"94":[9,1],"95":[9,0],"96":[9,0],"97":[0,9],"98":[0,0],"99":[0,0],"100":[0,1],"101":[0,0],"102":[0,0],"103":[0,0],"104":[0,0],"105":[0,0],"106":[0,0],"107":[0,0],"108":[0,0],"109":[0,0],"110":[0,0],"111":[0,0],"112":[0,0],"113":[0,0],"114":[0,0],"115":[0,0],"116":[0,0],"117":[0,0],"118":[0,0],"119":[0,0],"120":[0,0],"121":[0,0],"122":[0,0],"123":[0,0],"124":[0,0],"125":[0,0],"126":[0,0],"127":[0,0],"128":[0,0],"129":[0,0],"130":[0,0],"131":[0,0],"132":[0,0],"133":[0,0],"134":[0,0],"135":[0,0],"136":[0,0],"137":[0,0],"138":[0,0],"139":[0,0],"140":[0,0],"141":[0,0],"142":[0,0],"143":[0,0],"144":[0,0],"145":[0,0],"146":[0,0],"147":[0,0],"148":[0,0],"149":[0,0],"150":[0,0],"151":[0,0],"152":[0,0],"153":[0,0],"154":[0,0],"155":[0,0],"156":[0,0],"157":[0,0],"158":[0,0],"159":[0,0],"160":[0,0],"161":[0,0],"162":[0,0],"163":[0,0],"164":[0,0],"165":[0,0],"166":[0,0],"167":[0,0],"168":[0,0],"169":[0,0],"170":[0,0],"171":[0,0],"172":[0,0],"173":[0,0],"174":[0,0],"175":[0,0],"176":[0,0],"177":[0,0],"178":[0,0],"179":[0,0],"180":[0,0],"181":[0,0],"182":[0,0],"183":[0,0],"184":[0,0],"185":[0,0],"186":[0,0],"187":[0,0],"188":[0,0],"189":[0,0],"190":[0,0],"191":[0,0],"192":[0,0],"193":[0,0],"194":[0,0],"195":[0,0],"196":[0,0],"197":[10,9],"198":[18,1],"199":[1,0],"200":[0,1],"201":[9,0],"202":[0,9],"203":[1,0],"204":[0,1],"205":[0,1],"206":[0,0],"207":[0,0],"208":[18,1],"209":[9,9],"210":[9,9],"211":[8,1],"212":[0,8],"213":[0,8],"214":[0,1],"215":[0,0],"216":[0,0],"217":[0,1],"218":[1,0],"219":[0,1],"220":[0,0],"221":[0,0],"222":[0,0],"223":[0,0],"224":[0,0],"225":[0,0],"226":[0,0],"227":[9,1],"228":[1,0],"229":[9,1],"230":[14,9],"231":[9,0],"232":[9,1],"233":[1,8],"234":[8,0],"235":[1,8],"236":[1,0],"237":[0,0],"238":[0,1],"239":[0,1],"240":[1,0],"241":[1,0],"242":[0,1],"243":[0,0],"244":[0,0],"245":[0,0],"246":[0,0],"247":[0,0],"248":[0,0],"249":[0,0],"250":[0,0],"251":[0,0],"252":[0,0],"253":[0,0],"254":[0,0],"255":[0,0],"256":[0,0],"257":[0,0],"258":[0,0],"259":[0,0],"260":[0,0],"261":[0,0],"262":[0,0],"263":[0,0],"264":[0,0],"265":[0,0],"266":[0,0],"267":[0,0],"268":[0,0],"269":[0,0],"270":[0,0],"271":[0,0],"272":[0,0],"273":[0,0],"274":[0,0],"275":[0,0],"276":[0,0],"277":[0,0],"278":[0,9],"279":[0,1],"280":[1,0],"281":[0,1],"282":[0,0],"283":[0,0],"284":[0,0],"285":[0,0],"286":[0,0],"287":[0,0],"288":[0,0],"289":[0,0],"290":[0,0],"291":[0,0],"292":[0,0],"293":[0,9],"294":[9,0],"295":[9,0],"296":[1,8],"297":[8,0],"298":[8,1],"299":[8,0],"300":[0,0],"301":[0,8],"302":[0,0],"303":[0,0],"304":[0,0],"305":[0,0],"306":[0,0],"307":[0,0],"308":[0,0],"309":[0,0],"310":[9,0],"311":[0,0],"312":[0,0],"313":[0,0],"314":[1,0],"315":[0,0],"316":[1,0],"317":[1,0],"318":[0,0],"319":[1,0],"320":[24,76],"321":[76,0],"322":[76,24],"323":[0,76],"324":[76,0],"325":[0,24],"326":[24,0],"327":[24,0],"328":[0,24],"329":[24,0],"330":[26,4],"331":[4,0],"332":[26,4],"333":[96,26],"334":[26,0],"335":[6,0],"336":[6,6],"337":[0,0],"338":[0,0],"339":[0,0],"340":[0,0]},"inputSourceMap":null,"_coverageSchema":"1a1c01bbd47fc00a2c39e90264f33305004495a9","hash":"2dcab336433e213207cfd84dfcccaca0abdb5e01"}
}
