TN:
SF:src/Peggy/medcodelogic.js
FN:17,isInTable
FN:33,isStringVariable
FN:43,isNumberVariable
FN:53,isDateVariable
FN:63,isCodeVariable
FN:81,(anonymous_5)
FN:93,peg$subclass
FN:94,C
FN:99,peg$SyntaxError
FN:114,peg$padEnd
FN:122,(anonymous_10)
FN:156,(anonymous_11)
FN:158,(anonymous_12)
FN:162,(anonymous_13)
FN:163,(anonymous_14)
FN:172,(anonymous_15)
FN:176,(anonymous_16)
FN:180,(anonymous_17)
FN:185,hex
FN:189,literalEscape
FN:197,(anonymous_20)
FN:198,(anonymous_21)
FN:201,classEscape
FN:211,(anonymous_23)
FN:212,(anonymous_24)
FN:215,describeExpectation
FN:219,describeExpected
FN:249,describeFound
FN:256,peg$parse
FN:350,(anonymous_29)
FN:351,(anonymous_30)
FN:352,(anonymous_31)
FN:353,(anonymous_32)
FN:354,(anonymous_33)
FN:355,(anonymous_34)
FN:356,(anonymous_35)
FN:357,(anonymous_36)
FN:358,(anonymous_37)
FN:359,(anonymous_38)
FN:360,(anonymous_39)
FN:361,(anonymous_40)
FN:379,text
FN:383,offset
FN:387,range
FN:395,location
FN:399,expected
FN:411,error
FN:419,peg$literalExpectation
FN:423,peg$classExpectation
FN:427,peg$anyExpectation
FN:431,peg$endExpectation
FN:435,peg$otherExpectation
FN:439,peg$computePosDetails
FN:474,peg$computeLocation
FN:498,peg$fail
FN:509,peg$buildSimpleError
FN:513,peg$buildStructuredError
FN:522,peg$parsestart
FN:536,peg$parseexpression
FN:560,peg$parseand_or
FN:599,peg$parsesimpleExpression
FN:631,peg$parsecomparison
FN:695,peg$parsecalculation
FN:824,peg$parsestringCompare
FN:854,peg$parsenumberCompare
FN:884,peg$parsedateCompare
FN:914,peg$parsecodeCompare
FN:944,peg$parseinList
FN:996,peg$parseinTable
FN:1049,peg$parsefunction
FN:1078,peg$parsemin_max
FN:1131,peg$parsewhere
FN:1168,peg$parsesides
FN:1256,peg$parsenot
FN:1287,peg$parselist
FN:1310,peg$parsecodeList
FN:1408,peg$parsetableList
FN:1490,peg$parsevariable
FN:1516,peg$parsenumberOrVariableNumber
FN:1536,peg$parsestringOrVariableString
FN:1556,peg$parsedateOrVariableDate
FN:1576,peg$parsecodeOrVariableCode
FN:1596,peg$parsevariableString
FN:1624,peg$parsevariableNumber
FN:1652,peg$parsevariableDate
FN:1680,peg$parsevariableCode
FN:1708,peg$parsestring
FN:1761,peg$parsenumber
FN:1799,peg$parseDate
FN:2015,peg$parsecode
FN:2088,peg$parseoperator
FN:2156,peg$parsetable
FN:2184,peg$parselparen
FN:2207,peg$parserparen
FN:2230,peg$parse_
FN:2273,peg$parsealwaysMatch
FNF:96
FNH:39
FNDA:0,isInTable
FNDA:0,isStringVariable
FNDA:18,isNumberVariable
FNDA:8,isDateVariable
FNDA:0,isCodeVariable
FNDA:235,(anonymous_5)
FNDA:1,peg$subclass
FNDA:1,C
FNDA:0,peg$SyntaxError
FNDA:0,peg$padEnd
FNDA:0,(anonymous_10)
FNDA:0,(anonymous_11)
FNDA:0,(anonymous_12)
FNDA:0,(anonymous_13)
FNDA:0,(anonymous_14)
FNDA:0,(anonymous_15)
FNDA:0,(anonymous_16)
FNDA:0,(anonymous_17)
FNDA:0,hex
FNDA:0,literalEscape
FNDA:0,(anonymous_20)
FNDA:0,(anonymous_21)
FNDA:0,classEscape
FNDA:0,(anonymous_23)
FNDA:0,(anonymous_24)
FNDA:0,describeExpectation
FNDA:0,describeExpected
FNDA:0,describeFound
FNDA:6,peg$parse
FNDA:6,(anonymous_29)
FNDA:0,(anonymous_30)
FNDA:0,(anonymous_31)
FNDA:18,(anonymous_32)
FNDA:9,(anonymous_33)
FNDA:8,(anonymous_34)
FNDA:0,(anonymous_35)
FNDA:0,(anonymous_36)
FNDA:0,(anonymous_37)
FNDA:0,(anonymous_38)
FNDA:0,(anonymous_39)
FNDA:0,(anonymous_40)
FNDA:0,text
FNDA:0,offset
FNDA:0,range
FNDA:0,location
FNDA:0,expected
FNDA:0,error
FNDA:168,peg$literalExpectation
FNDA:78,peg$classExpectation
FNDA:0,peg$anyExpectation
FNDA:0,peg$endExpectation
FNDA:0,peg$otherExpectation
FNDA:0,peg$computePosDetails
FNDA:0,peg$computeLocation
FNDA:282,peg$fail
FNDA:0,peg$buildSimpleError
FNDA:0,peg$buildStructuredError
FNDA:6,peg$parsestart
FNDA:6,peg$parseexpression
FNDA:9,peg$parseand_or
FNDA:9,peg$parsesimpleExpression
FNDA:9,peg$parsecomparison
FNDA:0,peg$parsecalculation
FNDA:1,peg$parsestringCompare
FNDA:10,peg$parsenumberCompare
FNDA:9,peg$parsedateCompare
FNDA:1,peg$parsecodeCompare
FNDA:0,peg$parseinList
FNDA:0,peg$parseinTable
FNDA:0,peg$parsefunction
FNDA:0,peg$parsemin_max
FNDA:0,peg$parsewhere
FNDA:0,peg$parsesides
FNDA:0,peg$parsenot
FNDA:0,peg$parselist
FNDA:0,peg$parsecodeList
FNDA:0,peg$parsetableList
FNDA:0,peg$parsevariable
FNDA:19,peg$parsenumberOrVariableNumber
FNDA:1,peg$parsestringOrVariableString
FNDA:9,peg$parsedateOrVariableDate
FNDA:1,peg$parsecodeOrVariableCode
FNDA:1,peg$parsevariableString
FNDA:19,peg$parsevariableNumber
FNDA:9,peg$parsevariableDate
FNDA:1,peg$parsevariableCode
FNDA:1,peg$parsestring
FNDA:10,peg$parsenumber
FNDA:9,peg$parseDate
FNDA:1,peg$parsecode
FNDA:9,peg$parseoperator
FNDA:0,peg$parsetable
FNDA:1,peg$parselparen
FNDA:1,peg$parserparen
FNDA:100,peg$parse_
FNDA:30,peg$parsealwaysMatch
DA:11,1
DA:12,1
DA:18,0
DA:20,0
DA:22,0
DA:24,0
DA:34,0
DA:36,0
DA:38,0
DA:40,0
DA:44,18
DA:46,18
DA:48,1667
DA:50,9
DA:54,8
DA:56,8
DA:58,1432
DA:60,8
DA:64,0
DA:66,0
DA:68,0
DA:69,0
DA:72,0
DA:81,1
DA:82,235
DA:83,235
DA:84,447
DA:85,192
DA:87,255
DA:90,235
DA:94,1
DA:95,1
DA:96,1
DA:100,0
DA:105,0
DA:106,0
DA:107,0
DA:108,0
DA:109,0
DA:112,1
DA:115,0
DA:116,0
DA:117,0
DA:118,0
DA:119,0
DA:122,1
DA:123,0
DA:124,0
DA:125,0
DA:127,0
DA:128,0
DA:129,0
DA:130,0
DA:133,0
DA:134,0
DA:137,0
DA:138,0
DA:139,0
DA:140,0
DA:141,0
DA:142,0
DA:143,0
DA:144,0
DA:150,0
DA:153,0
DA:156,1
DA:157,0
DA:159,0
DA:163,0
DA:164,0
DA:169,0
DA:173,0
DA:177,0
DA:181,0
DA:186,0
DA:190,0
DA:197,0
DA:198,0
DA:202,0
DA:211,0
DA:212,0
DA:216,0
DA:220,0
DA:223,0
DA:225,0
DA:226,0
DA:227,0
DA:228,0
DA:229,0
DA:232,0
DA:235,0
DA:237,0
DA:240,0
DA:243,0
DA:250,0
DA:253,0
DA:257,6
DA:259,6
DA:260,6
DA:262,6
DA:263,6
DA:265,6
DA:266,6
DA:267,6
DA:268,6
DA:269,6
DA:270,6
DA:271,6
DA:272,6
DA:273,6
DA:274,6
DA:275,6
DA:276,6
DA:277,6
DA:278,6
DA:279,6
DA:280,6
DA:281,6
DA:282,6
DA:283,6
DA:284,6
DA:285,6
DA:286,6
DA:287,6
DA:288,6
DA:289,6
DA:290,6
DA:291,6
DA:292,6
DA:294,6
DA:295,6
DA:296,6
DA:297,6
DA:298,6
DA:299,6
DA:300,6
DA:301,6
DA:302,6
DA:303,6
DA:304,6
DA:305,6
DA:306,6
DA:308,6
DA:309,6
DA:310,6
DA:311,6
DA:312,6
DA:313,6
DA:314,6
DA:315,6
DA:316,6
DA:317,6
DA:318,6
DA:319,6
DA:320,6
DA:321,6
DA:322,6
DA:323,6
DA:324,6
DA:325,6
DA:326,6
DA:327,6
DA:328,6
DA:329,6
DA:330,6
DA:331,6
DA:332,6
DA:333,6
DA:334,6
DA:335,6
DA:336,6
DA:337,6
DA:338,6
DA:339,6
DA:340,6
DA:341,6
DA:342,6
DA:343,6
DA:344,6
DA:345,6
DA:346,6
DA:347,6
DA:348,6
DA:350,6
DA:351,6
DA:352,6
DA:353,18
DA:354,9
DA:355,8
DA:356,6
DA:357,6
DA:358,6
DA:359,6
DA:360,6
DA:361,6
DA:362,6
DA:363,6
DA:364,6
DA:365,6
DA:366,6
DA:367,6
DA:371,6
DA:372,0
DA:373,0
DA:376,0
DA:380,0
DA:384,0
DA:388,0
DA:396,0
DA:400,0
DA:404,0
DA:412,0
DA:416,0
DA:420,168
DA:424,78
DA:428,0
DA:432,0
DA:436,0
DA:440,0
DA:443,0
DA:444,0
DA:446,0
DA:447,0
DA:448,0
DA:451,0
DA:452,0
DA:457,0
DA:458,0
DA:459,0
DA:460,0
DA:462,0
DA:465,0
DA:468,0
DA:470,0
DA:475,0
DA:476,0
DA:478,0
DA:491,0
DA:492,0
DA:493,0
DA:495,0
DA:499,282
DA:501,275
DA:502,44
DA:503,44
DA:506,275
DA:510,0
DA:514,0
DA:525,6
DA:526,6
DA:527,6
DA:528,6
DA:529,6
DA:531,6
DA:533,6
DA:539,6
DA:540,6
DA:541,6
DA:542,6
DA:543,6
DA:544,6
DA:545,6
DA:546,3
DA:547,3
DA:549,6
DA:550,6
DA:551,6
DA:553,0
DA:554,0
DA:557,6
DA:563,9
DA:564,9
DA:565,1
DA:566,1
DA:568,8
DA:569,8
DA:571,9
DA:572,8
DA:573,2
DA:574,2
DA:576,6
DA:577,6
DA:580,9
DA:581,3
DA:582,3
DA:583,3
DA:584,3
DA:585,3
DA:586,3
DA:588,0
DA:589,0
DA:592,6
DA:593,6
DA:596,9
DA:602,9
DA:603,9
DA:604,9
DA:605,0
DA:606,0
DA:607,0
DA:608,0
DA:609,0
DA:610,0
DA:611,0
DA:612,0
DA:613,0
DA:619,9
DA:620,9
DA:621,9
DA:622,9
DA:624,0
DA:625,0
DA:628,9
DA:634,9
DA:635,9
DA:636,9
DA:637,9
DA:638,9
DA:639,9
DA:640,1
DA:641,1
DA:642,1
DA:646,9
DA:647,8
DA:648,8
DA:649,8
DA:651,1
DA:652,1
DA:654,9
DA:655,1
DA:656,1
DA:657,1
DA:658,1
DA:659,1
DA:660,0
DA:661,0
DA:662,0
DA:665,1
DA:666,1
DA:667,1
DA:668,1
DA:669,1
DA:671,0
DA:672,0
DA:675,0
DA:676,0
DA:679,0
DA:680,0
DA:683,9
DA:684,9
DA:685,9
DA:686,9
DA:688,0
DA:689,0
DA:692,9
DA:698,0
DA:699,0
DA:700,0
DA:701,0
DA:702,0
DA:703,0
DA:704,0
DA:705,0
DA:706,0
DA:708,0
DA:709,0
DA:711,0
DA:712,0
DA:713,0
DA:714,0
DA:716,0
DA:717,0
DA:719,0
DA:720,0
DA:721,0
DA:722,0
DA:724,0
DA:725,0
DA:727,0
DA:728,0
DA:729,0
DA:730,0
DA:732,0
DA:733,0
DA:738,0
DA:739,0
DA:740,0
DA:741,0
DA:742,0
DA:743,0
DA:745,0
DA:746,0
DA:749,0
DA:750,0
DA:752,0
DA:753,0
DA:754,0
DA:755,0
DA:756,0
DA:757,0
DA:758,0
DA:760,0
DA:761,0
DA:763,0
DA:764,0
DA:765,0
DA:766,0
DA:768,0
DA:769,0
DA:771,0
DA:772,0
DA:773,0
DA:774,0
DA:776,0
DA:777,0
DA:779,0
DA:780,0
DA:781,0
DA:782,0
DA:784,0
DA:785,0
DA:790,0
DA:791,0
DA:792,0
DA:793,0
DA:794,0
DA:795,0
DA:797,0
DA:798,0
DA:801,0
DA:802,0
DA:806,0
DA:808,0
DA:809,0
DA:810,0
DA:811,0
DA:813,0
DA:814,0
DA:817,0
DA:818,0
DA:821,0
DA:827,1
DA:828,1
DA:829,1
DA:830,0
DA:831,0
DA:832,0
DA:833,0
DA:834,0
DA:835,0
DA:836,0
DA:837,0
DA:839,0
DA:840,0
DA:843,0
DA:844,0
DA:847,1
DA:848,1
DA:851,1
DA:857,10
DA:858,10
DA:859,10
DA:860,9
DA:861,9
DA:862,9
DA:863,9
DA:864,9
DA:865,9
DA:866,9
DA:867,9
DA:869,0
DA:870,0
DA:873,0
DA:874,0
DA:877,1
DA:878,1
DA:881,10
DA:887,9
DA:888,9
DA:889,9
DA:890,0
DA:891,0
DA:892,0
DA:893,0
DA:894,0
DA:895,0
DA:896,0
DA:897,0
DA:899,0
DA:900,0
DA:903,0
DA:904,0
DA:907,9
DA:908,9
DA:911,9
DA:917,1
DA:918,1
DA:919,1
DA:920,0
DA:921,0
DA:922,0
DA:923,0
DA:924,0
DA:925,0
DA:926,0
DA:927,0
DA:929,0
DA:930,0
DA:933,0
DA:934,0
DA:937,1
DA:938,1
DA:941,1
DA:947,0
DA:948,0
DA:949,0
DA:950,0
DA:951,0
DA:952,0
DA:953,0
DA:955,0
DA:956,0
DA:958,0
DA:959,0
DA:961,0
DA:962,0
DA:963,0
DA:964,0
DA:965,0
DA:967,0
DA:968,0
DA:970,0
DA:971,0
DA:972,0
DA:973,0
DA:974,0
DA:975,0
DA:977,0
DA:978,0
DA:981,0
DA:982,0
DA:985,0
DA:986,0
DA:989,0
DA:990,0
DA:993,0
DA:999,0
DA:1000,0
DA:1001,0
DA:1002,0
DA:1003,0
DA:1004,0
DA:1005,0
DA:1007,0
DA:1008,0
DA:1010,0
DA:1011,0
DA:1013,0
DA:1014,0
DA:1015,0
DA:1016,0
DA:1017,0
DA:1019,0
DA:1020,0
DA:1022,0
DA:1023,0
DA:1024,0
DA:1025,0
DA:1026,0
DA:1027,0
DA:1028,0
DA:1030,0
DA:1031,0
DA:1034,0
DA:1035,0
DA:1038,0
DA:1039,0
DA:1042,0
DA:1043,0
DA:1046,0
DA:1052,0
DA:1053,0
DA:1054,0
DA:1055,0
DA:1056,0
DA:1057,0
DA:1058,0
DA:1059,0
DA:1060,0
DA:1061,0
DA:1066,0
DA:1067,0
DA:1068,0
DA:1069,0
DA:1071,0
DA:1072,0
DA:1075,0
DA:1081,0
DA:1082,0
DA:1083,0
DA:1084,0
DA:1086,0
DA:1087,0
DA:1089,0
DA:1090,0
DA:1091,0
DA:1092,0
DA:1094,0
DA:1095,0
DA:1098,0
DA:1099,0
DA:1100,0
DA:1101,0
DA:1102,0
DA:1103,0
DA:1104,0
DA:1105,0
DA:1106,0
DA:1107,0
DA:1108,0
DA:1109,0
DA:1110,0
DA:1112,0
DA:1113,0
DA:1116,0
DA:1117,0
DA:1120,0
DA:1121,0
DA:1124,0
DA:1125,0
DA:1128,0
DA:1134,0
DA:1135,0
DA:1136,0
DA:1137,0
DA:1138,0
DA:1139,0
DA:1140,0
DA:1142,0
DA:1143,0
DA:1145,0
DA:1146,0
DA:1147,0
DA:1148,0
DA:1149,0
DA:1150,0
DA:1151,0
DA:1153,0
DA:1154,0
DA:1157,0
DA:1158,0
DA:1161,0
DA:1162,0
DA:1165,0
DA:1171,0
DA:1172,0
DA:1173,0
DA:1174,0
DA:1176,0
DA:1177,0
DA:1179,0
DA:1180,0
DA:1181,0
DA:1182,0
DA:1183,0
DA:1184,0
DA:1185,0
DA:1186,0
DA:1187,0
DA:1188,0
DA:1189,0
DA:1191,0
DA:1192,0
DA:1194,0
DA:1195,0
DA:1196,0
DA:1197,0
DA:1198,0
DA:1200,0
DA:1201,0
DA:1203,0
DA:1204,0
DA:1205,0
DA:1206,0
DA:1208,0
DA:1209,0
DA:1211,0
DA:1212,0
DA:1213,0
DA:1214,0
DA:1216,0
DA:1217,0
DA:1221,0
DA:1222,0
DA:1223,0
DA:1224,0
DA:1225,0
DA:1226,0
DA:1227,0
DA:1229,0
DA:1230,0
DA:1233,0
DA:1234,0
DA:1237,0
DA:1238,0
DA:1241,0
DA:1242,0
DA:1245,0
DA:1246,0
DA:1249,0
DA:1250,0
DA:1253,0
DA:1259,0
DA:1260,0
DA:1261,0
DA:1262,0
DA:1263,0
DA:1265,0
DA:1266,0
DA:1268,0
DA:1269,0
DA:1270,0
DA:1271,0
DA:1272,0
DA:1273,0
DA:1274,0
DA:1276,0
DA:1277,0
DA:1280,0
DA:1281,0
DA:1284,0
DA:1290,0
DA:1291,0
DA:1292,0
DA:1293,0
DA:1295,0
DA:1296,0
DA:1298,0
DA:1299,0
DA:1300,0
DA:1301,0
DA:1303,0
DA:1304,0
DA:1307,0
DA:1313,0
DA:1314,0
DA:1315,0
DA:1316,0
DA:1317,0
DA:1318,0
DA:1319,0
DA:1320,0
DA:1321,0
DA:1324,0
DA:1325,0
DA:1326,0
DA:1327,0
DA:1328,0
DA:1329,0
DA:1330,0
DA:1332,0
DA:1333,0
DA:1335,0
DA:1336,0
DA:1337,0
DA:1338,0
DA:1339,0
DA:1340,0
DA:1342,0
DA:1343,0
DA:1346,0
DA:1347,0
DA:1349,0
DA:1350,0
DA:1351,0
DA:1352,0
DA:1355,0
DA:1356,0
DA:1357,0
DA:1358,0
DA:1359,0
DA:1360,0
DA:1361,0
DA:1363,0
DA:1364,0
DA:1366,0
DA:1367,0
DA:1368,0
DA:1369,0
DA:1370,0
DA:1371,0
DA:1373,0
DA:1374,0
DA:1377,0
DA:1378,0
DA:1380,0
DA:1381,0
DA:1382,0
DA:1383,0
DA:1387,0
DA:1388,0
DA:1389,0
DA:1390,0
DA:1391,0
DA:1393,0
DA:1394,0
DA:1397,0
DA:1398,0
DA:1401,0
DA:1402,0
DA:1405,0
DA:1411,0
DA:1412,0
DA:1413,0
DA:1414,0
DA:1415,0
DA:1416,0
DA:1417,0
DA:1418,0
DA:1419,0
DA:1420,0
DA:1421,0
DA:1422,0
DA:1424,0
DA:1425,0
DA:1427,0
DA:1428,0
DA:1429,0
DA:1430,0
DA:1431,0
DA:1432,0
DA:1433,0
DA:1435,0
DA:1436,0
DA:1439,0
DA:1440,0
DA:1442,0
DA:1443,0
DA:1444,0
DA:1445,0
DA:1446,0
DA:1447,0
DA:1448,0
DA:1450,0
DA:1451,0
DA:1453,0
DA:1454,0
DA:1455,0
DA:1456,0
DA:1457,0
DA:1458,0
DA:1459,0
DA:1461,0
DA:1462,0
DA:1465,0
DA:1466,0
DA:1469,0
DA:1470,0
DA:1471,0
DA:1472,0
DA:1473,0
DA:1475,0
DA:1476,0
DA:1479,0
DA:1480,0
DA:1483,0
DA:1484,0
DA:1487,0
DA:1493,0
DA:1494,0
DA:1495,0
DA:1496,0
DA:1497,0
DA:1498,0
DA:1499,0
DA:1500,0
DA:1504,0
DA:1505,0
DA:1506,0
DA:1507,0
DA:1509,0
DA:1510,0
DA:1513,0
DA:1519,19
DA:1520,19
DA:1521,19
DA:1522,10
DA:1524,19
DA:1525,18
DA:1526,18
DA:1527,18
DA:1529,1
DA:1530,1
DA:1533,19
DA:1539,1
DA:1540,1
DA:1541,1
DA:1542,1
DA:1544,1
DA:1545,0
DA:1546,0
DA:1547,0
DA:1549,1
DA:1550,1
DA:1553,1
DA:1559,9
DA:1560,9
DA:1561,9
DA:1562,9
DA:1564,9
DA:1565,0
DA:1566,0
DA:1567,0
DA:1569,9
DA:1570,9
DA:1573,9
DA:1579,1
DA:1580,1
DA:1581,1
DA:1582,1
DA:1584,1
DA:1585,0
DA:1586,0
DA:1587,0
DA:1589,1
DA:1590,1
DA:1593,1
DA:1599,1
DA:1600,1
DA:1601,1
DA:1602,0
DA:1603,0
DA:1604,0
DA:1605,0
DA:1607,0
DA:1609,0
DA:1610,0
DA:1611,0
DA:1613,0
DA:1614,0
DA:1617,1
DA:1618,1
DA:1621,1
DA:1627,19
DA:1628,19
DA:1629,19
DA:1630,18
DA:1631,18
DA:1632,18
DA:1633,9
DA:1635,9
DA:1637,18
DA:1638,9
DA:1639,9
DA:1641,9
DA:1642,9
DA:1645,1
DA:1646,1
DA:1649,19
DA:1655,9
DA:1656,9
DA:1657,9
DA:1658,8
DA:1659,8
DA:1660,8
DA:1661,0
DA:1663,8
DA:1665,8
DA:1666,0
DA:1667,0
DA:1669,8
DA:1670,8
DA:1673,1
DA:1674,1
DA:1677,9
DA:1683,1
DA:1684,1
DA:1685,1
DA:1686,0
DA:1687,0
DA:1688,0
DA:1689,0
DA:1691,0
DA:1693,0
DA:1694,0
DA:1695,0
DA:1697,0
DA:1698,0
DA:1701,1
DA:1702,1
DA:1705,1
DA:1711,1
DA:1712,1
DA:1713,0
DA:1714,0
DA:1716,1
DA:1717,1
DA:1719,1
DA:1720,0
DA:1721,0
DA:1722,0
DA:1723,0
DA:1725,0
DA:1726,0
DA:1728,0
DA:1729,0
DA:1730,0
DA:1731,0
DA:1732,0
DA:1734,0
DA:1735,0
DA:1738,0
DA:1739,0
DA:1740,0
DA:1742,0
DA:1743,0
DA:1745,0
DA:1746,0
DA:1747,0
DA:1748,0
DA:1750,0
DA:1751,0
DA:1754,1
DA:1755,1
DA:1758,1
DA:1764,10
DA:1765,10
DA:1766,10
DA:1767,9
DA:1768,9
DA:1770,1
DA:1771,1
DA:1773,10
DA:1774,9
DA:1775,23
DA:1776,23
DA:1777,14
DA:1778,14
DA:1780,9
DA:1781,9
DA:1785,1
DA:1787,10
DA:1788,9
DA:1789,9
DA:1790,9
DA:1792,1
DA:1793,1
DA:1796,10
DA:1802,9
DA:1803,9
DA:1804,9
DA:1805,1
DA:1806,1
DA:1808,8
DA:1809,8
DA:1811,9
DA:1812,1
DA:1813,1
DA:1814,1
DA:1815,1
DA:1816,1
DA:1818,0
DA:1819,0
DA:1821,1
DA:1822,1
DA:1823,1
DA:1824,0
DA:1826,1
DA:1827,0
DA:1828,0
DA:1830,1
DA:1831,1
DA:1835,1
DA:1836,1
DA:1837,1
DA:1839,0
DA:1841,1
DA:1842,0
DA:1843,0
DA:1844,0
DA:1845,0
DA:1847,0
DA:1848,0
DA:1850,0
DA:1851,0
DA:1852,0
DA:1853,0
DA:1855,0
DA:1856,0
DA:1858,0
DA:1859,0
DA:1860,0
DA:1862,0
DA:1863,0
DA:1866,0
DA:1867,0
DA:1869,0
DA:1870,0
DA:1871,0
DA:1872,0
DA:1873,0
DA:1875,0
DA:1876,0
DA:1878,0
DA:1879,0
DA:1880,0
DA:1881,0
DA:1883,0
DA:1884,0
DA:1886,0
DA:1887,0
DA:1888,0
DA:1890,0
DA:1891,0
DA:1894,0
DA:1895,0
DA:1898,0
DA:1899,0
DA:1900,0
DA:1901,0
DA:1902,0
DA:1904,0
DA:1905,0
DA:1907,0
DA:1908,0
DA:1909,0
DA:1910,0
DA:1912,0
DA:1913,0
DA:1915,0
DA:1916,0
DA:1917,0
DA:1919,0
DA:1920,0
DA:1923,0
DA:1924,0
DA:1926,0
DA:1927,0
DA:1928,0
DA:1929,0
DA:1930,0
DA:1932,0
DA:1933,0
DA:1935,0
DA:1936,0
DA:1937,0
DA:1938,0
DA:1940,0
DA:1941,0
DA:1943,0
DA:1944,0
DA:1945,0
DA:1947,0
DA:1948,0
DA:1951,0
DA:1952,0
DA:1954,0
DA:1955,0
DA:1956,0
DA:1957,0
DA:1958,0
DA:1960,0
DA:1961,0
DA:1963,0
DA:1964,0
DA:1965,0
DA:1966,0
DA:1968,0
DA:1969,0
DA:1971,0
DA:1972,0
DA:1973,0
DA:1975,0
DA:1976,0
DA:1979,0
DA:1980,0
DA:1984,0
DA:1985,0
DA:1986,0
DA:1988,0
DA:1989,0
DA:1992,0
DA:1993,0
DA:1996,1
DA:1997,1
DA:2000,8
DA:2001,8
DA:2003,9
DA:2004,0
DA:2005,0
DA:2006,0
DA:2008,9
DA:2009,9
DA:2012,9
DA:2018,1
DA:2019,1
DA:2020,0
DA:2021,0
DA:2023,1
DA:2024,1
DA:2026,1
DA:2027,0
DA:2028,0
DA:2029,0
DA:2030,0
DA:2032,0
DA:2033,0
DA:2035,0
DA:2036,0
DA:2037,0
DA:2038,0
DA:2039,0
DA:2041,0
DA:2042,0
DA:2044,0
DA:2045,0
DA:2046,0
DA:2047,0
DA:2048,0
DA:2050,0
DA:2051,0
DA:2054,0
DA:2055,0
DA:2057,0
DA:2058,0
DA:2060,0
DA:2061,0
DA:2062,0
DA:2063,0
DA:2065,0
DA:2066,0
DA:2068,0
DA:2069,0
DA:2070,0
DA:2071,0
DA:2073,0
DA:2074,0
DA:2077,0
DA:2078,0
DA:2081,1
DA:2082,1
DA:2085,1
DA:2091,9
DA:2092,9
DA:2093,0
DA:2094,0
DA:2096,9
DA:2097,9
DA:2099,9
DA:2100,9
DA:2101,1
DA:2102,1
DA:2104,8
DA:2105,8
DA:2107,9
DA:2108,8
DA:2109,8
DA:2110,8
DA:2112,0
DA:2113,0
DA:2115,8
DA:2116,0
DA:2117,0
DA:2118,0
DA:2120,0
DA:2121,0
DA:2123,0
DA:2124,0
DA:2125,0
DA:2126,0
DA:2128,0
DA:2129,0
DA:2131,0
DA:2132,0
DA:2133,0
DA:2134,0
DA:2136,0
DA:2137,0
DA:2144,9
DA:2145,9
DA:2146,9
DA:2147,9
DA:2149,0
DA:2150,0
DA:2153,9
DA:2159,0
DA:2160,0
DA:2161,0
DA:2162,0
DA:2163,0
DA:2164,0
DA:2165,0
DA:2167,0
DA:2169,0
DA:2170,0
DA:2171,0
DA:2173,0
DA:2174,0
DA:2177,0
DA:2178,0
DA:2181,0
DA:2187,1
DA:2188,1
DA:2189,1
DA:2190,1
DA:2192,0
DA:2193,0
DA:2195,1
DA:2196,1
DA:2197,1
DA:2198,1
DA:2200,0
DA:2201,0
DA:2204,1
DA:2210,1
DA:2211,1
DA:2212,1
DA:2213,1
DA:2215,0
DA:2216,0
DA:2218,1
DA:2219,1
DA:2220,1
DA:2221,1
DA:2223,0
DA:2224,0
DA:2227,1
DA:2233,100
DA:2234,100
DA:2235,24
DA:2236,24
DA:2238,76
DA:2239,76
DA:2241,100
DA:2242,76
DA:2243,0
DA:2244,0
DA:2246,76
DA:2247,76
DA:2250,100
DA:2251,24
DA:2252,24
DA:2253,0
DA:2254,0
DA:2256,24
DA:2257,24
DA:2259,24
DA:2260,24
DA:2261,0
DA:2262,0
DA:2264,24
DA:2265,24
DA:2270,100
DA:2276,30
DA:2277,30
DA:2278,26
DA:2279,26
DA:2281,4
DA:2282,4
DA:2284,30
DA:2285,26
DA:2286,122
DA:2287,122
DA:2288,96
DA:2289,96
DA:2291,26
DA:2292,26
DA:2296,4
DA:2299,30
DA:2302,6
DA:2304,6
DA:2305,6
DA:2307,0
DA:2308,0
DA:2311,0
DA:2321,1
LF:1376
LH:473
BRDA:22,0,0,0
BRDA:22,0,1,0
BRDA:38,1,0,0
BRDA:38,1,1,0
BRDA:38,2,0,0
BRDA:38,2,1,0
BRDA:48,3,0,9
BRDA:48,3,1,1658
BRDA:48,4,0,1667
BRDA:48,4,1,9
BRDA:58,5,0,0
BRDA:58,5,1,1432
BRDA:58,6,0,1432
BRDA:58,6,1,7
BRDA:68,7,0,0
BRDA:68,7,1,0
BRDA:68,8,0,0
BRDA:68,8,1,0
BRDA:84,9,0,192
BRDA:84,9,1,255
BRDA:115,10,0,0
BRDA:115,10,1,0
BRDA:116,11,0,0
BRDA:116,11,1,0
BRDA:124,12,0,0
BRDA:124,12,1,0
BRDA:128,13,0,0
BRDA:128,13,1,0
BRDA:134,14,0,0
BRDA:134,14,1,0
BRDA:134,15,0,0
BRDA:134,15,1,0
BRDA:138,16,0,0
BRDA:138,16,1,0
BRDA:142,17,0,0
BRDA:142,17,1,0
BRDA:143,18,0,0
BRDA:143,18,1,0
BRDA:164,19,0,0
BRDA:164,19,1,0
BRDA:169,20,0,0
BRDA:169,20,1,0
BRDA:225,21,0,0
BRDA:225,21,1,0
BRDA:227,22,0,0
BRDA:227,22,1,0
BRDA:235,23,0,0
BRDA:235,23,1,0
BRDA:235,23,2,0
BRDA:250,24,0,0
BRDA:250,24,1,0
BRDA:257,25,0,0
BRDA:257,25,1,6
BRDA:371,26,0,0
BRDA:371,26,1,6
BRDA:372,27,0,0
BRDA:372,27,1,0
BRDA:400,28,0,0
BRDA:400,28,1,0
BRDA:412,29,0,0
BRDA:412,29,1,0
BRDA:443,30,0,0
BRDA:443,30,1,0
BRDA:458,31,0,0
BRDA:458,31,1,0
BRDA:491,32,0,0
BRDA:491,32,1,0
BRDA:491,33,0,0
BRDA:491,33,1,0
BRDA:491,33,2,0
BRDA:499,34,0,7
BRDA:499,34,1,275
BRDA:501,35,0,44
BRDA:501,35,1,231
BRDA:527,36,0,6
BRDA:527,36,1,0
BRDA:541,37,0,6
BRDA:541,37,1,0
BRDA:564,38,0,1
BRDA:564,38,1,8
BRDA:569,39,0,8
BRDA:569,39,1,0
BRDA:571,40,0,8
BRDA:571,40,1,1
BRDA:572,41,0,2
BRDA:572,41,1,6
BRDA:577,42,0,6
BRDA:577,42,1,0
BRDA:580,43,0,3
BRDA:580,43,1,6
BRDA:583,44,0,3
BRDA:583,44,1,0
BRDA:604,45,0,0
BRDA:604,45,1,9
BRDA:606,46,0,0
BRDA:606,46,1,0
BRDA:608,47,0,0
BRDA:608,47,1,0
BRDA:610,48,0,0
BRDA:610,48,1,0
BRDA:612,49,0,0
BRDA:612,49,1,0
BRDA:619,50,0,9
BRDA:619,50,1,0
BRDA:637,51,0,9
BRDA:637,51,1,0
BRDA:639,52,0,1
BRDA:639,52,1,8
BRDA:641,53,0,1
BRDA:641,53,1,0
BRDA:646,54,0,8
BRDA:646,54,1,1
BRDA:654,55,0,1
BRDA:654,55,1,8
BRDA:657,56,0,1
BRDA:657,56,1,0
BRDA:659,57,0,0
BRDA:659,57,1,1
BRDA:661,58,0,0
BRDA:661,58,1,0
BRDA:665,59,0,1
BRDA:665,59,1,0
BRDA:667,60,0,1
BRDA:667,60,1,0
BRDA:683,61,0,9
BRDA:683,61,1,0
BRDA:700,62,0,0
BRDA:700,62,1,0
BRDA:704,63,0,0
BRDA:704,63,1,0
BRDA:709,64,0,0
BRDA:709,64,1,0
BRDA:711,65,0,0
BRDA:711,65,1,0
BRDA:712,66,0,0
BRDA:712,66,1,0
BRDA:717,67,0,0
BRDA:717,67,1,0
BRDA:719,68,0,0
BRDA:719,68,1,0
BRDA:720,69,0,0
BRDA:720,69,1,0
BRDA:725,70,0,0
BRDA:725,70,1,0
BRDA:727,71,0,0
BRDA:727,71,1,0
BRDA:728,72,0,0
BRDA:728,72,1,0
BRDA:733,73,0,0
BRDA:733,73,1,0
BRDA:738,74,0,0
BRDA:738,74,1,0
BRDA:741,75,0,0
BRDA:741,75,1,0
BRDA:752,76,0,0
BRDA:752,76,1,0
BRDA:756,77,0,0
BRDA:756,77,1,0
BRDA:761,78,0,0
BRDA:761,78,1,0
BRDA:763,79,0,0
BRDA:763,79,1,0
BRDA:764,80,0,0
BRDA:764,80,1,0
BRDA:769,81,0,0
BRDA:769,81,1,0
BRDA:771,82,0,0
BRDA:771,82,1,0
BRDA:772,83,0,0
BRDA:772,83,1,0
BRDA:777,84,0,0
BRDA:777,84,1,0
BRDA:779,85,0,0
BRDA:779,85,1,0
BRDA:780,86,0,0
BRDA:780,86,1,0
BRDA:785,87,0,0
BRDA:785,87,1,0
BRDA:790,88,0,0
BRDA:790,88,1,0
BRDA:793,89,0,0
BRDA:793,89,1,0
BRDA:808,90,0,0
BRDA:808,90,1,0
BRDA:829,91,0,0
BRDA:829,91,1,1
BRDA:832,92,0,0
BRDA:832,92,1,0
BRDA:835,93,0,0
BRDA:835,93,1,0
BRDA:859,94,0,9
BRDA:859,94,1,1
BRDA:862,95,0,9
BRDA:862,95,1,0
BRDA:865,96,0,9
BRDA:865,96,1,0
BRDA:889,97,0,0
BRDA:889,97,1,9
BRDA:892,98,0,0
BRDA:892,98,1,0
BRDA:895,99,0,0
BRDA:895,99,1,0
BRDA:919,100,0,0
BRDA:919,100,1,1
BRDA:922,101,0,0
BRDA:922,101,1,0
BRDA:925,102,0,0
BRDA:925,102,1,0
BRDA:949,103,0,0
BRDA:949,103,1,0
BRDA:951,104,0,0
BRDA:951,104,1,0
BRDA:956,105,0,0
BRDA:956,105,1,0
BRDA:958,106,0,0
BRDA:958,106,1,0
BRDA:961,107,0,0
BRDA:961,107,1,0
BRDA:963,108,0,0
BRDA:963,108,1,0
BRDA:968,109,0,0
BRDA:968,109,1,0
BRDA:970,110,0,0
BRDA:970,110,1,0
BRDA:973,111,0,0
BRDA:973,111,1,0
BRDA:1001,112,0,0
BRDA:1001,112,1,0
BRDA:1003,113,0,0
BRDA:1003,113,1,0
BRDA:1008,114,0,0
BRDA:1008,114,1,0
BRDA:1010,115,0,0
BRDA:1010,115,1,0
BRDA:1013,116,0,0
BRDA:1013,116,1,0
BRDA:1015,117,0,0
BRDA:1015,117,1,0
BRDA:1020,118,0,0
BRDA:1020,118,1,0
BRDA:1022,119,0,0
BRDA:1022,119,1,0
BRDA:1025,120,0,0
BRDA:1025,120,1,0
BRDA:1054,121,0,0
BRDA:1054,121,1,0
BRDA:1056,122,0,0
BRDA:1056,122,1,0
BRDA:1058,123,0,0
BRDA:1058,123,1,0
BRDA:1060,124,0,0
BRDA:1060,124,1,0
BRDA:1066,125,0,0
BRDA:1066,125,1,0
BRDA:1082,126,0,0
BRDA:1082,126,1,0
BRDA:1087,127,0,0
BRDA:1087,127,1,0
BRDA:1089,128,0,0
BRDA:1089,128,1,0
BRDA:1090,129,0,0
BRDA:1090,129,1,0
BRDA:1095,130,0,0
BRDA:1095,130,1,0
BRDA:1098,131,0,0
BRDA:1098,131,1,0
BRDA:1101,132,0,0
BRDA:1101,132,1,0
BRDA:1104,133,0,0
BRDA:1104,133,1,0
BRDA:1107,134,0,0
BRDA:1107,134,1,0
BRDA:1136,135,0,0
BRDA:1136,135,1,0
BRDA:1138,136,0,0
BRDA:1138,136,1,0
BRDA:1143,137,0,0
BRDA:1143,137,1,0
BRDA:1145,138,0,0
BRDA:1145,138,1,0
BRDA:1148,139,0,0
BRDA:1148,139,1,0
BRDA:1172,140,0,0
BRDA:1172,140,1,0
BRDA:1177,141,0,0
BRDA:1177,141,1,0
BRDA:1179,142,0,0
BRDA:1179,142,1,0
BRDA:1182,143,0,0
BRDA:1182,143,1,0
BRDA:1185,144,0,0
BRDA:1185,144,1,0
BRDA:1187,145,0,0
BRDA:1187,145,1,0
BRDA:1192,146,0,0
BRDA:1192,146,1,0
BRDA:1194,147,0,0
BRDA:1194,147,1,0
BRDA:1196,148,0,0
BRDA:1196,148,1,0
BRDA:1201,149,0,0
BRDA:1201,149,1,0
BRDA:1203,150,0,0
BRDA:1203,150,1,0
BRDA:1204,151,0,0
BRDA:1204,151,1,0
BRDA:1209,152,0,0
BRDA:1209,152,1,0
BRDA:1211,153,0,0
BRDA:1211,153,1,0
BRDA:1212,154,0,0
BRDA:1212,154,1,0
BRDA:1217,155,0,0
BRDA:1217,155,1,0
BRDA:1221,156,0,0
BRDA:1221,156,1,0
BRDA:1224,157,0,0
BRDA:1224,157,1,0
BRDA:1261,158,0,0
BRDA:1261,158,1,0
BRDA:1266,159,0,0
BRDA:1266,159,1,0
BRDA:1268,160,0,0
BRDA:1268,160,1,0
BRDA:1271,161,0,0
BRDA:1271,161,1,0
BRDA:1291,162,0,0
BRDA:1291,162,1,0
BRDA:1296,163,0,0
BRDA:1296,163,1,0
BRDA:1298,164,0,0
BRDA:1298,164,1,0
BRDA:1315,165,0,0
BRDA:1315,165,1,0
BRDA:1318,166,0,0
BRDA:1318,166,1,0
BRDA:1320,167,0,0
BRDA:1320,167,1,0
BRDA:1324,168,0,0
BRDA:1324,168,1,0
BRDA:1328,169,0,0
BRDA:1328,169,1,0
BRDA:1333,170,0,0
BRDA:1333,170,1,0
BRDA:1335,171,0,0
BRDA:1335,171,1,0
BRDA:1338,172,0,0
BRDA:1338,172,1,0
BRDA:1349,173,0,0
BRDA:1349,173,1,0
BRDA:1351,174,0,0
BRDA:1351,174,1,0
BRDA:1359,175,0,0
BRDA:1359,175,1,0
BRDA:1364,176,0,0
BRDA:1364,176,1,0
BRDA:1366,177,0,0
BRDA:1366,177,1,0
BRDA:1369,178,0,0
BRDA:1369,178,1,0
BRDA:1380,179,0,0
BRDA:1380,179,1,0
BRDA:1382,180,0,0
BRDA:1382,180,1,0
BRDA:1389,181,0,0
BRDA:1389,181,1,0
BRDA:1413,182,0,0
BRDA:1413,182,1,0
BRDA:1416,183,0,0
BRDA:1416,183,1,0
BRDA:1420,184,0,0
BRDA:1420,184,1,0
BRDA:1425,185,0,0
BRDA:1425,185,1,0
BRDA:1427,186,0,0
BRDA:1427,186,1,0
BRDA:1430,187,0,0
BRDA:1430,187,1,0
BRDA:1446,188,0,0
BRDA:1446,188,1,0
BRDA:1451,189,0,0
BRDA:1451,189,1,0
BRDA:1453,190,0,0
BRDA:1453,190,1,0
BRDA:1456,191,0,0
BRDA:1456,191,1,0
BRDA:1471,192,0,0
BRDA:1471,192,1,0
BRDA:1495,193,0,0
BRDA:1495,193,1,0
BRDA:1497,194,0,0
BRDA:1497,194,1,0
BRDA:1499,195,0,0
BRDA:1499,195,1,0
BRDA:1504,196,0,0
BRDA:1504,196,1,0
BRDA:1521,197,0,10
BRDA:1521,197,1,9
BRDA:1524,198,0,18
BRDA:1524,198,1,1
BRDA:1541,199,0,1
BRDA:1541,199,1,0
BRDA:1544,200,0,0
BRDA:1544,200,1,1
BRDA:1561,201,0,9
BRDA:1561,201,1,0
BRDA:1564,202,0,0
BRDA:1564,202,1,9
BRDA:1581,203,0,1
BRDA:1581,203,1,0
BRDA:1584,204,0,0
BRDA:1584,204,1,1
BRDA:1601,205,0,0
BRDA:1601,205,1,1
BRDA:1604,206,0,0
BRDA:1604,206,1,0
BRDA:1609,207,0,0
BRDA:1609,207,1,0
BRDA:1629,208,0,18
BRDA:1629,208,1,1
BRDA:1632,209,0,9
BRDA:1632,209,1,9
BRDA:1637,210,0,9
BRDA:1637,210,1,9
BRDA:1657,211,0,8
BRDA:1657,211,1,1
BRDA:1660,212,0,0
BRDA:1660,212,1,8
BRDA:1665,213,0,0
BRDA:1665,213,1,8
BRDA:1685,214,0,0
BRDA:1685,214,1,1
BRDA:1688,215,0,0
BRDA:1688,215,1,0
BRDA:1693,216,0,0
BRDA:1693,216,1,0
BRDA:1712,217,0,0
BRDA:1712,217,1,1
BRDA:1717,218,0,1
BRDA:1717,218,1,0
BRDA:1719,219,0,0
BRDA:1719,219,1,1
BRDA:1721,220,0,0
BRDA:1721,220,1,0
BRDA:1726,221,0,0
BRDA:1726,221,1,0
BRDA:1730,222,0,0
BRDA:1730,222,1,0
BRDA:1735,223,0,0
BRDA:1735,223,1,0
BRDA:1738,224,0,0
BRDA:1738,224,1,0
BRDA:1743,225,0,0
BRDA:1743,225,1,0
BRDA:1745,226,0,0
BRDA:1745,226,1,0
BRDA:1766,227,0,9
BRDA:1766,227,1,1
BRDA:1771,228,0,1
BRDA:1771,228,1,0
BRDA:1773,229,0,9
BRDA:1773,229,1,1
BRDA:1776,230,0,14
BRDA:1776,230,1,9
BRDA:1781,231,0,9
BRDA:1781,231,1,0
BRDA:1787,232,0,9
BRDA:1787,232,1,1
BRDA:1804,233,0,1
BRDA:1804,233,1,8
BRDA:1809,234,0,8
BRDA:1809,234,1,0
BRDA:1811,235,0,1
BRDA:1811,235,1,8
BRDA:1814,236,0,1
BRDA:1814,236,1,0
BRDA:1819,237,0,0
BRDA:1819,237,1,0
BRDA:1823,238,0,0
BRDA:1823,238,1,1
BRDA:1826,239,0,0
BRDA:1826,239,1,1
BRDA:1831,240,0,1
BRDA:1831,240,1,0
BRDA:1835,241,0,1
BRDA:1835,241,1,0
BRDA:1841,242,0,0
BRDA:1841,242,1,1
BRDA:1843,243,0,0
BRDA:1843,243,1,0
BRDA:1848,244,0,0
BRDA:1848,244,1,0
BRDA:1850,245,0,0
BRDA:1850,245,1,0
BRDA:1851,246,0,0
BRDA:1851,246,1,0
BRDA:1856,247,0,0
BRDA:1856,247,1,0
BRDA:1858,248,0,0
BRDA:1858,248,1,0
BRDA:1869,249,0,0
BRDA:1869,249,1,0
BRDA:1871,250,0,0
BRDA:1871,250,1,0
BRDA:1876,251,0,0
BRDA:1876,251,1,0
BRDA:1878,252,0,0
BRDA:1878,252,1,0
BRDA:1879,253,0,0
BRDA:1879,253,1,0
BRDA:1884,254,0,0
BRDA:1884,254,1,0
BRDA:1886,255,0,0
BRDA:1886,255,1,0
BRDA:1898,256,0,0
BRDA:1898,256,1,0
BRDA:1900,257,0,0
BRDA:1900,257,1,0
BRDA:1905,258,0,0
BRDA:1905,258,1,0
BRDA:1907,259,0,0
BRDA:1907,259,1,0
BRDA:1908,260,0,0
BRDA:1908,260,1,0
BRDA:1913,261,0,0
BRDA:1913,261,1,0
BRDA:1915,262,0,0
BRDA:1915,262,1,0
BRDA:1926,263,0,0
BRDA:1926,263,1,0
BRDA:1928,264,0,0
BRDA:1928,264,1,0
BRDA:1933,265,0,0
BRDA:1933,265,1,0
BRDA:1935,266,0,0
BRDA:1935,266,1,0
BRDA:1936,267,0,0
BRDA:1936,267,1,0
BRDA:1941,268,0,0
BRDA:1941,268,1,0
BRDA:1943,269,0,0
BRDA:1943,269,1,0
BRDA:1954,270,0,0
BRDA:1954,270,1,0
BRDA:1956,271,0,0
BRDA:1956,271,1,0
BRDA:1961,272,0,0
BRDA:1961,272,1,0
BRDA:1963,273,0,0
BRDA:1963,273,1,0
BRDA:1964,274,0,0
BRDA:1964,274,1,0
BRDA:1969,275,0,0
BRDA:1969,275,1,0
BRDA:1971,276,0,0
BRDA:1971,276,1,0
BRDA:1984,277,0,0
BRDA:1984,277,1,0
BRDA:2003,278,0,0
BRDA:2003,278,1,9
BRDA:2019,279,0,0
BRDA:2019,279,1,1
BRDA:2024,280,0,1
BRDA:2024,280,1,0
BRDA:2026,281,0,0
BRDA:2026,281,1,1
BRDA:2028,282,0,0
BRDA:2028,282,1,0
BRDA:2033,283,0,0
BRDA:2033,283,1,0
BRDA:2035,284,0,0
BRDA:2035,284,1,0
BRDA:2037,285,0,0
BRDA:2037,285,1,0
BRDA:2042,286,0,0
BRDA:2042,286,1,0
BRDA:2046,287,0,0
BRDA:2046,287,1,0
BRDA:2051,288,0,0
BRDA:2051,288,1,0
BRDA:2060,289,0,0
BRDA:2060,289,1,0
BRDA:2061,290,0,0
BRDA:2061,290,1,0
BRDA:2066,291,0,0
BRDA:2066,291,1,0
BRDA:2068,292,0,0
BRDA:2068,292,1,0
BRDA:2092,293,0,0
BRDA:2092,293,1,9
BRDA:2097,294,0,9
BRDA:2097,294,1,0
BRDA:2099,295,0,9
BRDA:2099,295,1,0
BRDA:2100,296,0,1
BRDA:2100,296,1,8
BRDA:2105,297,0,8
BRDA:2105,297,1,0
BRDA:2107,298,0,8
BRDA:2107,298,1,1
BRDA:2108,299,0,8
BRDA:2108,299,1,0
BRDA:2113,300,0,0
BRDA:2113,300,1,0
BRDA:2115,301,0,0
BRDA:2115,301,1,8
BRDA:2116,302,0,0
BRDA:2116,302,1,0
BRDA:2121,303,0,0
BRDA:2121,303,1,0
BRDA:2123,304,0,0
BRDA:2123,304,1,0
BRDA:2124,305,0,0
BRDA:2124,305,1,0
BRDA:2129,306,0,0
BRDA:2129,306,1,0
BRDA:2131,307,0,0
BRDA:2131,307,1,0
BRDA:2132,308,0,0
BRDA:2132,308,1,0
BRDA:2137,309,0,0
BRDA:2137,309,1,0
BRDA:2144,310,0,9
BRDA:2144,310,1,0
BRDA:2161,311,0,0
BRDA:2161,311,1,0
BRDA:2164,312,0,0
BRDA:2164,312,1,0
BRDA:2169,313,0,0
BRDA:2169,313,1,0
BRDA:2188,314,0,1
BRDA:2188,314,1,0
BRDA:2193,315,0,0
BRDA:2193,315,1,0
BRDA:2195,316,0,1
BRDA:2195,316,1,0
BRDA:2211,317,0,1
BRDA:2211,317,1,0
BRDA:2216,318,0,0
BRDA:2216,318,1,0
BRDA:2218,319,0,1
BRDA:2218,319,1,0
BRDA:2234,320,0,24
BRDA:2234,320,1,76
BRDA:2239,321,0,76
BRDA:2239,321,1,0
BRDA:2241,322,0,76
BRDA:2241,322,1,24
BRDA:2242,323,0,0
BRDA:2242,323,1,76
BRDA:2247,324,0,76
BRDA:2247,324,1,0
BRDA:2252,325,0,0
BRDA:2252,325,1,24
BRDA:2257,326,0,24
BRDA:2257,326,1,0
BRDA:2259,327,0,24
BRDA:2259,327,1,0
BRDA:2260,328,0,0
BRDA:2260,328,1,24
BRDA:2265,329,0,24
BRDA:2265,329,1,0
BRDA:2277,330,0,26
BRDA:2277,330,1,4
BRDA:2282,331,0,4
BRDA:2282,331,1,0
BRDA:2284,332,0,26
BRDA:2284,332,1,4
BRDA:2287,333,0,96
BRDA:2287,333,1,26
BRDA:2292,334,0,26
BRDA:2292,334,1,0
BRDA:2304,335,0,6
BRDA:2304,335,1,0
BRDA:2304,336,0,6
BRDA:2304,336,1,6
BRDA:2307,337,0,0
BRDA:2307,337,1,0
BRDA:2307,338,0,0
BRDA:2307,338,1,0
BRDA:2313,339,0,0
BRDA:2313,339,1,0
BRDA:2314,340,0,0
BRDA:2314,340,1,0
BRF:684
BRH:138
end_of_record
